#
#
#   Plasma Parameters
#    electron and ion temp [keV]:   0.1000D+01   0.1000D+01
#    number density nb   [cm^-3]:   0.2000D+27   0.1000D+27  0.1000D+27
#    mass array mb         [amu]:   0.5486D-03   0.2015D+01  0.3022D+01
#    mass array mb         [keV]:   0.5110D+03   0.1877D+07  0.2815D+07
#    charge array zb            :  -0.1000D+01   0.1000D+01  0.1000D+01
#
#
#   Projectile Parameters
#    charge      :   0.2000D+01
#    mass   [amu]:   0.4029D+01
#    mass   [keV]:   0.3753D+07
#    energy [keV]:   0.3540D+04
#
#          E [MeV]          dedx_e               dedx_I               dedx_tot
#
     0   0.17700000E-01   0.1386326598489E+00   0.3754887492902E+01   0.3893520152752E+01   0.4111806122737E+00   0.3758142595985E+01   0.4169323208258E+01  -0.2725479524248E+00  -0.3255103081837E-02  -0.2758030555066E+00
     1   0.35400000E-01   0.2656112291347E+00   0.2336386729306E+01   0.2601997958441E+01   0.6684998470476E+00   0.2339848888318E+01   0.3008348735366E+01  -0.4028886179130E+00  -0.3462159011941E-02  -0.4063507769249E+00
     2   0.70800000E-01   0.4631815093800E+00   0.1375758298229E+01   0.1838939807609E+01   0.1044414833157E+01   0.1379348058416E+01   0.2423762891573E+01  -0.5812333237769E+00  -0.3589760187278E-02  -0.5848230839641E+00
     3   0.10620000E+00   0.6086784311598E+00   0.9929940865204E+00   0.1601672517680E+01   0.1324271625286E+01   0.9966477487936E+00   0.2320919374080E+01  -0.7155931941265E+00  -0.3653662273254E-02  -0.7192468563997E+00
     4   0.14160000E+00   0.7271740875823E+00   0.7834725138843E+00   0.1510646601467E+01   0.1554805174237E+01   0.7871726268412E+00   0.2341977801078E+01  -0.8276310866548E+00  -0.3700112956850E-02  -0.8313311996116E+00
     5   0.17700000E+00   0.8293160847212E+00   0.6501064407751E+00   0.1479422525496E+01   0.1754802093937E+01   0.6538443181011E+00   0.2408646412038E+01  -0.9254860092154E+00  -0.3737877325914E-02  -0.9292238865413E+00
     6   0.21240000E+00   0.9204126869136E+00   0.5572526336523E+00   0.1477665320566E+01   0.1933690038748E+01   0.5610466792742E+00   0.2494736718022E+01  -0.1013277351835E+01  -0.3794045621937E-02  -0.1017071397456E+01
     7   0.24780000E+00   0.1003483325284E+01   0.4886384485108E+00   0.1492121773795E+01   0.2096918310217E+01   0.4925016506985E+00   0.2589419960916E+01  -0.1093434984933E+01  -0.3863202187659E-02  -0.1097298187121E+01
     8   0.28320000E+00   0.1080413396073E+01   0.4357450754554E+00   0.1516158471528E+01   0.2247949086978E+01   0.4396720851684E+00   0.2687621172147E+01  -0.1167535690905E+01  -0.3927009713027E-02  -0.1171462700618E+01
     9   0.31860000E+00   0.1152462489840E+01   0.3936492347136E+00   0.1546111724553E+01   0.2389134644910E+01   0.3976322172304E+00   0.2786766862140E+01  -0.1236672155070E+01  -0.3982982516758E-02  -0.1240655137587E+01
    10   0.35400000E+00   0.1220519867961E+01   0.3593020873762E+00   0.1579821955337E+01   0.2522158836640E+01   0.3633338226936E+00   0.2885492659334E+01  -0.1301638968679E+01  -0.4031735317388E-02  -0.1305670703997E+01
    11   0.38940000E+00   0.1285237293642E+01   0.3307126690197E+00   0.1615949962662E+01   0.2648272976867E+01   0.3347865731500E+00   0.2983059550017E+01  -0.1363035683225E+01  -0.4073904130340E-02  -0.1367109587355E+01
    12   0.42480000E+00   0.1347107260073E+01   0.3065236491338E+00   0.1653630909207E+01   0.2768435362090E+01   0.3106337056364E+00   0.3079069067726E+01  -0.1421328102017E+01  -0.4110056502577E-02  -0.1425438158519E+01
    13   0.46020000E+00   0.1406513789010E+01   0.2857763461293E+00   0.1692290135139E+01   0.2883400596336E+01   0.2899170666924E+00   0.3173317663028E+01  -0.1476886807326E+01  -0.4140720563090E-02  -0.1481027527889E+01
    14   0.49560000E+00   0.1463764069633E+01   0.2677737268456E+00   0.1731537796478E+01   0.2993776549250E+01   0.2719401196625E+00   0.3265716668912E+01  -0.1530012479617E+01  -0.4166392816936E-02  -0.1534178872434E+01
    15   0.53100000E+00   0.1519104791660E+01   0.2519966047850E+00   0.1771101396445E+01   0.3100057948479E+01   0.2561841430121E+00   0.3356242091491E+01  -0.1580953156819E+01  -0.4187538227100E-02  -0.1585140695046E+01
    16   0.56640000E+00   0.1572739055366E+01   0.2380502356279E+00   0.1810789290994E+01   0.3202655420880E+01   0.2422548245409E+00   0.3444910245421E+01  -0.1629916365514E+01  -0.4204588912950E-02  -0.1634120954427E+01
    17   0.60180000E+00   0.1624836743412E+01   0.2256290342016E+00   0.1850465777614E+01   0.3301914616243E+01   0.2298469776340E+00   0.3531761593877E+01  -0.1677077872831E+01  -0.4217943432363E-02  -0.1681295816264E+01
    18   0.63720000E+00   0.1675541071803E+01   0.2144926050357E+00   0.1890033676839E+01   0.3398129215507E+01   0.2187205720670E+00   0.3616849787574E+01  -0.1722588143704E+01  -0.4227967031260E-02  -0.1726816110736E+01
    19   0.67260000E+00   0.1724973986221E+01   0.2044490821230E+00   0.1929423068344E+01   0.3491551185322E+01   0.2086840748525E+00   0.3700235260174E+01  -0.1766577199101E+01  -0.4234992729445E-02  -0.1770812191830E+01
    20   0.70800000E+00   0.1773239570982E+01   0.1953433297560E+00   0.1968582900738E+01   0.3582397905467E+01   0.1995826527477E+00   0.3781980558215E+01  -0.1809158334486E+01  -0.4239322991625E-02  -0.1813397657477E+01
    21   0.74340000E+00   0.1820430284175E+01   0.1870484454229E+00   0.2007478729597E+01   0.3670861293681E+01   0.1912896771707E+00   0.3862150970852E+01  -0.1850431009506E+01  -0.4241231747770E-02  -0.1854672241254E+01
    22   0.77880000E+00   0.1866625056275E+01   0.1794595397648E+00   0.2046084596040E+01   0.3757108180562E+01   0.1837005063437E+00   0.3940808686906E+01  -0.1890483124287E+01  -0.4240966578902E-02  -0.1894724090866E+01
    23   0.81420000E+00   0.1911894735783E+01   0.1724891222256E+00   0.2084383858009E+01   0.3841287570280E+01   0.1767278731633E+00   0.4018015443443E+01  -0.1929392834497E+01  -0.4238750937717E-02  -0.1933631585435E+01
    24   0.84960000E+00   0.1956301800502E+01   0.1660636186421E+00   0.2122365419144E+01   0.3923531815138E+01   0.1702984049595E+00   0.4093830220098E+01  -0.1967230014636E+01  -0.4234786317419E-02  -0.1971464800953E+01
    25   0.88500000E+00   0.1999900968675E+01   0.1601207076496E+00   0.2160021676325E+01   0.4003958418225E+01   0.1643499619647E+00   0.4168308380190E+01  -0.2004057449550E+01  -0.4229254315097E-02  -0.2008286703866E+01
    26   0.92040000E+00   0.2042743213267E+01   0.1546072542092E+00   0.2197350467476E+01   0.4082675026769E+01   0.1588295727687E+00   0.4241504599537E+01  -0.2039931813502E+01  -0.4222318559473E-02  -0.2044154132061E+01
    27   0.95580000E+00   0.2084871698188E+01   0.1494776855021E+00   0.2234349383690E+01   0.4159776179583E+01   0.1536918119910E+00   0.4313467991574E+01  -0.2074904481395E+01  -0.4214126488887E-02  -0.2079118607883E+01
    28   0.99120000E+00   0.2126328084882E+01   0.1446926995766E+00   0.2271020784458E+01   0.4235350290971E+01   0.1488975105526E+00   0.4384247801524E+01  -0.2109022206090E+01  -0.4204810976027E-02  -0.2113227017066E+01
    29   0.10266000E+01   0.2167147617322E+01   0.1402182280974E+00   0.2307365845420E+01   0.4309475305237E+01   0.1444127199000E+00   0.4453888025137E+01  -0.2142327687914E+01  -0.4194491802618E-02  -0.2146522179717E+01
    30   0.10620000E+01   0.2207363820004E+01   0.1360245963405E+00   0.2343388416345E+01   0.4382223876659E+01   0.1402078733319E+00   0.4522431749991E+01  -0.2174860056655E+01  -0.4183276991406E-02  -0.2179043333646E+01
    31   0.10974000E+01   0.2247007204861E+01   0.1320858372801E+00   0.2379093042141E+01   0.4453662486814E+01   0.1362571012851E+00   0.4589919588099E+01  -0.2206655281953E+01  -0.4171264004979E-02  -0.2210826545958E+01
    32   0.11328000E+01   0.2286104870854E+01   0.1283791290297E+00   0.2414483999884E+01   0.4523851395574E+01   0.1325376698517E+00   0.4656389065426E+01  -0.2237746524720E+01  -0.4158540822014E-02  -0.2241905065542E+01
    33   0.11682000E+01   0.2324681396296E+01   0.1248843302940E+00   0.2449565726590E+01   0.4592845835916E+01   0.1290295171958E+00   0.4721875353112E+01  -0.2268164439620E+01  -0.4145186901785E-02  -0.2272309626522E+01
    34   0.12036000E+01   0.2362752952759E+01   0.1215835951639E+00   0.2484336547923E+01   0.4660690389481E+01   0.1257148692115E+00   0.4786405258692E+01  -0.2297937436722E+01  -0.4131274047564E-02  -0.2302068710769E+01
    35   0.12390000E+01   0.2400349419481E+01   0.1184610521893E+00   0.2518810471671E+01   0.4727441328352E+01   0.1225779193683E+00   0.4850019247721E+01  -0.2327091908871E+01  -0.4116867178947E-02  -0.2331208776050E+01
    36   0.12744000E+01   0.2437487198095E+01   0.1155025358040E+00   0.2552989733899E+01   0.4793139628221E+01   0.1196045608266E+00   0.4912744189048E+01  -0.2355652430126E+01  -0.4102025022502E-02  -0.2359754455149E+01
    37   0.13098000E+01   0.2474186203863E+01   0.1126953605615E+00   0.2586881564425E+01   0.4857828133515E+01   0.1167821612908E+00   0.4974610294805E+01  -0.2383641929651E+01  -0.4086800729353E-02  -0.2387728730381E+01
    38   0.13452000E+01   0.2510465304264E+01   0.1100281305137E+00   0.2620493434778E+01   0.4921547148938E+01   0.1140993729412E+00   0.5035646521880E+01  -0.2411081844675E+01  -0.4071242427508E-02  -0.2415153087102E+01
    39   0.13806000E+01   0.2546339713605E+01   0.1074905775527E+00   0.2653830291158E+01   0.4984331969138E+01   0.1115459712687E+00   0.5095877940407E+01  -0.2437992255533E+01  -0.4055393716020E-02  -0.2442047649249E+01
    40   0.14160000E+01   0.2581821265187E+01   0.1050734237132E+00   0.2686894688900E+01   0.5046213270482E+01   0.1091127178205E+00   0.5155325988303E+01  -0.2464392005296E+01  -0.4039294107307E-02  -0.2468431299403E+01
    41   0.14514000E+01   0.2616923842332E+01   0.1027682633841E+00   0.2719692105716E+01   0.5107222648413E+01   0.1067912428075E+00   0.5214013891220E+01  -0.2490298806081E+01  -0.4022979423326E-02  -0.2494321785504E+01
    42   0.14868000E+01   0.2651661447070E+01   0.1005674621302E+00   0.2752228909200E+01   0.5167390780899E+01   0.1045739442809E+00   0.5271964725180E+01  -0.2515729333829E+01  -0.4006482150635E-02  -0.2519735815980E+01
    43   0.15222000E+01   0.2686050654618E+01   0.9846406943126E-01   0.2784514724049E+01   0.5226749967655E+01   0.1024539011901E+00   0.5329203868845E+01  -0.2540699313036E+01  -0.3989831758856E-02  -0.2544689144795E+01
    44   0.15576000E+01   0.2720094137937E+01   0.9645174313414E-01   0.2816545881071E+01   0.5285317730658E+01   0.1004247981207E+00   0.5385742528779E+01  -0.2565223592721E+01  -0.3973054986559E-02  -0.2569196647707E+01
    45   0.15930000E+01   0.2753810743029E+01   0.9452468380429E-01   0.2848335426834E+01   0.5343126957737E+01   0.9848085990235E-01   0.5441607817639E+01  -0.2589316214708E+01  -0.3956176098068E-02  -0.2593272390806E+01
    46   0.16284000E+01   0.2787202245061E+01   0.9267757747804E-01   0.2879879822539E+01   0.5400192720228E+01   0.9661679459244E-01   0.5496809514821E+01  -0.2612990475167E+01  -0.3939217114402E-02  -0.2616929692281E+01
    47   0.16638000E+01   0.2820286125975E+01   0.9090554557418E-01   0.2911191671549E+01   0.5456545106173E+01   0.9482774359526E-01   0.5551372849769E+01  -0.2636258980198E+01  -0.3922198021086E-02  -0.2640181178219E+01
    48   0.16992000E+01   0.2853067275496E+01   0.8920410093003E-01   0.2942271376426E+01   0.5512200971658E+01   0.9310923788538E-01   0.5605310209544E+01  -0.2659133696162E+01  -0.3905136955352E-02  -0.2663038833118E+01
    49   0.17346000E+01   0.2885552015354E+01   0.8756910909681E-01   0.2973121124451E+01   0.5567178010701E+01   0.9145715947171E-01   0.5658635170173E+01  -0.2681625995347E+01  -0.3888050374902E-02  -0.2685514045722E+01
    50   0.17700000E+01   0.2917749284410E+01   0.8599675416736E-01   0.3003746038578E+01   0.5621495981902E+01   0.8986770737756E-01   0.5711363689279E+01  -0.2703746697491E+01  -0.3870953210206E-02  -0.2707617650702E+01
    51   0.18054000E+01   0.2949668561177E+01   0.8448350852347E-01   0.3034152069701E+01   0.5675174668799E+01   0.8833736752550E-01   0.5763512036324E+01  -0.2725506107622E+01  -0.3853859002032E-02  -0.2729359966624E+01
    52   0.18408000E+01   0.2981317246226E+01   0.8302610598364E-01   0.3064343352210E+01   0.5728231296814E+01   0.8686288600944E-01   0.5815094182823E+01  -0.2746914050588E+01  -0.3836780025795E-02  -0.2750750830613E+01
    53   0.18762000E+01   0.3012700509473E+01   0.8162151791043E-01   0.3094322027383E+01   0.5780680412123E+01   0.8544124531447E-01   0.5866121657438E+01  -0.2767979902650E+01  -0.3819727404035E-02  -0.2771799630054E+01
    54   0.19116000E+01   0.3043823052709E+01   0.8026693190098E-01   0.3124089984610E+01   0.5832535673131E+01   0.8406964310927E-01   0.5916605316240E+01  -0.2788712620422E+01  -0.3802711208293E-02  -0.2792515331630E+01
    55   0.19470000E+01   0.3074691870356E+01   0.7895973273877E-01   0.3153651603095E+01   0.5883812637783E+01   0.8274547329020E-01   0.5966558111073E+01  -0.2809120767427E+01  -0.3785740551429E-02  -0.2812906507978E+01
    56   0.19824000E+01   0.3105314275539E+01   0.7769748533016E-01   0.3183011760869E+01   0.5934526814055E+01   0.8146630900152E-01   0.6015993123056E+01  -0.2829212538516E+01  -0.3768823671364E-02  -0.2832981362187E+01
    57   0.20178000E+01   0.3135698715232E+01   0.7647791938715E-01   0.3212176634619E+01   0.5984694497580E+01   0.8022988739426E-01   0.6064924384974E+01  -0.2848995782348E+01  -0.3751968007105E-02  -0.2852747750355E+01
    58   0.20532000E+01   0.3165842070737E+01   0.7529891565083E-01   0.3241140986388E+01   0.6034320092859E+01   0.7903409591864E-01   0.6113354188778E+01  -0.2868478022122E+01  -0.3735180267809E-02  -0.2872213202390E+01
    59   0.20886000E+01   0.3195758625762E+01   0.7415849347682E-01   0.3269917119239E+01   0.6083425100479E+01   0.7787695997241E-01   0.6161302060452E+01  -0.2887666474717E+01  -0.3718466495593E-02  -0.2891384941213E+01
    60   0.21240000E+01   0.3225444567658E+01   0.7305479962773E-01   0.3298499367286E+01   0.6132012636058E+01   0.7675663175040E-01   0.6208769267809E+01  -0.2906568068400E+01  -0.3701832122670E-02  -0.2910269900523E+01
    61   0.21594000E+01   0.3254907396322E+01   0.7198609813035E-01   0.3326893494453E+01   0.6180096855543E+01   0.7567138015374E-01   0.6255768235697E+01  -0.2925189459220E+01  -0.3685282023396E-02  -0.2928874741244E+01
    62   0.21948000E+01   0.3284156899530E+01   0.7095076112396E-01   0.3355107660654E+01   0.6227693945744E+01   0.7461958168565E-01   0.6302313527430E+01  -0.2943537046214E+01  -0.3668820561689E-02  -0.2947205866775E+01
    63   0.22302000E+01   0.3313188961608E+01   0.6994726048291E-01   0.3383136222091E+01   0.6274805947127E+01   0.7359971211719E-01   0.6348405659244E+01  -0.2961616985519E+01  -0.3652451634280E-02  -0.2965269437153E+01
    64   0.22656000E+01   0.3342012277211E+01   0.6897416027737E-01   0.3410986437488E+01   0.6321447480711E+01   0.7261033898755E-01   0.6394057819699E+01  -0.2979435203501E+01  -0.3636178710175E-02  -0.2983071382211E+01
    65   0.23010000E+01   0.3370629976024E+01   0.6803010987405E-01   0.3438660085898E+01   0.6367627384989E+01   0.7165011474075E-01   0.6439277499730E+01  -0.2996997408965E+01  -0.3620004866701E-02  -0.3000617413832E+01
    66   0.23364000E+01   0.3399044073507E+01   0.6711383765503E-01   0.3466157911162E+01   0.6413353178046E+01   0.7071777047747E-01   0.6484070948524E+01  -0.3014309104540E+01  -0.3603932822432E-02  -0.3017913037362E+01
    67   0.23718000E+01   0.3427262841502E+01   0.6622414528437E-01   0.3493486986786E+01   0.6458638438795E+01   0.6981211025168E-01   0.6528450549047E+01  -0.3031375597293E+01  -0.3587964967307E-02  -0.3034963562261E+01
    68   0.24072000E+01   0.3455283875338E+01   0.6535990246739E-01   0.3520643777806E+01   0.6503485883989E+01   0.6893200585757E-01   0.6572417889847E+01  -0.3048202008651E+01  -0.3572103390176E-02  -0.3051774112041E+01
    69   0.24426000E+01   0.3483112786383E+01   0.6452004215412E-01   0.3547632828537E+01   0.6547906070047E+01   0.6807639205814E-01   0.6615982462105E+01  -0.3064793283664E+01  -0.3556349904024E-02  -0.3068349633568E+01
    70   0.24780000E+01   0.3510751177732E+01   0.6370355614337E-01   0.3574454733876E+01   0.6591905377418E+01   0.6724426221244E-01   0.6659149639630E+01  -0.3081154199686E+01  -0.3540706069070E-02  -0.3084694905755E+01
    71   0.25134000E+01   0.3538207019610E+01   0.6290949104919E-01   0.3601116510659E+01   0.6635496394108E+01   0.6643466426313E-01   0.6701931058371E+01  -0.3097289374499E+01  -0.3525173213937E-02  -0.3100814547713E+01
    72   0.25488000E+01   0.3565477503197E+01   0.6213694459507E-01   0.3627614447792E+01   0.6678680777132E+01   0.6564669705014E-01   0.6744327474182E+01  -0.3113203273935E+01  -0.3509752455071E-02  -0.3116713026390E+01
    73   0.25842000E+01   0.3592567503246E+01   0.6138506220542E-01   0.3653952565452E+01   0.6721467722275E+01   0.6487950691996E-01   0.6786347229195E+01  -0.3128900219029E+01  -0.3494444714547E-02  -0.3132394663743E+01
    74   0.26196000E+01   0.3619478513064E+01   0.6065303386683E-01   0.3680131546931E+01   0.6763862905797E+01   0.6413228460325E-01   0.6827995190400E+01  -0.3144384392733E+01  -0.3479250736417E-02  -0.3147863643470E+01
    75   0.26550000E+01   0.3646217409250E+01   0.5994009123455E-01   0.3706157500484E+01   0.6805877255490E+01   0.6340426233628E-01   0.6869281517827E+01  -0.3159659846241E+01  -0.3464171101724E-02  -0.3163124017342E+01
    76   0.26904000E+01   0.3672781697226E+01   0.5924550496214E-01   0.3732027202188E+01   0.6847512202152E+01   0.6269471120443E-01   0.6910206913356E+01  -0.3174730504926E+01  -0.3449206242287E-02  -0.3178179711168E+01
    77   0.27258000E+01   0.3699175634090E+01   0.5856858223443E-01   0.3757744216324E+01   0.6888775808035E+01   0.6200293868781E-01   0.6950778746723E+01  -0.3189600173945E+01  -0.3434356453384E-02  -0.3193034530399E+01
    78   0.27612000E+01   0.3725403423794E+01   0.5790866448611E-01   0.3783312088281E+01   0.6929675967310E+01   0.6132828639151E-01   0.6991004253701E+01  -0.3204272543515E+01  -0.3419621905400E-02  -0.3207692165421E+01
    79   0.27966000E+01   0.3751462348028E+01   0.5726512528972E-01   0.3808727473318E+01   0.6970213541920E+01   0.6067012794427E-01   0.7030883669864E+01  -0.3218751193891E+01  -0.3405002654551E-02  -0.3222156196546E+01
    80   0.28320000E+01   0.3777360867066E+01   0.5663736839867E-01   0.3833998235464E+01   0.7010400467134E+01   0.6002786705141E-01   0.7070428334185E+01  -0.3233039600068E+01  -0.3390498652744E-02  -0.3236430098721E+01
    81   0.28674000E+01   0.3803095858923E+01   0.5602482593214E-01   0.3859120684855E+01   0.7050236995143E+01   0.5940093568879E-01   0.7109637930832E+01  -0.3247141136221E+01  -0.3376109756655E-02  -0.3250517245977E+01
    82   0.29028000E+01   0.3828671335767E+01   0.5542695669005E-01   0.3884098292457E+01   0.7089730415671E+01   0.5878879242614E-01   0.7148519208097E+01  -0.3261059079904E+01  -0.3361835736090E-02  -0.3264420915640E+01
    83   0.29382000E+01   0.3854091250720E+01   0.5484324458731E-01   0.3908934495308E+01   0.7128887866746E+01   0.5819092086899E-01   0.7187078787615E+01  -0.3274796616026E+01  -0.3347676281683E-02  -0.3278144292308E+01
    84   0.29736000E+01   0.3879352131337E+01   0.5427319719773E-01   0.3933625328534E+01   0.7167708971945E+01   0.5760682820972E-01   0.7225315800155E+01  -0.3288356840608E+01  -0.3333631011985E-02  -0.3291690471620E+01
    85   0.30090000E+01   0.3904462549557E+01   0.5371634439864E-01   0.3958178893956E+01   0.7206205313909E+01   0.5703604387864E-01   0.7263241357788E+01  -0.3301742764352E+01  -0.3319699480001E-02  -0.3305062463832E+01
    86   0.30444000E+01   0.3929419021038E+01   0.5317223710822E-01   0.3982591258146E+01   0.7244376337056E+01   0.5647811828744E-01   0.7300854455343E+01  -0.3314957316017E+01  -0.3305881179213E-02  -0.3318263197197E+01
    87   0.30798000E+01   0.3954225192900E+01   0.5264044610833E-01   0.4006865639008E+01   0.7282228538527E+01   0.5593262165746E-01   0.7338161160185E+01  -0.3328003345627E+01  -0.3292175549130E-02  -0.3331295521177E+01
    88   0.31152000E+01   0.3978884637834E+01   0.5212056094599E-01   0.4031005198780E+01   0.7319768265349E+01   0.5539914292640E-01   0.7375167408275E+01  -0.3340883627515E+01  -0.3278581980408E-02  -0.3344162209495E+01
    89   0.31506000E+01   0.4003397129759E+01   0.5161218890763E-01   0.4055009318666E+01   0.7356997992969E+01   0.5487728872720E-01   0.7411875281696E+01  -0.3353600863210E+01  -0.3265099819569E-02  -0.3356865963030E+01
    90   0.31860000E+01   0.4027761114689E+01   0.5111495406043E-01   0.4078876068750E+01   0.7393918798883E+01   0.5436668243379E-01   0.7448285481316E+01  -0.3366157684193E+01  -0.3251728373356E-02  -0.3369409412567E+01
    91   0.32214000E+01   0.4051984172228E+01   0.5062849635568E-01   0.4102612668584E+01   0.7430540826732E+01   0.5386696326843E-01   0.7484407790000E+01  -0.3378556654504E+01  -0.3238466912745E-02  -0.3381795121417E+01
    92   0.32568000E+01   0.4076063085231E+01   0.5015247078981E-01   0.4126215556021E+01   0.7466863358462E+01   0.5337778546646E-01   0.7520241143929E+01  -0.3390800273231E+01  -0.3225314676647E-02  -0.3394025587908E+01
    93   0.32922000E+01   0.4100001078195E+01   0.4968654661811E-01   0.4149687624813E+01   0.7502892055076E+01   0.5289881749344E-01   0.7555790872569E+01  -0.3402890976881E+01  -0.3212270875330E-02  -0.3406103247756E+01
    94   0.33276000E+01   0.4123801395106E+01   0.4923040661823E-01   0.4173031801725E+01   0.7538632536736E+01   0.5242974131179E-01   0.7591062278048E+01  -0.3414831141630E+01  -0.3199334693561E-02  -0.3418030476323E+01
    95   0.33630000E+01   0.4147463464925E+01   0.4878374639917E-01   0.4196247211324E+01   0.7574086550405E+01   0.5197025169268E-01   0.7626056802098E+01  -0.3426623085480E+01  -0.3186505293514E-02  -0.3429809590774E+01
    96   0.33984000E+01   0.4170985897325E+01   0.4834627375263E-01   0.4219332171077E+01   0.7609254967632E+01   0.5152005557008E-01   0.7660775023202E+01  -0.3438269070307E+01  -0.3173781817453E-02  -0.3441442852125E+01
    97   0.34338000E+01   0.4194375772024E+01   0.4791770804394E-01   0.4242293480068E+01   0.7644147075843E+01   0.5107887143415E-01   0.7695225947277E+01  -0.3449771303818E+01  -0.3161163390202E-02  -0.3452932467209E+01
    98   0.34692000E+01   0.4217629629095E+01   0.4749777963950E-01   0.4265127408734E+01   0.7678761570514E+01   0.5064642876092E-01   0.7729407999275E+01  -0.3461131941420E+01  -0.3148649121418E-02  -0.3464280590541E+01
    99   0.35046000E+01   0.4240752194526E+01   0.4708622936833E-01   0.4287838423894E+01   0.7713105282528E+01   0.5022246747602E-01   0.7763327750004E+01  -0.3472353088001E+01  -0.3136238107698E-02  -0.3475489326109E+01
   100   0.35400000E+01   0.4263741264665E+01   0.4668280801535E-01   0.4310424072680E+01   0.7747178064309E+01   0.4980673744987E-01   0.7796984801759E+01  -0.3483436799644E+01  -0.3123929434512E-02  -0.3486560729078E+01
