#
#
#   Plasma Parameters
#    electron and ion temp [keV]:   0.1000D+01   0.1000D+01
#    number density nb   [cm^-3]:   0.2000D+27   0.1000D+27  0.1000D+27
#    mass array mb         [amu]:   0.5486D-03   0.2015D+01  0.3022D+01
#    mass array mb         [keV]:   0.5110D+03   0.1877D+07  0.2815D+07
#    charge array zb            :  -0.1000D+01   0.1000D+01  0.1000D+01
#
#
#   Projectile Parameters
#    charge      :   0.2000D+01
#    mass   [amu]:   0.4029D+01
#    mass   [keV]:   0.3753D+07
#    energy [keV]:   0.3540D+04
#  ne[cm^-3]    Te[keV]    Ti[keV]        ge       gi          etae         ze/2**1.5
#  0.2000D+27  0.1000D+01  0.1000D+01  0.8663D-01  0.6126D-01  0.1650D+00  0.3702D+00
# ab  =  0.4820D+00  0.1770D+04  0.2655D+04
# etab=  0.3359D+00  0.3359D+00  0.3359D+00
#
#          E [MeV]          dedx_e               dedx_I               dedx_tot
#
     0   0.17700000E-01   0.2731285584347E+00   0.3621027632730E+01   0.3894156191165E+01   0.5456877034250E+00   0.3624283013639E+01   0.4169970717064E+01  -0.2725591449903E+00  -0.3255380908851E-02  -0.2758145258991E+00
     1   0.35400000E-01   0.3887639132525E+00   0.2213799773175E+01   0.2602563686427E+01   0.7916692870798E+00   0.2217262228970E+01   0.3008931516050E+01  -0.4029053738273E+00  -0.3462455795178E-02  -0.4063678296225E+00
     2   0.70800000E-01   0.5500997361709E+00   0.1288556166121E+01   0.1838655902292E+01   0.1131356993362E+01   0.1292146236662E+01   0.2423503230024E+01  -0.5812572571911E+00  -0.3590070541186E-02  -0.5848473277323E+00
     3   0.10620000E+00   0.6743509037366E+00   0.9269767150467E+00   0.1601327618783E+01   0.1389973699901E+01   0.9306306981008E+00   0.2320604398001E+01  -0.7156227961639E+00  -0.3653983054038E-02  -0.7192767792180E+00
     4   0.14160000E+00   0.7796833874491E+00   0.7306194506782E+00   0.1510302838127E+01   0.1607348909173E+01   0.7343200694022E+00   0.2341668978575E+01  -0.8276655217238E+00  -0.3700618724006E-02  -0.8313661404478E+00
     5   0.17700000E+00   0.8730092420960E+00   0.6061156762123E+00   0.1479124918308E+01   0.1798533535149E+01   0.6098543657575E+00   0.2408387900906E+01  -0.9255242930529E+00  -0.3738689545197E-02  -0.9292629825981E+00
     6   0.21240000E+00   0.9578572819711E+00   0.5196021234775E+00   0.1477459405449E+01   0.1971176328123E+01   0.5233966997646E+00   0.2494573027887E+01  -0.1013319046152E+01  -0.3794576287085E-02  -0.1017113622439E+01
     7   0.24780000E+00   0.1036317961337E+01   0.4557340544013E+00   0.1492052015738E+01   0.2129798617195E+01   0.4595976375743E+00   0.2589396254769E+01  -0.1093480655858E+01  -0.3863583173012E-02  -0.1097344239031E+01
     8   0.28320000E+00   0.1109753387182E+01   0.4065188995369E+00   0.1516272286719E+01   0.2277337623405E+01   0.4104462817513E+00   0.2687783905157E+01  -0.1167584236224E+01  -0.3927382214392E-02  -0.1171511618438E+01
     9   0.31860000E+00   0.1179106117109E+01   0.3673534593590E+00   0.1546459576468E+01   0.2415829472119E+01   0.3713368180976E+00   0.2787166290217E+01  -0.1236723355010E+01  -0.3983358738602E-02  -0.1240706713749E+01
    10   0.35400000E+00   0.1245062022038E+01   0.3353938325996E+00   0.1580455854637E+01   0.2546754660877E+01   0.3394259470077E+00   0.2886180607884E+01  -0.1301692638839E+01  -0.4032114408046E-02  -0.1305724753247E+01
    11   0.38940000E+00   0.1308137489858E+01   0.3087853689146E+00   0.1616922858772E+01   0.2671229860414E+01   0.3128596538126E+00   0.2984089514227E+01  -0.1363092370556E+01  -0.4074284898016E-02  -0.1367166655454E+01
    12   0.42480000E+00   0.1368734977399E+01   0.2862651019146E+00   0.1655000079314E+01   0.2790121971786E+01   0.2903755398203E+00   0.3080497511607E+01  -0.1421386994387E+01  -0.4110437905719E-02  -0.1425497432293E+01
    13   0.46020000E+00   0.1427172397865E+01   0.2669420216170E+00   0.1694114419482E+01   0.2904120180754E+01   0.2710831233288E+00   0.3175203304083E+01  -0.1476947782889E+01  -0.4141101711877E-02  -0.1481088884601E+01
    14   0.49560000E+00   0.1483706848656E+01   0.2501687849193E+00   0.1733875633576E+01   0.3013783073052E+01   0.2543355578797E+00   0.3268118630932E+01  -0.1530076224396E+01  -0.4166772960317E-02  -0.1534242997356E+01
    15   0.53100000E+00   0.1538552200497E+01   0.2354634167728E+00   0.1774015617270E+01   0.3119571005809E+01   0.2396513335098E+00   0.3359222339319E+01  -0.1581018805312E+01  -0.4187916737063E-02  -0.1585206722049E+01
    16   0.56640000E+00   0.1591884870154E+01   0.2224592526037E+00   0.1814344122758E+01   0.3221868699142E+01   0.2266642178723E+00   0.3448532917015E+01  -0.1629983828988E+01  -0.4204965268594E-02  -0.1634188794257E+01
    17   0.60180000E+00   0.1643854467025E+01   0.2108723377721E+00   0.1854726804797E+01   0.3321001537612E+01   0.2150906549771E+00   0.3536092192589E+01  -0.1677147070587E+01  -0.4218317204970E-02  -0.1681365387792E+01
    18   0.63720000E+00   0.1694588821705E+01   0.2004791170099E+00   0.1895067938715E+01   0.3417247823627E+01   0.2047074548808E+00   0.3621955278508E+01  -0.1722659001921E+01  -0.4228337870873E-02  -0.1726887339792E+01
    19   0.67260000E+00   0.1744196518084E+01   0.1911011921081E+00   0.1935297710192E+01   0.3510847647914E+01   0.1953365524612E+00   0.3706184200376E+01  -0.1766651129831E+01  -0.4235360353075E-02  -0.1770886490184E+01
    20   0.70800000E+00   0.1792776147979E+01   0.1825942846402E+00   0.1975370432619E+01   0.3602009978109E+01   0.1868339718132E+00   0.3788843949922E+01  -0.1809233830130E+01  -0.4239687173040E-02  -0.1813473517303E+01
    21   0.74340000E+00   0.1829964369625E+01   0.1748405194824E+00   0.2004804889108E+01   0.3680472380494E+01   0.1790821117911E+00   0.3859554492285E+01  -0.1850508010869E+01  -0.4241592308734E-02  -0.1854749603178E+01
    22   0.77880000E+00   0.1875459460750E+01   0.1677425521359E+00   0.2043202012886E+01   0.3766021037026E+01   0.1719838755176E+00   0.3938004912544E+01  -0.1890561576276E+01  -0.4241323381694E-02  -0.1894802899658E+01
    23   0.81420000E+00   0.1920060558288E+01   0.1612192588881E+00   0.2081279817176E+01   0.3849533243960E+01   0.1654583627669E+00   0.4014991606727E+01  -0.1929472685672E+01  -0.4239103878779E-02  -0.1933711789551E+01
    24   0.84960000E+00   0.1963824172599E+01   0.1552025090658E+00   0.2119026681665E+01   0.3931135389424E+01   0.1594376443877E+00   0.4090573033812E+01  -0.1967311216825E+01  -0.4235135321951E-02  -0.1971546352147E+01
    25   0.88500000E+00   0.2006800783770E+01   0.1496346029374E+00   0.2156435386707E+01   0.4010940741292E+01   0.1538642022699E+00   0.4164804943562E+01  -0.2004139957522E+01  -0.4229599332486E-02  -0.2008369556855E+01
    26   0.92040000E+00   0.2049034664233E+01   0.1444663835005E+00   0.2193501047733E+01   0.4089051326519E+01   0.1486890430599E+00   0.4237740369579E+01  -0.2040016662286E+01  -0.4222659559414E-02  -0.2044239321845E+01
    27   0.95580000E+00   0.2090568822573E+01   0.1396556511704E+00   0.2230224473744E+01   0.4165559394002E+01   0.1438701146285E+00   0.4309429508631E+01  -0.2074990571429E+01  -0.4214463458101E-02  -0.2079205034887E+01
    28   0.99120000E+00   0.2131439172632E+01   0.1351660465481E+00   0.2266605219180E+01   0.4240548671599E+01   0.1393711904636E+00   0.4379919862063E+01  -0.2109109498967E+01  -0.4205143915473E-02  -0.2113314642883E+01
    29   0.10266000E+01   0.2171679300459E+01   0.1309659634788E+00   0.2302645263938E+01   0.4314095447717E+01   0.1351607842039E+00   0.4449256231921E+01  -0.2142416147258E+01  -0.4194820725130E-02  -0.2146610967983E+01
    30   0.10620000E+01   0.2211318658398E+01   0.1270278952599E+00   0.2338346553658E+01   0.4386269461796E+01   0.1312114971796E+00   0.4517480958976E+01  -0.2174950803398E+01  -0.4183601919695E-02  -0.2179134405318E+01
    31   0.10974000E+01   0.2250387509555E+01   0.1233277067469E+00   0.2373715216302E+01   0.4457134654099E+01   0.1274992917169E+00   0.4584633945815E+01  -0.2206747144544E+01  -0.4171584969931E-02  -0.2210918729514E+01
    32   0.11328000E+01   0.2288910403644E+01   0.1198441749523E+00   0.2408754578596E+01   0.4526749875224E+01   0.1240030328136E+00   0.4650752908037E+01  -0.2237839471580E+01  -0.4158857861240E-02  -0.2241998329441E+01
    33   0.11682000E+01   0.2326910890486E+01   0.1165585782346E+00   0.2443469468720E+01   0.4595169331137E+01   0.1207040782930E+00   0.4715873409430E+01  -0.2268258440651E+01  -0.4145500058406E-02  -0.2272403940709E+01
    34   0.12036000E+01   0.2364403999563E+01   0.1134542407348E+00   0.2477858240298E+01   0.4662436462763E+01   0.1175858241039E+00   0.4780022286867E+01  -0.2298032463200E+01  -0.4131583369159E-02  -0.2302164046569E+01
    35   0.12390000E+01   0.2401414460326E+01   0.1105163989784E+00   0.2511930859304E+01   0.4728602393676E+01   0.1146335716950E+00   0.4843235965371E+01  -0.2327187933351E+01  -0.4117172716671E-02  -0.2331305106067E+01
    36   0.12744000E+01   0.2437962363034E+01   0.1077318106785E+00   0.2545694173712E+01   0.4793711789388E+01   0.1118341375088E+00   0.4905545926897E+01  -0.2355749426354E+01  -0.4102326830335E-02  -0.2359851753185E+01
    37   0.13098000E+01   0.2474065191491E+01   0.1050886329766E+00   0.2579153824467E+01   0.4857805063978E+01   0.1091757318401E+00   0.4966980795818E+01  -0.2383739872488E+01  -0.4087098863458E-02  -0.2387826971351E+01
    38   0.13452000E+01   0.2512226416827E+01   0.1025762297190E+00   0.2614802646546E+01   0.4923407126850E+01   0.1066477666647E+00   0.5030054893514E+01  -0.2411180710023E+01  -0.4071536945689E-02  -0.2415252246969E+01
    39   0.13806000E+01   0.2547719431053E+01   0.1001850043937E+00   0.2647904435447E+01   0.4985813544951E+01   0.1042406890709E+00   0.5090054234022E+01  -0.2438094113898E+01  -0.4055684677260E-02  -0.2442149798575E+01
    40   0.14160000E+01   0.2582833684473E+01   0.9790627427302E-01   0.2680739958746E+01   0.5047328447896E+01   0.1019458558444E+00   0.5149274303740E+01  -0.2464494763423E+01  -0.4039581571384E-02  -0.2468534344994E+01
    41   0.14514000E+01   0.2617580519012E+01   0.9573218587422E-01   0.2713312704886E+01   0.5107982961249E+01   0.9975544932469E-01   0.5207738410573E+01  -0.2490402442237E+01  -0.4023263450475E-02  -0.2494425705687E+01
    42   0.14868000E+01   0.2651972445058E+01   0.9365559601005E-01   0.2745628041068E+01   0.5167806272169E+01   0.9766235881132E-01   0.5265468630980E+01  -0.2515833827111E+01  -0.4006762801271E-02  -0.2519840589912E+01
    43   0.15222000E+01   0.2686021168333E+01   0.9167001491933E-01   0.2777691183252E+01   0.5226825811659E+01   0.9566012401267E-01   0.5322485935672E+01  -0.2540804643326E+01  -0.3990109093343E-02  -0.2544794752420E+01
    44   0.15576000E+01   0.2719737604210E+01   0.8976951997812E-01   0.2809507124188E+01   0.5285067344855E+01   0.9374284904313E-01   0.5378810193898E+01  -0.2565329740645E+01  -0.3973329065005E-02  -0.2569303069710E+01
    45   0.15930000E+01   0.2753132138423E+01   0.8794868821194E-01   0.2841080826635E+01   0.5342555300019E+01   0.9190513519211E-01   0.5434460435211E+01  -0.2589423161596E+01  -0.3956446980170E-02  -0.2593379608576E+01
    46   0.16284000E+01   0.2786214633127E+01   0.8620254057871E-01   0.2872417173706E+01   0.5399312836145E+01   0.9014202543801E-01   0.5489454861583E+01  -0.2613098203018E+01  -0.3939484859300E-02  -0.2617037687877E+01
    47   0.16638000E+01   0.2818994058220E+01   0.8452651337270E-01   0.2903520571592E+01   0.5455361529864E+01   0.8844897605995E-01   0.5543810505924E+01  -0.2636367471645E+01  -0.3922462687253E-02  -0.2640289934332E+01
    48   0.16992000E+01   0.2851478209197E+01   0.8291643482255E-01   0.2934394644019E+01   0.5510722586525E+01   0.8682183342305E-01   0.5597544419948E+01  -0.2659244377328E+01  -0.3905398600499E-02  -0.2663149775928E+01
    49   0.17346000E+01   0.2883678686150E+01   0.8136844355970E-01   0.2965047129710E+01   0.5565415149619E+01   0.8525675261561E-01   0.5650671902235E+01  -0.2681736463469E+01  -0.3888309055907E-02  -0.2685624772525E+01
    50   0.17700000E+01   0.2915600295167E+01   0.7987895429038E-01   0.2995479249458E+01   0.5619458184309E+01   0.8375016327343E-01   0.5703208347582E+01  -0.2703857889141E+01  -0.3871208983045E-02  -0.2707729098124E+01
    51   0.18054000E+01   0.2947251349289E+01   0.7844467864027E-01   0.3025696027930E+01   0.5672869356958E+01   0.8229879056201E-01   0.5755168147520E+01  -0.2725618007668E+01  -0.3854111921738E-02  -0.2729472119590E+01
    52   0.18408000E+01   0.2978638944322E+01   0.7706257023883E-01   0.3055701514561E+01   0.5725665588722E+01   0.8089960038525E-01   0.5806565189108E+01  -0.2747026644400E+01  -0.3837030146415E-02  -0.2750863674547E+01
    53   0.18762000E+01   0.3009769658470E+01   0.7572980392079E-01   0.3085499462391E+01   0.5777862834548E+01   0.7954977869940E-01   0.5857412613247E+01  -0.2768093176078E+01  -0.3819974778606E-02  -0.2771913150856E+01
    54   0.19116000E+01   0.3040648577167E+01   0.7444374349277E-01   0.3115092320660E+01   0.5829476660144E+01   0.7824669938159E-01   0.5907723359526E+01  -0.2788828082977E+01  -0.3802955888822E-02  -0.2792631038866E+01
    55   0.19470000E+01   0.3071284763063E+01   0.7320195887071E-01   0.3144486721933E+01   0.5880521656936E+01   0.7698794145959E-01   0.5957509598395E+01  -0.2809236893873E+01  -0.3785982588878E-02  -0.2813022876462E+01
    56   0.19824000E+01   0.3101682396306E+01   0.7200216798701E-01   0.3173684564293E+01   0.5931011712166E+01   0.7577123110266E-01   0.6006782943268E+01  -0.2829329315860E+01  -0.3769063115647E-02  -0.2833098378975E+01
    57   0.20178000E+01   0.3131847145763E+01   0.7084224500955E-01   0.3202689390772E+01   0.5980960343769E+01   0.7459444991663E-01   0.6055554793685E+01  -0.2849113198006E+01  -0.3752204907080E-02  -0.2852865402913E+01
    58   0.20532000E+01   0.3161784248641E+01   0.6972022745362E-01   0.3231504476094E+01   0.6030380312544E+01   0.7345564212490E-01   0.6103835954669E+01  -0.2868596063903E+01  -0.3735414671285E-02  -0.2872331478575E+01
    59   0.20886000E+01   0.3191498633114E+01   0.6863426343472E-01   0.3260132896549E+01   0.6079283763925E+01   0.7235296188406E-01   0.6151636725809E+01  -0.2887785130811E+01  -0.3718698449331E-02  -0.2891503829260E+01
    60   0.21240000E+01   0.3220995371798E+01   0.6758261492136E-01   0.3288577986720E+01   0.6127682699159E+01   0.7128467659376E-01   0.6198967375753E+01  -0.2906687327361E+01  -0.3702061672397E-02  -0.2910389389033E+01
    61   0.21594000E+01   0.3250279025623E+01   0.6656366517996E-01   0.3316842690803E+01   0.6175588335577E+01   0.7024917439378E-01   0.6245837509971E+01  -0.2925309309954E+01  -0.3685509213811E-02  -0.2928994819168E+01
    62   0.21948000E+01   0.3279353864877E+01   0.6557590489539E-01   0.3344929769773E+01   0.6223011342843E+01   0.6924495033187E-01   0.6292256293175E+01  -0.2943657477966E+01  -0.3669045436480E-02  -0.2947326523402E+01
    63   0.22302000E+01   0.3308224226741E+01   0.6461789271039E-01   0.3372842119452E+01   0.6269962214604E+01   0.6827056694652E-01   0.6338232781551E+01  -0.2961737987863E+01  -0.3652674236136E-02  -0.2965390662099E+01
    64   0.22656000E+01   0.3336894031819E+01   0.6368829812228E-01   0.3400582329941E+01   0.6316450798146E+01   0.6732469720309E-01   0.6383775495349E+01  -0.2979556766327E+01  -0.3636399080804E-02  -0.2983193165408E+01
    65   0.23010000E+01   0.3365364522323E+01   0.6278585956500E-01   0.3428150381888E+01   0.6362486694603E+01   0.6640608261185E-01   0.6428892777215E+01  -0.2997122172280E+01  -0.3620223046845E-02  -0.3000742395327E+01
    66   0.23364000E+01   0.3393644659500E+01   0.6190939050627E-01   0.3455554050006E+01   0.6408079084050E+01   0.6551353935816E-01   0.6473592623408E+01  -0.3014434424550E+01  -0.3604148851888E-02  -0.3018038573402E+01
    67   0.23718000E+01   0.3421735331075E+01   0.6105778544450E-01   0.3482793116519E+01   0.6453236795647E+01   0.6464596432945E-01   0.6517882759976E+01  -0.3031501464572E+01  -0.3588178884944E-02  -0.3035089643457E+01
    68   0.24072000E+01   0.3449639794106E+01   0.6022996984984E-01   0.3509869763956E+01   0.6497968208159E+01   0.6380228508380E-01   0.6561770493243E+01  -0.3048328414052E+01  -0.3572315233954E-02  -0.3051900729286E+01
    69   0.24426000E+01   0.3477361341323E+01   0.5942496324221E-01   0.3536786304565E+01   0.6542281559638E+01   0.6298152295322E-01   0.6605263082592E+01  -0.3064920218315E+01  -0.3556559711015E-02  -0.3068476778026E+01
    70   0.24780000E+01   0.3504902912813E+01   0.5864181990928E-01   0.3563544732722E+01   0.6586184567793E+01   0.6218273378476E-01   0.6648367301578E+01  -0.3081281654980E+01  -0.3540913875476E-02  -0.3084822568856E+01
    71   0.25134000E+01   0.3532267370157E+01   0.5787964906606E-01   0.3590147019223E+01   0.6629684712244E+01   0.6140502812117E-01   0.6691089740365E+01  -0.3097417342087E+01  -0.3525379055113E-02  -0.3100942721142E+01
    72   0.25488000E+01   0.3559457539333E+01   0.5713761493601E-01   0.3616595154269E+01   0.6672789285049E+01   0.6064757130155E-01   0.6733436856351E+01  -0.3113331745717E+01  -0.3509956365541E-02  -0.3116841702082E+01
    73   0.25842000E+01   0.3586475903817E+01   0.5641492501487E-01   0.3642890828832E+01   0.6715505090963E+01   0.5990957174290E-01   0.6775414662706E+01  -0.3129029187146E+01  -0.3494646728028E-02  -0.3132523833875E+01
    74   0.26196000E+01   0.3613324946777E+01   0.5571081887953E-01   0.3669035765657E+01   0.6757838796344E+01   0.5919026976537E-01   0.6817029066109E+01  -0.3144513849566E+01  -0.3479450885836E-02  -0.3147993300452E+01
    75   0.26550000E+01   0.3640006927405E+01   0.5502458157980E-01   0.3695031508985E+01   0.6799796711803E+01   0.5848895099904E-01   0.6858285662802E+01  -0.3159789784398E+01  -0.3464369419236E-02  -0.3163254153817E+01
    76   0.26904000E+01   0.3666524005088E+01   0.5435553177947E-01   0.3720879536867E+01   0.6841384922327E+01   0.5780493453877E-01   0.6899189856866E+01  -0.3174860917240E+01  -0.3449402759300E-02  -0.3178310319999E+01
    77   0.27258000E+01   0.3692876326705E+01   0.5370302733328E-01   0.3746579354039E+01   0.6882609163825E+01   0.5713757853385E-01   0.6939746742358E+01  -0.3189732837119E+01  -0.3434551200573E-02  -0.3193167388320E+01
    78   0.27612000E+01   0.3719069233865E+01   0.5306646079237E-01   0.3772135694658E+01   0.6923474909405E+01   0.5648627570510E-01   0.6979961185110E+01  -0.3204405675540E+01  -0.3419814912730E-02  -0.3207825490453E+01
    79   0.27966000E+01   0.3745102863523E+01   0.5244524115166E-01   0.3797548104675E+01   0.6963987651654E+01   0.5585043510295E-01   0.7019838086757E+01  -0.3218884788131E+01  -0.3405193951291E-02  -0.3222289982082E+01
    80   0.28320000E+01   0.3770978587259E+01   0.5183882075155E-01   0.3822817408011E+01   0.7004152237351E+01   0.5522950901904E-01   0.7059381746370E+01  -0.3233173650092E+01  -0.3390688267486E-02  -0.3236564338359E+01
    81   0.28674000E+01   0.3796697822998E+01   0.5124666284847E-01   0.3847944485847E+01   0.7043973458793E+01   0.5462296056580E-01   0.7098596419359E+01  -0.3247275635795E+01  -0.3376297717336E-02  -0.3250651933512E+01
    82   0.29028000E+01   0.3822261793560E+01   0.5066827873663E-01   0.3872930072297E+01   0.7083455816550E+01   0.5403030080664E-01   0.7137486117357E+01  -0.3261194022990E+01  -0.3362022070005E-02  -0.3264556045060E+01
    83   0.29382000E+01   0.3847657743395E+01   0.5010317199863E-01   0.3897760915393E+01   0.7122589740168E+01   0.5345103301414E-01   0.7176040773182E+01  -0.3274931996773E+01  -0.3347861015503E-02  -0.3278279857789E+01
    84   0.29736000E+01   0.3872912312748E+01   0.4955089892414E-01   0.3922463211672E+01   0.7161406817770E+01   0.5288471309591E-01   0.7214291530866E+01  -0.3288494505022E+01  -0.3333814171774E-02  -0.3291828319194E+01
    85   0.30090000E+01   0.3898016152486E+01   0.4901101070743E-01   0.3947027163194E+01   0.7199897015492E+01   0.5233089179867E-01   0.7252227907291E+01  -0.3301880863006E+01  -0.3319881091232E-02  -0.3305200744097E+01
    86   0.30444000E+01   0.3922968055191E+01   0.4848310739853E-01   0.3971451162590E+01   0.7238063898701E+01   0.5178916866532E-01   0.7289853067366E+01  -0.3315095843510E+01  -0.3306061266784E-02  -0.3318401904776E+01
    87   0.30798000E+01   0.3947768482483E+01   0.4796677489475E-01   0.3995735257378E+01   0.7275910779216E+01   0.5125912903213E-01   0.7327169908248E+01  -0.3328142296733E+01  -0.3292354137380E-02  -0.3331434650870E+01
    88   0.31152000E+01   0.3972417670620E+01   0.4746164042098E-01   0.4019879311041E+01   0.7313440667799E+01   0.5074039951411E-01   0.7364181067313E+01  -0.3341022997179E+01  -0.3278759093130E-02  -0.3344301756272E+01
    89   0.31506000E+01   0.3996915580949E+01   0.4696733778592E-01   0.4043882918735E+01   0.7350656227494E+01   0.5023261326595E-01   0.7400888840760E+01  -0.3353740646545E+01  -0.3265275480028E-02  -0.3357005922025E+01
    90   0.31860000E+01   0.4021262157232E+01   0.4648351782042E-01   0.4067745675052E+01   0.7387560033708E+01   0.4973542042472E-01   0.7437295454133E+01  -0.3366297876476E+01  -0.3251902604298E-02  -0.3369549779080E+01
    91   0.32214000E+01   0.4045457088418E+01   0.4600985239011E-01   0.4091466940808E+01   0.7424154339590E+01   0.4924849212652E-01   0.7473402831716E+01  -0.3378697251172E+01  -0.3238639736415E-02  -0.3381935890908E+01
    92   0.32568000E+01   0.4069499783468E+01   0.4554601411647E-01   0.4115045797584E+01   0.7460441053347E+01   0.4877150023127E-01   0.7509212553578E+01  -0.3390941269879E+01  -0.3225486114802E-02  -0.3394166755994E+01
    93   0.32922000E+01   0.4093389452824E+01   0.4509169813770E-01   0.4138481150962E+01   0.7496421822082E+01   0.4830413908695E-01   0.7544725961169E+01  -0.3403032369257E+01  -0.3212440949251E-02  -0.3406244810207E+01
    94   0.33276000E+01   0.4117125359130E+01   0.4464661634502E-01   0.4161771975475E+01   0.7532098284767E+01   0.4784611976909E-01   0.7579944404536E+01  -0.3414972925637E+01  -0.3199503424065E-02  -0.3418172429061E+01
    95   0.33630000E+01   0.4140706191032E+01   0.4421048572887E-01   0.4184916676761E+01   0.7567471448199E+01   0.4739715842984E-01   0.7614868606629E+01  -0.3426765257167E+01  -0.3186672700969E-02  -0.3429951929868E+01
    96   0.33984000E+01   0.4164130457901E+01   0.4378303721603E-01   0.4207913495117E+01   0.7602542083771E+01   0.4695698513782E-01   0.7649499068909E+01  -0.3438411625870E+01  -0.3173947921789E-02  -0.3441585573792E+01
    97   0.34338000E+01   0.4187396744986E+01   0.4336400969269E-01   0.4230760754678E+01   0.7637310984583E+01   0.4652533790361E-01   0.7683836322486E+01  -0.3449914239597E+01  -0.3161328210918E-02  -0.3453075567808E+01
    98   0.34692000E+01   0.4210499924825E+01   0.4295315007189E-01   0.4253453074897E+01   0.7671778334726E+01   0.4610196274949E-01   0.7717880297475E+01  -0.3461278409901E+01  -0.3148812677600E-02  -0.3464427222579E+01
    99   0.35046000E+01   0.4233444218764E+01   0.4255022344017E-01   0.4275994442204E+01   0.7705944159103E+01   0.4568662385820E-01   0.7751630782961E+01  -0.3472499940339E+01  -0.3136400418027E-02  -0.3475636340757E+01
   100   0.35400000E+01   0.4256224211262E+01   0.4215500448281E-01   0.4298379215745E+01   0.7739808243732E+01   0.4527909500009E-01   0.7785087338732E+01  -0.3483584032469E+01  -0.3124090517275E-02  -0.3486708122986E+01
