     0   0.17700000E+02  -0.1275905466213E+06   0.1351930731048E+17  -0.1210592445087E+07  -0.1276746612605E+06  -0.1083002876318E+07  -0.1210677537578E+07   0.8411463923406E+02   0.9778521404925E+00   0.8509249137455E+02
     1   0.35400000E+02  -0.9893003031444E+05   0.1806706156464E+16  -0.4318487847627E+06  -0.9898944997277E+05  -0.3329192581650E+06  -0.4319087081377E+06   0.5941965833732E+02   0.5037166492147E+00   0.5992337498653E+02
     2   0.70800000E+02  -0.7540066887846E+05   0.2200344057223E+15  -0.1730979094395E+06  -0.7544260252994E+05  -0.9769749781699E+05  -0.1731401003469E+06   0.4193365147616E+02   0.2572559394643E+00   0.4219090741563E+02
     3   0.10620000E+03  -0.6323894381129E+05   0.6238142554361E+14  -0.1102437030735E+06  -0.6327311539615E+05  -0.4700493297165E+05  -0.1102780483678E+06   0.3417158485734E+02   0.1737094207849E+00   0.3434529427812E+02
     4   0.14160000E+03  -0.5547432032869E+05   0.2524895022646E+14  -0.8330354866687E+05  -0.5550385583117E+05  -0.2782935996042E+05  -0.8333321579160E+05   0.2953550248417E+02   0.1316222390871E+00   0.2966712472325E+02
     5   0.17700000E+03  -0.4997586718551E+05   0.1245753270732E+14  -0.6846293421514E+05  -0.5000223283708E+05  -0.1848717326331E+05  -0.6848940610040E+05   0.2636565157867E+02   0.1062336765861E+00   0.2647188525525E+02
     6   0.21240000E+03  -0.4582436405502E+05   0.6975080743619E+13  -0.5904131584891E+05  -0.4584838541421E+05  -0.1321704157808E+05  -0.5906542699229E+05   0.2402135919337E+02   0.8978418664527E-01   0.2411114338001E+02
     7   0.24780000E+03  -0.4254907368185E+05   0.4264196095302E+13  -0.5249255753824E+05  -0.4257126966645E+05  -0.9943562159997E+04  -0.5251483182644E+05   0.2219598459018E+02   0.7830361456875E-01   0.2227428820475E+02
     8   0.28320000E+03  -0.3988087100336E+05   0.2781074660811E+13  -0.4764742428839E+05  -0.3990159288618E+05  -0.7766622892578E+04  -0.4766821577875E+05   0.2072188282098E+02   0.6960754734211E-01   0.2079149036832E+02
     9   0.31860000E+03  -0.3765340809762E+05   0.1906029041743E+13  -0.4389648419121E+05  -0.3767290673509E+05  -0.6243138820569E+04  -0.4391604555566E+05   0.1949863747235E+02   0.6272697417758E-01   0.1956136444653E+02
    10   0.35400000E+03  -0.3575772192416E+05   0.1358611147815E+13  -0.4089155904423E+05  -0.3577618386572E+05  -0.5133894244462E+04  -0.4091007811018E+05   0.1846194156000E+02   0.5712439236943E-01   0.1851906595237E+02
    11   0.38940000E+03  -0.3411907170918E+05   0.9997540412995E+12  -0.3841931385987E+05  -0.3413664015816E+05  -0.4300294609205E+04  -0.3843693476736E+05   0.1756844897287E+02   0.5245852238707E-01   0.1762090749526E+02
    12   0.42480000E+03  -0.3268426885506E+05   0.7553370289142E+12  -0.3634164455641E+05  -0.3270105658882E+05  -0.3657424202675E+04  -0.3635848079149E+05   0.1678773376196E+02   0.4850131918150E-01   0.1683623508114E+02
    13   0.46020000E+03  -0.3141432982143E+05   0.5834752333404E+12  -0.3456512283646E+05  -0.3143042754596E+05  -0.3150838109663E+04  -0.3458126565563E+05   0.1609772453465E+02   0.4509463182775E-01   0.1614281916647E+02
    14   0.49560000E+03  -0.3027996167235E+05   0.4593277485792E+12  -0.3302421267302E+05  -0.3029544364018E+05  -0.2744293125938E+04  -0.3303973676611E+05   0.1548196782826E+02   0.4212526657330E-01   0.1552409309484E+02
    15   0.53100000E+03  -0.2925863883906E+05   0.3675505725318E+12  -0.3167148835037E+05  -0.2927356675219E+05  -0.2412889021288E+04  -0.3168645577348E+05   0.1492791313008E+02   0.3950997311936E-01   0.1496742310320E+02
    16   0.56640000E+03  -0.2833273911216E+05   0.2983308771806E+12  -0.3047175300732E+05  -0.2834716490950E+05  -0.2139051081221E+04  -0.3048621599072E+05   0.1442579733563E+02   0.3718605945576E-01   0.1446298339508E+02
    17   0.60180000E+03  -0.2748825678750E+05   0.2452016343618E+12  -0.2939830332535E+05  -0.2750222468327E+05  -0.1910081643181E+04  -0.2941230632645E+05   0.1396789576629E+02   0.3510532960318E-01   0.1400300109589E+02
    18   0.63720000E+03  -0.2671389779027E+05   0.2037873319280E+12  -0.2843048141123E+05  -0.2672744579566E+05  -0.1716616851016E+04  -0.2844406264667E+05   0.1354800538956E+02   0.3323005284763E-01   0.1358123544241E+02
    19   0.67260000E+03  -0.2600044072902E+05   0.1710581725490E+12  -0.2755203444744E+05  -0.2601360180871E+05  -0.1551625248627E+04  -0.2756522705734E+05   0.1316107968495E+02   0.3153021389756E-01   0.1319260989885E+02
    20   0.70800000E+03  -0.2534026795798E+05   0.1448726225158E+12  -0.2674997919290E+05  -0.2535307092320E+05  -0.1409741216518E+04  -0.2676281213971E+05   0.1280296521669E+02   0.2998159323472E-01   0.1283294680993E+02
    21   0.74340000E+03  -0.2472704436068E+05   0.1236889707593E+12  -0.2601382691141E+05  -0.2473951456871E+05  -0.1286811115134E+04  -0.2602632568385E+05   0.1247020803851E+02   0.2856439897953E-01   0.1249877243748E+02
    22   0.77880000E+03  -0.2415542768316E+05   0.1063788984344E+12  -0.2533497827575E+05  -0.2416758759221E+05  -0.1179577854866E+04  -0.2534716544708E+05   0.1215990905340E+02   0.2726227339396E-01   0.1218717132679E+02
    23   0.81420000E+03  -0.2362089691470E+05   0.9210428089031E+11  -0.2470632848220E+05  -0.2363276652904E+05  -0.1085457629053E+04  -0.2471822415809E+05   0.1186961433794E+02   0.2606155906915E-01   0.1189567589701E+02
    24   0.84960000E+03  -0.2311958780108E+05   0.8023410981025E+11  -0.2412194198556E+05  -0.2313118503194E+05  -0.1002379135228E+04  -0.2413356416717E+05   0.1159723086010E+02   0.2495074846371E-01   0.1162218160856E+02
    25   0.88500000E+03  -0.2264817145673E+05   0.7028744218427E+11  -0.2357681355216E+05  -0.2265951241765E+05  -0.9286660154966E+03  -0.2358817843315E+05   0.1134096092122E+02   0.2392006509817E-01   0.1136488098632E+02
    26   0.92040000E+03  -0.2220377838999E+05   0.6189356561847E+11  -0.2306670510278E+05  -0.2221487764059E+05  -0.8629496739310E+03  -0.2307782731452E+05   0.1109925059551E+02   0.2296114076033E-01   0.1112221173627E+02
    27   0.95580000E+03  -0.2178389626170E+05   0.5476376019435E+11  -0.2258797797970E+05  -0.2179476701046E+05  -0.8041037847716E+03  -0.2259887079523E+05   0.1087074876613E+02   0.2206676373183E-01   0.1089281552986E+02
    28   0.99120000E+03  -0.2138634127126E+05   0.4867100178811E+11  -0.2213751455562E+05  -0.2139699554554E+05  -0.7511945150362E+03  -0.2214819006058E+05   0.1065427427603E+02   0.2123068024638E-01   0.1067550495628E+02
    29   0.10266000E+04  -0.2100918024353E+05   0.4343518688361E+11  -0.2171260208093E+05  -0.2101962903289E+05  -0.7034422848356E+03  -0.2172307131772E+05   0.1044878935935E+02   0.2044743633484E-01   0.1046923679569E+02
    30   0.10620000E+04  -0.2065071320708E+05   0.3891225037204E+11  -0.2131088559999E+05  -0.2066096658506E+05  -0.6601921051637E+03  -0.2132115869023E+05   0.1025337798141E+02   0.1971225065938E-01   0.1027309023206E+02
    31   0.10974000E+04  -0.2030943170167E+05   0.3498606291038E+11  -0.2093030304016E+05  -0.2031949892972E+05  -0.6208903594095E+03  -0.2094038928913E+05   0.1006722805010E+02   0.1902091137679E-01   0.1008624896147E+02
    32   0.11328000E+04  -0.1998398859771E+05   0.3156233737748E+11  -0.2056903671113E+05  -0.1999387821442E+05  -0.5850664831084E+03  -0.2057894469753E+05   0.9889616706395E+01   0.1836969181675E-01   0.9907986398211E+01
    33   0.11682000E+04  -0.1967317873754E+05   0.2856400257131E+11  -0.2022547937654E+05  -0.1968289863563E+05  -0.5523183942775E+03  -0.2023521702990E+05   0.9719898083036E+01   0.1775528102703E-01   0.9737653364063E+01
    34   0.12036000E+04  -0.1937589454770E+05   0.2592765990406E+11  -0.1989817819746E+05  -0.1938545204075E+05  -0.5223008244879E+03  -0.1990775286524E+05   0.9557493056341E+01   0.1717472616634E-01   0.9574667782507E+01
    35   0.12390000E+04  -0.1909120261058E+05   0.2360084694361E+11  -0.1958590189485E+05  -0.1910060449120E+05  -0.4947159096539E+03  -0.1959532040085E+05   0.9401880618470E+01   0.1662538441397E-01   0.9418506002884E+01
    36   0.12744000E+04  -0.1881821314413E+05   0.2153990748175E+11  -0.1928750259356E+05  -0.1882746573471E+05  -0.4693055543144E+03  -0.1929677128902E+05   0.9252590575700E+01   0.1610488258097E-01   0.9268695458281E+01
    37   0.13098000E+04  -0.1855613986896E+05   0.1970832140254E+11  -0.1900196945531E+05  -0.1856524906630E+05  -0.4458451974340E+03  -0.1901109426373E+05   0.9109197338305E+01   0.1561108299768E-01   0.9124808421302E+01
    38   0.13452000E+04  -0.1830426991891E+05   0.1807538591042E+11  -0.1872839346990E+05  -0.1831324123353E+05  -0.4241386930423E+03  -0.1873737992657E+05   0.8971314614208E+01   0.1514205454937E-01   0.8986456668757E+01
    39   0.13806000E+04  -0.1806194544484E+05   0.1661516729076E+11  -0.1846594483202E+05  -0.1807078403570E+05  -0.4040140832237E+03  -0.1847479811892E+05   0.8838590854916E+01   0.1469604796113E-01   0.8853286902877E+01
    40   0.14160000E+04  -0.1782855812191E+05   0.1530566247063E+11  -0.1821386394009E+05  -0.1783726882725E+05  -0.3853200896478E+03  -0.1822258891689E+05   0.8710705330797E+01   0.1427147461000E-01   0.8724976805407E+01
    41   0.14514000E+04  -0.1760356222222E+05   0.1412812439553E+11  -0.1797147154234E+05  -0.1761214958696E+05  -0.3679231870040E+03  -0.1798007277396E+05   0.8587364735402E+01   0.1386688828128E-01   0.8601231623683E+01
    42   0.14868000E+04  -0.1738646097698E+05   0.1306651614936E+11  -0.1773815264628E+05  -0.1739492927722E+05  -0.3517051502738E+03  -0.1774663442749E+05   0.8468300236526E+01   0.1348096939503E-01   0.8481781205921E+01
    43   0.15222000E+04  -0.1717680922347E+05   0.1210706688028E+11  -0.1751335710083E+05  -0.1718516248838E+05  -0.3365609898697E+03  -0.1752172347825E+05   0.8353264906146E+01   0.1311251131498E-01   0.8366377417461E+01
    44   0.15576000E+04  -0.1697415474824E+05   0.1123790870527E+11  -0.1729653919369E+05  -0.1698239677971E+05  -0.3223972058651E+03  -0.1730479398558E+05   0.8242031472982E+01   0.1276040842133E-01   0.8254791881403E+01
    45   0.15930000E+04  -0.1677813395355E+05   0.1044877838816E+11  -0.1708725183589E+05  -0.1678626834390E+05  -0.3091303059919E+03  -0.1709539864989E+05   0.8134390350882E+01   0.1242364568381E-01   0.8146813996566E+01
    46   0.16284000E+04  -0.1658836003674E+05   0.9730771105105E+10  -0.1688503347813E+05  -0.1659639018465E+05  -0.2966855426767E+03  -0.1689307572732E+05   0.8030147903862E+01   0.1210128951636E-01   0.8042249193378E+01
    47   0.16638000E+04  -0.1640452440744E+05   0.9076136309404E+10  -0.1668950844773E+05  -0.1641245353236E+05  -0.2849958327648E+03  -0.1669744936512E+05   0.7929124914935E+01   0.1179247973074E-01   0.7940917394666E+01
    48   0.16992000E+04  -0.1622630517910E+05   0.8478107787717E+10  -0.1650029451293E+05  -0.1623413633433E+05  -0.2740008302513E+03  -0.1650813716458E+05   0.7831155231033E+01   0.1149642243595E-01   0.7842651653469E+01
    49   0.17346000E+04  -0.1605340919855E+05   0.7930761613770E+10  -0.1631704411384E+05  -0.1606114528311E+05  -0.2636461276723E+03  -0.1632479141078E+05   0.7736084560531E+01   0.1121238375466E-01   0.7747296944286E+01
    50   0.17700000E+04  -0.1588557263313E+05   0.7428896964972E+10  -0.1613944425954E+05  -0.1589321640254E+05  -0.2538825660945E+03  -0.1614709896863E+05   0.7643769403502E+01   0.1093968424770E-01   0.7654709087749E+01
    51   0.18054000E+04  -0.1572255243773E+05   0.6967935755157E+10  -0.1596720739714E+05  -0.1573010651383E+05  -0.2446656371030E+03  -0.1597477215093E+05   0.7554076097682E+01   0.1067769395404E-01   0.7564753791636E+01
    52   0.18408000E+04  -0.1556411731821E+05   0.6543837815709E+10  -0.1580006185538E+05  -0.1557158419818E+05  -0.2359549629977E+03  -0.1580753916117E+05   0.7466879965657E+01   0.1042582796764E-01   0.7477305793625E+01
    53   0.18762000E+04  -0.1541004629776E+05   0.6153028974664E+10  -0.1563774995791E+05  -0.1541742836231E+05  -0.2277138436956E+03  -0.1564514220601E+05   0.7382064550798E+01   0.1018354248386E-01   0.7392248093282E+01
    54   0.19116000E+04  -0.1526013245924E+05   0.5792339875038E+10  -0.1548003136962E+05  -0.1526743198017E+05  -0.2199088607105E+03  -0.1548734084088E+05   0.7299520931229E+01   0.9950331257610E-02   0.7309471262486E+01
    55   0.19470000E+04  -0.1511418883642E+05   0.5458953766844E+10  -0.1532668864082E+05  -0.1512140798352E+05  -0.2125095301209E+03  -0.1533391751364E+05   0.7219147102578E+01   0.9725722423634E-02   0.7228872825002E+01
    56   0.19824000E+04  -0.1497204170805E+05   0.5150361823320E+10  -0.1517752019648E+05  -0.1497918255547E+05  -0.2054879977071E+03  -0.1518467055318E+05   0.7140847421505E+01   0.9509275636108E-02   0.7150356697141E+01
    57   0.20178000E+04  -0.1483353150894E+05   0.4864324786807E+10  -0.1503234097885E+05  -0.1484059604105E+05  -0.1988187704902E+03  -0.1503941481154E+05   0.7064532103037E+01   0.9300579490360E-02   0.7073832682527E+01
    58   0.20532000E+04  -0.1469848067007E+05   0.4598839956316E+10  -0.1489095005060E+05  -0.1470547078684E+05  -0.1924784797799E+03  -0.1489794926662E+05   0.6990116765692E+01   0.9099249194554E-02   0.6999216014886E+01
    59   0.20886000E+04  -0.1456676468787E+05   0.4352112696829E+10  -0.1475320145451E+05  -0.1457368220989E+05  -0.1864456715660E+03  -0.1476012788146E+05   0.6917522019082E+01   0.8904924463311E-02   0.6926426943545E+01
    60   0.21240000E+04  -0.1443822399657E+05   0.4122531787524E+10  -0.1461891590000E+05  -0.1444507066966E+05  -0.1807006207013E+03  -0.1462577129036E+05   0.6846673089402E+01   0.8717267608770E-02   0.6855390357011E+01
    61   0.21594000E+04  -0.1431273512010E+05   0.3908648037785E+10  -0.1448795174995E+05  -0.1431951261958E+05  -0.1752251658164E+03  -0.1449473778540E+05   0.6777499478744E+01   0.8535961807715E-02   0.6786035440552E+01
    62   0.21948000E+04  -0.1419018719093E+05   0.3709155697590E+10  -0.1436018139267E+05  -0.1419689712558E+05  -0.1700025624578E+03  -0.1436689968804E+05   0.6709934654692E+01   0.8360709525978E-02   0.6718295364218E+01
    63   0.22302000E+04  -0.1407044402272E+05   0.3522876248679E+10  -0.1423545318343E+05  -0.1407708793849E+05  -0.1650173519425E+03  -0.1424210529043E+05   0.6643915767051E+01   0.8191231083630E-02   0.6652106998135E+01
    64   0.22656000E+04  -0.1395340807715E+05   0.3348744254026E+10  -0.1411365529424E+05  -0.1395998746054E+05  -0.1602552443479E+03  -0.1412024270489E+05   0.6579383388970E+01   0.8027263346416E-02   0.6587410652317E+01
    65   0.23010000E+04  -0.1383897182032E+05   0.3185794966846E+10  -0.1399466696545E+05  -0.1384548810160E+05  -0.1557030136875E+03  -0.1400119111528E+05   0.6516281279987E+01   0.7868558530610E-02   0.6524149838518E+01
    66   0.23364000E+04  -0.1372703365276E+05   0.3033153461597E+10  -0.1387837434181E+05  -0.1373348820893E+05  -0.1513484039329E+03  -0.1388483661287E+05   0.6454556168856E+01   0.7714883109930E-02   0.6462271051966E+01
    67   0.23718000E+04  -0.1361751029369E+05   0.2890025079897E+10  -0.1376468277227E+05  -0.1362390445125E+05  -0.1471800446006E+03  -0.1377108449585E+05   0.6394157554218E+01   0.7566016814440E-02   0.6401723571032E+01
    68   0.24072000E+04  -0.1351030076259E+05   0.2755687015630E+10  -0.1365348071565E+05  -0.1351663580012E+05  -0.1431873748062E+03  -0.1365982317492E+05   0.6335037521416E+01   0.7421751712533E-02   0.6342459273129E+01
    69   0.24426000E+04  -0.1340532601374E+05   0.2629480889195E+10  -0.1354467930668E+05  -0.1341160316432E+05  -0.1393605748269E+03  -0.1355096373914E+05   0.6277150573925E+01   0.7281891367993E-02   0.6284432465293E+01
    70   0.24780000E+04  -0.1330250308236E+05   0.2510806182409E+10  -0.1343818644045E+05  -0.1330872353584E+05  -0.1356905043350E+03  -0.1344441404018E+05   0.6220453478034E+01   0.7146250065086E-02   0.6227599728099E+01
    71   0.25134000E+04  -0.1320176605024E+05   0.2399114423826E+10  -0.1333392768216E+05  -0.1320793095536E+05  -0.1321686465678E+03  -0.1334009960193E+05   0.6164905119579E+01   0.7014652095326E-02   0.6171919771674E+01
    72   0.25488000E+04  -0.1310303118512E+05   0.2293904029644E+10  -0.1323181135598E+05  -0.1310914165149E+05  -0.1287870577910E+03  -0.1323792870928E+05   0.6110466371620E+01   0.6886931100264E-02   0.6117353302720E+01
    73   0.25842000E+04  -0.1300623395730E+05   0.2194715718480E+10  -0.1313176551586E+05  -0.1301229105727E+05  -0.1255383214864E+03  -0.1313782937876E+05   0.6057099972095E+01   0.6762929465214E-02   0.6063862901560E+01
    74   0.26196000E+04  -0.1291130659896E+05   0.2101128429418E+10  -0.1303371546323E+05  -0.1291731136937E+05  -0.1224155067685E+03  -0.1303972687614E+05   0.6004770410576E+01   0.6642497759372E-02   0.6011412908335E+01
    75   0.26550000E+04  -0.1281819486579E+05   0.2012755682240E+10  -0.1293760047088E+05  -0.1282414830961E+05  -0.1194121305853E+03  -0.1294356044020E+05   0.5953443823329E+01   0.6525494218235E-02   0.5959969317547E+01
    76   0.26904000E+04  -0.1272682969095E+05   0.1929242326834E+10  -0.1284334540248E+05  -0.1273273277885E+05  -0.1165221233172E+03  -0.1284925490216E+05   0.5903087895972E+01   0.6411784264628E-02   0.5909499680237E+01
    77   0.27258000E+04  -0.1263715778325E+05   0.1850261635751E+10  -0.1275089127944E+05  -0.1264301145503E+05  -0.1137397974273E+03  -0.1275675125245E+05   0.5853671773090E+01   0.6301240065026E-02   0.5859973013155E+01
    78   0.27612000E+04  -0.1254912828149E+05   0.1775512699816E+10  -0.1266018190660E+05  -0.1255493344746E+05  -0.1110598188571E+03  -0.1266599326632E+05   0.5805165974221E+01   0.6193740118176E-02   0.5811359714339E+01
    79   0.27966000E+04  -0.1246268030795E+05   0.1704718091830E+10  -0.1257115139968E+05  -0.1246843785027E+05  -0.1084771808967E+03  -0.1257691503117E+05   0.5757542315693E+01   0.6089168873305E-02   0.5763631484567E+01
    80   0.28320000E+04  -0.1237777561288E+05   0.1637621767810E+10  -0.1248375680575E+05  -0.1238348638672E+05  -0.1059871802865E+03  -0.1248947356700E+05   0.5710773837836E+01   0.5987416375461E-02   0.5716761254211E+01
    81   0.28674000E+04  -0.1229435743281E+05   0.1573987179031E+10  -0.1239793693977E+05  -0.1230002226754E+05  -0.1035853953358E+03  -0.1240360766288E+05   0.5664834737133E+01   0.5888377935769E-02   0.5670723115068E+01
    82   0.29028000E+04  -0.1221238391564E+05   0.1513595571420E+10  -0.1231364578955E+05  -0.1221800361595E+05  -0.1012676658646E+03  -0.1231927128181E+05   0.5619700302922E+01   0.5791953824592E-02   0.5625492256747E+01
    83   0.29382000E+04  -0.1213181496905E+05   0.1456244451711E+10  -0.1223083934580E+05  -0.1213739031591E+05  -0.9903007479816E+02  -0.1223642039071E+05   0.5575346858297E+01   0.5698048985750E-02   0.5581044907283E+01
    84   0.29736000E+04  -0.1205259975775E+05   0.1401746202244E+10  -0.1214946308244E+05  -0.1205813150946E+05  -0.9686893125909E+02  -0.1215500044072E+05   0.5531751704864E+01   0.5606572770148E-02   0.5537358277634E+01
    85   0.30090000E+04  -0.1197470974018E+05   0.1349926828454E+10  -0.1206948497776E+05  -0.1198019863325E+05  -0.9478075501971E+02  -0.1207497938827E+05   0.5488893071085E+01   0.5517438687289E-02   0.5494410509772E+01
    86   0.30444000E+04  -0.1189809774039E+05   0.1300624824963E+10  -0.1199085457201E+05  -0.1190354449045E+05  -0.9276226219050E+02  -0.1199630675264E+05   0.5446750063914E+01   0.5430564173280E-02   0.5452180628088E+01
    87   0.30798000E+04  -0.1182273021883E+05   0.1253690147821E+10  -0.1191353522499E+05  -0.1182813552145E+05  -0.9081035203359E+02  -0.1191894587349E+05   0.5405302623493E+01   0.5345870374098E-02   0.5410648493867E+01
    88   0.31152000E+04  -0.1174857492014E+05   0.1208983281900E+10  -0.1183749175166E+05  -0.1175393945162E+05  -0.8892209480106E+02  -0.1184286154642E+05   0.5364531480673E+01   0.5263281942923E-02   0.5369794762616E+01
    89   0.31506000E+04  -0.1167559488686E+05   0.1166374393655E+10  -0.1176268442464E+05  -0.1168091930498E+05  -0.8709472050788E+02  -0.1176801402549E+05   0.5324418117166E+01   0.5182726850527E-02   0.5329600844017E+01
    90   0.31860000E+04  -0.1160375260828E+05   0.1125742560604E+10  -0.1168907311270E+05  -0.1160903755301E+05  -0.8532560855817E+02  -0.1169436316157E+05   0.5284944728123E+01   0.5104136207720E-02   0.5290048864331E+01
    91   0.32214000E+04  -0.1153302631471E+05   0.1086975069813E+10  -0.1161663356542E+05  -0.1153827240890E+05  -0.8361227815112E+02  -0.1162188468705E+05   0.5246094186975E+01   0.5027444098980E-02   0.5251121631074E+01
    92   0.32568000E+04  -0.1146337848510E+05   0.1049966778547E+10  -0.1154532591191E+05  -0.1146858633511E+05  -0.8195237940079E+02  -0.1155053871451E+05   0.5207850012370E+01   0.4952587426476E-02   0.5212802599797E+01
    93   0.32922000E+04  -0.1139478291485E+05   0.1014619530947E+10  -0.1147512172045E+05  -0.1139995311118E+05  -0.8034368510838E+02  -0.1148029679629E+05   0.5170196337073E+01   0.4879505763699E-02   0.5175075842837E+01
    94   0.33276000E+04  -0.1132721445347E+05   0.9808416253309E+09  -0.1140599372847E+05  -0.1133234757135E+05  -0.7878408313411E+02  -0.1141113165449E+05   0.5133117878669E+01   0.4808141218061E-02   0.5137926019887E+01
    95   0.33630000E+04  -0.1126064324429E+05   0.9485473272017E+09  -0.1133791007517E+05  -0.1126573984420E+05  -0.7727156931811E+02  -0.1134301141352E+05   0.5096599911972E+01   0.4738438301795E-02   0.5101338350273E+01
    96   0.33984000E+04  -0.1119503938517E+05   0.9176564236410E+09  -0.1127083895573E+05  -0.1120010001341E+05  -0.7580424090594E+02  -0.1127590425431E+05   0.5060628243009E+01   0.4670343810607E-02   0.5065298586819E+01
    97   0.34338000E+04  -0.1113038647858E+05   0.8880938151692E+09  -0.1120476216521E+05  -0.1113541166776E+05  -0.7438029043789E+02  -0.1120979195820E+05   0.5025189184475E+01   0.4603806709525E-02   0.5029792991184E+01
    98   0.34692000E+04  -0.1106665351143E+05   0.8597891415823E+09  -0.1113964697272E+05  -0.1107164378096E+05  -0.7299800006490E+02  -0.1114464178103E+05   0.4990269532565E+01   0.4538778025466E-02   0.4994808310591E+01
    99   0.35046000E+04  -0.1100382234585E+05   0.8326764386255E+09  -0.1107547360690E+05  -0.1100877820239E+05  -0.7165573625744E+02  -0.1108043393865E+05   0.4955856545094E+01   0.4475210746060E-02   0.4960331755840E+01
   100   0.35400000E+04  -0.1094186570076E+05   0.8066938226808E+09  -0.1101221323258E+05  -0.1094678763868E+05  -0.7035194487631E+02  -0.1101713958356E+05   0.4921937920810E+01   0.4413059724318E-02   0.4926350980535E+01
