#
#
#   Plasma Parameters
#    electron and ion temp [keV]:   0.1000D+01   0.1000D+01
#    number density nb   [cm^-3]:   0.2000D+27   0.1000D+27  0.1000D+27
#    mass array mb         [amu]:   0.5486D-03   0.2015D+01  0.3022D+01
#    mass array mb         [keV]:   0.5110D+03   0.1877D+07  0.2815D+07
#    charge array zb            :  -0.1000D+01   0.1000D+01  0.1000D+01
#
#
#   Projectile Parameters
#    charge      :   0.2000D+01
#    mass   [amu]:   0.4029D+01
#    mass   [keV]:   0.3753D+07
#    energy [keV]:   0.3540D+04
#  ne[cm^-3]    Te[keV]    Ti[keV]        ge       gi          etae         ze/2**1.5
#  0.2000D+27  0.1000D+01  0.1000D+01  0.8663D-01  0.6126D-01  0.1650D+00  0.3702D+00
# ab  =  0.4820D+00  0.1770D+04  0.2655D+04
# etab=  0.3359D+00  0.3359D+00  0.3359D+00
     0   0.17700000E+02  -0.1470667524533E+10  -0.1248317969676E+11  -0.1395384722129E+11  -0.1471637068684E+10  -0.1248319096793E+11  -0.1395482803662E+11   0.9695441514688E+06   0.1127117505881E+05   0.9808153265276E+06
     1   0.35400000E+02  -0.1612646373696E+10  -0.5426868064127E+10  -0.7039514437823E+10  -0.1613614966309E+10  -0.5426876275151E+10  -0.7040491241459E+10   0.9685926127727E+06   0.8211023742180E+04   0.9768036365149E+06
     2   0.70800000E+02  -0.1738205815150E+10  -0.2252206965711E+10  -0.3990412780861E+10  -0.1739172508389E+10  -0.2252212896212E+10  -0.3991385404602E+10   0.9666932393376E+06   0.5930501368356E+04   0.9726237407060E+06
     3   0.10620000E+03  -0.1785485129351E+10  -0.1327129986893E+10  -0.3112615116244E+10  -0.1786449928143E+10  -0.1327134891396E+10  -0.3113584819539E+10   0.9647987921998E+06   0.4904502968377E+04   0.9697032951681E+06
     4   0.14160000E+03  -0.1808560276935E+10  -0.9072817226416E+09  -0.2715841999576E+10  -0.1809523186191E+10  -0.9072860137578E+09  -0.2716809199949E+10   0.9629092566735E+06   0.4291116173461E+04   0.9672003728470E+06
     5   0.17700000E+03  -0.1821613948531E+10  -0.6738512219029E+09  -0.2495465170434E+10  -0.1822574973149E+10  -0.6738550941068E+09  -0.2496430067256E+10   0.9610246181328E+06   0.3872203885020E+04   0.9648968220179E+06
     6   0.21240000E+03  -0.1829713422296E+10  -0.5277374732380E+09  -0.2357450895534E+10  -0.1830672567158E+10  -0.5277410582159E+09  -0.2358413625374E+10   0.9591448620024E+06   0.3584977878090E+04   0.9627298398805E+06
     7   0.24780000E+03  -0.1835059421729E+10  -0.4288432662930E+09  -0.2263902688022E+10  -0.1836016691703E+10  -0.4288466433767E+09  -0.2264863335080E+10   0.9572699737558E+06   0.3377083758491E+04   0.9606470575143E+06
     8   0.28320000E+03  -0.1838741298251E+10  -0.3580835099878E+09  -0.2196824808239E+10  -0.1839696698190E+10  -0.3580867193027E+09  -0.2197783417492E+10   0.9553999389141E+06   0.3209314860679E+04   0.9586092537748E+06
     9   0.31860000E+03  -0.1841350856750E+10  -0.3053028688371E+09  -0.2146653725587E+10  -0.1842304391493E+10  -0.3053059363514E+09  -0.2147610327844E+10   0.9535347430460E+06   0.3067514296283E+04   0.9566022573422E+06
    10   0.35400000E+03  -0.1843235579388E+10  -0.2646385376162E+09  -0.2107874117004E+10  -0.1844187253760E+10  -0.2646414822588E+09  -0.2108828736019E+10   0.9516743717666E+06   0.2944642633823E+04   0.9546190144004E+06
    11   0.38940000E+03  -0.1844609968947E+10  -0.2324878474903E+09  -0.2077097816438E+10  -0.1845559787758E+10  -0.2324906836025E+09  -0.2078050471361E+10   0.9498188107381E+06   0.2836112136234E+04   0.9526549228743E+06
    12   0.42480000E+03  -0.1845611975385E+10  -0.2065243197832E+09  -0.2052136295168E+10  -0.1846559943431E+10  -0.2065270585508E+09  -0.2053087001981E+10   0.9479680456689E+06   0.2738767567367E+04   0.9507068132363E+06
    13   0.46020000E+03  -0.1846334893661E+10  -0.1851836126832E+09  -0.2031518506344E+10  -0.1847281015723E+10  -0.1851862630594E+09  -0.2032467278782E+10   0.9461220623136E+06   0.2650376205178E+04   0.9487724385188E+06
    14   0.49560000E+03  -0.1846844545623E+10  -0.1673781838713E+09  -0.2014222729494E+10  -0.1847788826469E+10  -0.1673807531882E+09  -0.2015169579657E+10   0.9442808464730E+06   0.2569316951113E+04   0.9468501634241E+06
    15   0.53100000E+03  -0.1847186516755E+10  -0.1523305000201E+09  -0.1999517016775E+10  -0.1848128961139E+10  -0.1523329944044E+09  -0.2000461955543E+10   0.9424443839936E+06   0.2494384309020E+04   0.9449387683026E+06
    16   0.56640000E+03  -0.1847394116463E+10  -0.1394712198249E+09  -0.1986865336288E+10  -0.1848334729124E+10  -0.1394736444866E+09  -0.1987808373611E+10   0.9406126607677E+06   0.2424661702530E+04   0.9430373224703E+06
    17   0.60180000E+03  -0.1847492406689E+10  -0.1283746911411E+09  -0.1975867097830E+10  -0.1848431192351E+10  -0.1283770505788E+09  -0.1976808242930E+10   0.9387856627333E+06   0.2359437718353E+04   0.9411451004516E+06
    18   0.63720000E+03  -0.1847500287798E+10  -0.1187168102033E+09  -0.1966217098001E+10  -0.1848437251174E+10  -0.1187191083529E+09  -0.1967156359526E+10   0.9369633758734E+06   0.2298149550527E+04   0.9392615254240E+06
    19   0.67260000E+03  -0.1847432214496E+10  -0.1102467550101E+09  -0.1957678969506E+10  -0.1848367360282E+10  -0.1102489953541E+09  -0.1958616355636E+10   0.9351457862166E+06   0.2240344057678E+04   0.9373861302743E+06
    20   0.70800000E+03  -0.1847299033368E+10  -0.1027675873800E+09  -0.1950066620748E+10  -0.1848232366248E+10  -0.1027697730305E+09  -0.1951002139279E+10   0.9333328798363E+06   0.2185650455362E+04   0.9355185302917E+06
    21   0.74340000E+03  -0.1847110416740E+10  -0.9612266710382E+08  -0.1943233083844E+10  -0.1848041941383E+10  -0.9612480086466E+08  -0.1944166742248E+10   0.9315246428510E+06   0.2133760838271E+04   0.9336584036893E+06
    22   0.77880000E+03  -0.1846873176938E+10  -0.9018595650116E+08  -0.1937059133440E+10  -0.1847802898000E+10  -0.9018804091722E+08  -0.1937990938917E+10   0.9297210614238E+06   0.2084416063093E+04   0.9318054774869E+06
    23   0.81420000E+03  -0.1846593508347E+10  -0.8485498639308E+08  -0.1931448494741E+10  -0.1847521430469E+10  -0.8485702378844E+08  -0.1932378454258E+10   0.9279221217625E+06   0.2037395360908E+04   0.9299595171234E+06
    24   0.84960000E+03  -0.1846276363674E+10  -0.8004566754206E+08  -0.1926322031217E+10  -0.1847202491485E+10  -0.8004766005064E+08  -0.1927250151535E+10   0.9261278101193E+06   0.1992508583668E+04   0.9281203187030E+06
    25   0.88500000E+03  -0.1845925420950E+10  -0.7568840840842E+08  -0.1921613829358E+10  -0.1846849759062E+10  -0.7569035799875E+08  -0.1922540117061E+10   0.9243381127907E+06   0.1949590337561E+04   0.9262877031282E+06
    26   0.92040000E+03  -0.1845544665076E+10  -0.7172517051690E+08  -0.1917269835593E+10  -0.1846467218092E+10  -0.7172707901239E+08  -0.1918194297104E+10   0.9225530161172E+06   0.1908495486218E+04   0.9244615116034E+06
    27   0.95580000E+03  -0.1845136263691E+10  -0.6810720722519E+08  -0.1913243470916E+10  -0.1846057036198E+10  -0.6810907632085E+08  -0.1914166112518E+10   0.9207725064836E+06   0.1869095661068E+04   0.9226416021447E+06
    28   0.99120000E+03  -0.1844703240291E+10  -0.6479330775168E+08  -0.1909496548043E+10  -0.1845622236861E+10  -0.6479513902820E+08  -0.1910417375890E+10   0.9189965703182E+06   0.1831276521184E+04   0.9208278468394E+06
    29   0.10266000E+04  -0.1844247095417E+10  -0.6174841975933E+08  -0.1905995515177E+10  -0.1845164320611E+10  -0.6175021469490E+08  -0.1906914535306E+10   0.9172251940933E+06   0.1794935577312E+04   0.9190201296706E+06
    30   0.10620000E+04  -0.1843769747782E+10  -0.5894255923115E+08  -0.1902712307013E+10  -0.1844685206146E+10  -0.5894431921159E+08  -0.1903629525358E+10   0.9154583643244E+06   0.1759980445324E+04   0.9172183447698E+06
    31   0.10974000E+04  -0.1843272824263E+10  -0.5634994038380E+08  -0.1899622764647E+10  -0.1844186520331E+10  -0.5635166671123E+08  -0.1900538187042E+10   0.9136960675707E+06   0.1726327429964E+04   0.9154223950007E+06
    32   0.11328000E+04  -0.1842757402931E+10  -0.5394827648133E+08  -0.1896705679412E+10  -0.1843669341221E+10  -0.5394997038170E+08  -0.1897619311603E+10   0.9119382904345E+06   0.1693900365253E+04   0.9136321907997E+06
    33   0.11682000E+04  -0.1842224313577E+10  -0.5171821387571E+08  -0.1893942527453E+10  -0.1843134498596E+10  -0.5171987650536E+08  -0.1894854375102E+10   0.9101850195611E+06   0.1662629656282E+04   0.9118476492173E+06
    34   0.12036000E+04  -0.1841671735207E+10  -0.4964287110249E+08  -0.1891314606309E+10  -0.1842580171449E+10  -0.4964450355397E+08  -0.1892224675003E+10   0.9084362416388E+06   0.1632451480503E+04   0.9100686931193E+06
    35   0.12390000E+04  -0.1841103955607E+10  -0.4770746126803E+08  -0.1888811416875E+10  -0.1842010647550E+10  -0.4770906457515E+08  -0.1889719712126E+10   0.9066919433989E+06   0.1603307116497E+04   0.9082952505154E+06
    36   0.12744000E+04  -0.1840520401532E+10  -0.4589898091215E+08  -0.1886419382445E+10  -0.1841425353644E+10  -0.4590055605453E+08  -0.1887325909699E+10   0.9049521116150E+06   0.1575142375503E+04   0.9065272539905E+06
    37   0.13098000E+04  -0.1839922378339E+10  -0.4420595224253E+08  -0.1884128330582E+10  -0.1840825595072E+10  -0.4420750014964E+08  -0.1885033095222E+10   0.9032167331036E+06   0.1547907116479E+04   0.9047646402201E+06
    38   0.13452000E+04  -0.1839311185068E+10  -0.4261820846384E+08  -0.1881929393532E+10  -0.1840212670863E+10  -0.4261973001867E+08  -0.1882832400881E+10   0.9014857947232E+06   0.1521554829608E+04   0.9030073495528E+06
    39   0.13806000E+04  -0.1838687111618E+10  -0.4112671409457E+08  -0.1879813825713E+10  -0.1839586870902E+10  -0.4112821013685E+08  -0.1880715081039E+10   0.8997592833747E+06   0.1496042276309E+04   0.9012553256510E+06
    40   0.14160000E+04  -0.1838049567542E+10  -0.3972341384098E+08  -0.1877772981383E+10  -0.1838947604728E+10  -0.3972488517016E+08  -0.1878672489898E+10   0.8980371860011E+06   0.1471329176242E+04   0.8995085151773E+06
    41   0.14514000E+04  -0.1837399061541E+10  -0.3840110490021E+08  -0.1875800166441E+10  -0.1838295381031E+10  -0.3840255227814E+08  -0.1876697933309E+10   0.8963194895871E+06   0.1447377933675E+04   0.8977668675208E+06
    42   0.14868000E+04  -0.1836736419832E+10  -0.3715332858240E+08  -0.1873889748414E+10  -0.1837631026013E+10  -0.3715475273580E+08  -0.1874785778749E+10   0.8946061811596E+06   0.1424153397018E+04   0.8960303345566E+06
    43   0.15222000E+04  -0.1836063605514E+10  -0.3597427794020E+08  -0.1872037883455E+10  -0.1836956502762E+10  -0.3597567956285E+08  -0.1872932182325E+10   0.8928972477868E+06   0.1401622646506E+04   0.8942988704333E+06
    44   0.15576000E+04  -0.1835377898316E+10  -0.3485871872433E+08  -0.1870236617041E+10  -0.1836269090993E+10  -0.3486009847914E+08  -0.1871129189472E+10   0.8911926765785E+06   0.1379754805901E+04   0.8925724313844E+06
    45   0.15930000E+04  -0.1834682491450E+10  -0.3380192148334E+08  -0.1868484412934E+10  -0.1835571983905E+10  -0.3380328000422E+08  -0.1869375263909E+10   0.8894924546858E+06   0.1358520874799E+04   0.8908509755606E+06
    46   0.16284000E+04  -0.1833974829264E+10  -0.3279960302346E+08  -0.1866774432288E+10  -0.1834862625834E+10  -0.3280094091704E+08  -0.1867663566751E+10   0.8877965693012E+06   0.1337893578720E+04   0.8891344628799E+06
    47   0.16638000E+04  -0.1833257942286E+10  -0.3184787576288E+08  -0.1865105818049E+10  -0.1834144047294E+10  -0.3184919361012E+08  -0.1865993240904E+10   0.8861050076581E+06   0.1317847234622E+04   0.8874228548927E+06
    48   0.16992000E+04  -0.1832530706904E+10  -0.3094320377089E+08  -0.1863473910675E+10  -0.1833415124661E+10  -0.3094450212852E+08  -0.1864359626789E+10   0.8844177570309E+06   0.1298357629841E+04   0.8857161146608E+06
    49   0.17346000E+04  -0.1831792675394E+10  -0.3008236448912E+08  -0.1861875039883E+10  -0.1832675410199E+10  -0.3008364389103E+08  -0.1862759054090E+10   0.8827348047349E+06   0.1279401912795E+04   0.8840142066477E+06
    50   0.17700000E+04  -0.1831044415031E+10  -0.2926241530027E+08  -0.1860306830331E+10  -0.1831925471169E+10  -0.2926367625876E+08  -0.1861189147428E+10   0.8810561381258E+06   0.1260958494010E+04   0.8823170966198E+06
    51   0.18054000E+04  -0.1830286776765E+10  -0.2848066424645E+08  -0.1858767441011E+10  -0.1831166158509E+10  -0.2848190725341E+08  -0.1859648065763E+10   0.8793817446002E+06   0.1243006956270E+04   0.8806247515565E+06
    52   0.18408000E+04  -0.1829520034773E+10  -0.2773464431177E+08  -0.1857254679085E+10  -0.1830397746385E+10  -0.2773586983975E+08  -0.1858133616225E+10   0.8777116115947E+06   0.1225527972831E+04   0.8789371395676E+06
    53   0.18762000E+04  -0.1828743857867E+10  -0.2702209077591E+08  -0.1855765948643E+10  -0.1829619903594E+10  -0.2702329927914E+08  -0.1856643202873E+10   0.8760457265865E+06   0.1208503232817E+04   0.8772542298193E+06
    54   0.19116000E+04  -0.1827957884140E+10  -0.2634092122170E+08  -0.1854298805362E+10  -0.1828832268217E+10  -0.2634211313707E+08  -0.1855174381354E+10   0.8743840770926E+06   0.1191915372998E+04   0.8755759924656E+06
    55   0.19470000E+04  -0.1827162573830E+10  -0.2568921784327E+08  -0.1852851791673E+10  -0.1828035300481E+10  -0.2569039359118E+08  -0.1853725694072E+10   0.8727266506701E+06   0.1175747915303E+04   0.8739023985854E+06
    56   0.19824000E+04  -0.1826358557818E+10  -0.2506521175348E+08  -0.1851423769572E+10  -0.1827229631253E+10  -0.2506637173869E+08  -0.1852296002992E+10   0.8710734349161E+06   0.1159985209453E+04   0.8722334201256E+06
    57   0.20178000E+04  -0.1825546873175E+10  -0.2446726903397E+08  -0.1850014142209E+10  -0.1826416297593E+10  -0.2446841364635E+08  -0.1850884711239E+10   0.8694244174672E+06   0.1144612380208E+04   0.8705690298474E+06
    58   0.20532000E+04  -0.1824725093764E+10  -0.2389387830748E+08  -0.1848618972071E+10  -0.1825592873350E+10  -0.2389500792276E+08  -0.1849487881272E+10   0.8677795859995E+06   0.1129615278776E+04   0.8689092012783E+06
    59   0.20886000E+04  -0.1823896175496E+10  -0.2334363964377E+08  -0.1847239815140E+10  -0.1824762314424E+10  -0.2334475462421E+08  -0.1848107069049E+10   0.8661389282288E+06   0.1114980437986E+04   0.8672539086668E+06
    60   0.21240000E+04  -0.1823057650703E+10  -0.2281525463611E+08  -0.1845872905339E+10  -0.1823922153135E+10  -0.2281635533114E+08  -0.1846738508466E+10   0.8645024319101E+06   0.1100695030855E+04   0.8656031269409E+06
    61   0.21594000E+04  -0.1822210537392E+10  -0.2230751750578E+08  -0.1844518054898E+10  -0.1823073407477E+10  -0.2230860425262E+08  -0.1845382011729E+10   0.8628700848374E+06   0.1086746832263E+04   0.8639568316697E+06
    62   0.21948000E+04  -0.1821356548108E+10  -0.2181930712603E+08  -0.1843175855234E+10  -0.1822217789983E+10  -0.2182038025021E+08  -0.1844038170233E+10   0.8612418748439E+06   0.1073124183429E+04   0.8623149990274E+06
    63   0.22302000E+04  -0.1820493277823E+10  -0.2134957982629E+08  -0.1841842857649E+10  -0.1821352895613E+10  -0.2135063964225E+08  -0.1842703535255E+10   0.8596177898018E+06   0.1059815958954E+04   0.8606776057607E+06
    64   0.22656000E+04  -0.1819622443442E+10  -0.2089736293055E+08  -0.1840519806373E+10  -0.1820480441260E+10  -0.2089840974208E+08  -0.1841378851002E+10   0.8579978176217E+06   0.1046811536207E+04   0.8590446291579E+06
    65   0.23010000E+04  -0.1818743714766E+10  -0.2046174891456E+08  -0.1839205463681E+10  -0.1819600096713E+10  -0.2046278301533E+08  -0.1840062879728E+10   0.8563819462533E+06   0.1034100766851E+04   0.8574160470202E+06
    66   0.23364000E+04  -0.1817856796861E+10  -0.2004189012645E+08  -0.1837898686987E+10  -0.1818711567025E+10  -0.2004291180040E+08  -0.1838754478825E+10   0.8547701636845E+06   0.1021673950333E+04   0.8557918376348E+06
    67   0.23718000E+04  -0.1816963134658E+10  -0.1963699400667E+08  -0.1836600128665E+10  -0.1817816297116E+10  -0.1963800352848E+08  -0.1837454300645E+10   0.8531624579416E+06   0.1009521809167E+04   0.8541719797508E+06
    68   0.24072000E+04  -0.1816061183067E+10  -0.1924631875372E+08  -0.1835307501820E+10  -0.1816912741884E+10  -0.1924731638919E+08  -0.1836160058273E+10   0.8515588170892E+06   0.9976354658815E+03   0.8525564525551E+06
    69   0.24426000E+04  -0.1815151704907E+10  -0.1886916938813E+08  -0.1834020874296E+10  -0.1816001664137E+10  -0.1887015539455E+08  -0.1834871819531E+10   0.8499592292302E+06   0.9860064214786E+03   0.8509452356517E+06
    70   0.24780000E+04  -0.1814234370748E+10  -0.1850489417308E+08  -0.1832739264921E+10  -0.1815082734431E+10  -0.1850586879961E+08  -0.1833588603230E+10   0.8483636825051E+06   0.9746265353044E+03   0.8493383090404E+06
    71   0.25134000E+04  -0.1813310635699E+10  -0.1815288135482E+08  -0.1831463517054E+10  -0.1814157407864E+10  -0.1815384484283E+08  -0.1832311252707E+10   0.8467721650926E+06   0.9634880062089E+03   0.8477356530988E+06
    72   0.25488000E+04  -0.1812379015266E+10  -0.1781255619035E+08  -0.1830191571457E+10  -0.1813224199931E+10  -0.1781350877371E+08  -0.1831037708705E+10   0.8451846652089E+06   0.9525833549020E+03   0.8461372485638E+06
    73   0.25842000E+04  -0.1811440169162E+10  -0.1748337823340E+08  -0.1828923547395E+10  -0.1812283770333E+10  -0.1748432013881E+08  -0.1829768090472E+10   0.8436011711080E+06   0.9419054074159E+03   0.8445430765154E+06
    74   0.26196000E+04  -0.1810493859874E+10  -0.1716483885327E+08  -0.1827658698727E+10  -0.1811335881545E+10  -0.1716577030054E+08  -0.1828501651845E+10   0.8420216710811E+06   0.9314472795910E+03   0.8429531183607E+06
    75   0.26550000E+04  -0.1809541315735E+10  -0.1685645896359E+08  -0.1826397774698E+10  -0.1810381761888E+10  -0.1685738016596E+08  -0.1827239142054E+10   0.8404461534572E+06   0.9212023625103E+03   0.8413673558197E+06
    76   0.26904000E+04  -0.1808581277872E+10  -0.1655778694094E+08  -0.1825139064813E+10  -0.1809420152478E+10  -0.1655869810525E+08  -0.1825978850584E+10   0.8388746066020E+06   0.9111643088148E+03   0.8397857709108E+06
    77   0.27258000E+04  -0.1807614318203E+10  -0.1626839671494E+08  -0.1823882714918E+10  -0.1808451625222E+10  -0.1626929804196E+08  -0.1824720923264E+10   0.8373070189186E+06   0.9013270198359E+03   0.8382083459384E+06
    78   0.27612000E+04  -0.1806641001847E+10  -0.1598788601404E+08  -0.1822628887861E+10  -0.1807476745226E+10  -0.1598877769868E+08  -0.1823465522924E+10   0.8357433788470E+06   0.8916846334888E+03   0.8366350634805E+06
    79   0.27966000E+04  -0.1805660104244E+10  -0.1571587475222E+08  -0.1821375978996E+10  -0.1806494287919E+10  -0.1571675698373E+08  -0.1822211044903E+10   0.8341836748641E+06   0.8822315128726E+03   0.8350659063770E+06
    80   0.28320000E+04  -0.1804673333592E+10  -0.1545200354384E+08  -0.1820125337136E+10  -0.1805505961488E+10  -0.1545287650608E+08  -0.1820958837994E+10   0.8326278954835E+06   0.8729622355299E+03   0.8335008577190E+06
    81   0.28674000E+04  -0.1803679406661E+10  -0.1519593233506E+08  -0.1818875338996E+10  -0.1804510482690E+10  -0.1519679620665E+08  -0.1819707278897E+10   0.8310760292553E+06   0.8638715833200E+03   0.8319399008386E+06
    82   0.29028000E+04  -0.1802678906285E+10  -0.1494733914122E+08  -0.1817626245427E+10  -0.1803508434350E+10  -0.1494819409575E+08  -0.1818456628446E+10   0.8295280647661E+06   0.8549545328653E+03   0.8303830192989E+06
    83   0.29382000E+04  -0.1801672403004E+10  -0.1470591888096E+08  -0.1816378321885E+10  -0.1802500386995E+10  -0.1470676508720E+08  -0.1817207152082E+10   0.8279839906389E+06   0.8462062465326E+03   0.8288301968854E+06
    84   0.29736000E+04  -0.1800658601701E+10  -0.1447138229854E+08  -0.1815129984000E+10  -0.1801485045497E+10  -0.1447221992061E+08  -0.1815957265417E+10   0.8264437955330E+06   0.8376220639150E+03   0.8272814175969E+06
    85   0.30090000E+04  -0.1799639265258E+10  -0.1424345496682E+08  -0.1813882720225E+10  -0.1800464172726E+10  -0.1424428416431E+08  -0.1814708456891E+10   0.8249074681436E+06   0.8291974937798E+03   0.8257366656374E+06
    86   0.30444000E+04  -0.1798613132371E+10  -0.1402187636381E+08  -0.1812635008735E+10  -0.1799436507368E+10  -0.1402269729202E+08  -0.1813459204660E+10   0.8233749972020E+06   0.8209282064554E+03   0.8241959254085E+06
    87   0.30798000E+04  -0.1797580747662E+10  -0.1380639901690E+08  -0.1811387146679E+10  -0.1798402594034E+10  -0.1380721182693E+08  -0.1812209805861E+10   0.8218463714755E+06   0.8128100266274E+03   0.8226591815021E+06
    88   0.31152000E+04  -0.1796542638107E+10  -0.1359678770875E+08  -0.1810139425816E+10  -0.1797362959687E+10  -0.1359759254768E+08  -0.1810960552235E+10   0.8203215797668E+06   0.8048389265180E+03   0.8211264186933E+06
    89   0.31506000E+04  -0.1795498402977E+10  -0.1339281874004E+08  -0.1808891221717E+10  -0.1796317203588E+10  -0.1339361575105E+08  -0.1809710819339E+10   0.8188006109144E+06   0.7970110194263E+03   0.8195976219338E+06
    90   0.31860000E+04  -0.1794447339853E+10  -0.1319427924425E+08  -0.1807641619097E+10  -0.1795264623306E+10  -0.1319506856681E+08  -0.1808459691873E+10   0.8172834537924E+06   0.7893225536066E+03   0.8180727763461E+06
    91   0.32214000E+04  -0.1793390980740E+10  -0.1300096655040E+08  -0.1806391947290E+10  -0.1794206750837E+10  -0.1300174832031E+08  -0.1807208499157E+10   0.8157700973102E+06   0.7817699064629E+03   0.8165518672167E+06
    92   0.32568000E+04  -0.1792328239757E+10  -0.1281268758979E+08  -0.1805140927347E+10  -0.1793142500287E+10  -0.1281346193937E+08  -0.1805955962227E+10   0.8142605304123E+06   0.7743495790425E+03   0.8150348799914E+06
    93   0.32922000E+04  -0.1791259605093E+10  -0.1262925834330E+08  -0.1803888863436E+10  -0.1792072359835E+10  -0.1263002540149E+08  -0.1804702385236E+10   0.8127547420786E+06   0.7670581908097E+03   0.8135218002694E+06
    94   0.33276000E+04  -0.1790185569006E+10  -0.1245050332615E+08  -0.1802636072332E+10  -0.1790996821727E+10  -0.1245126321863E+08  -0.1803448084946E+10   0.8112527213237E+06   0.7598924746830E+03   0.8120126137984E+06
    95   0.33630000E+04  -0.1789105720571E+10  -0.1227625510715E+08  -0.1801381975678E+10  -0.1789915475028E+10  -0.1227700795642E+08  -0.1802192482985E+10   0.8097544571974E+06   0.7528492723200E+03   0.8105073064698E+06
    96   0.33984000E+04  -0.1788019473796E+10  -0.1210635385973E+08  -0.1800125827656E+10  -0.1788827733735E+10  -0.1210709978526E+08  -0.1800934833520E+10   0.8082599387842E+06   0.7459255296371E+03   0.8090058643139E+06
    97   0.34338000E+04  -0.1786928246234E+10  -0.1194064694250E+08  -0.1798868893177E+10  -0.1787735015389E+10  -0.1194138606080E+08  -0.1799676401450E+10   0.8067691552032E+06   0.7391182925486E+03   0.8075082734958E+06
    98   0.34692000E+04  -0.1785830980250E+10  -0.1177898850697E+08  -0.1797609968757E+10  -0.1786636262345E+10  -0.1177972093168E+08  -0.1798415983277E+10   0.8052820956080E+06   0.7324247029134E+03   0.8060145203109E+06
    99   0.35046000E+04  -0.1784728544377E+10  -0.1162123913050E+08  -0.1796349783508E+10  -0.1785532343126E+10  -0.1162196497249E+08  -0.1797154308099E+10   0.8037987491868E+06   0.7258419946784E+03   0.8045245911815E+06
   100   0.35400000E+04  -0.1783620199824E+10  -0.1146726547257E+08  -0.1795087465297E+10  -0.1784422518929E+10  -0.1146798484006E+08  -0.1795890503769E+10   0.8023191051620E+06   0.7193674902055E+03   0.8030384726522E+06
