#
#
#   Plasma Parameters
#    electron and ion temp [keV]:   0.1000D+01   0.1000D+01
#    number density nb   [cm^-3]:   0.2000D+27   0.1000D+27  0.1000D+27
#    mass array mb         [amu]:   0.5486D-03   0.2015D+01  0.3022D+01
#    mass array mb         [keV]:   0.5110D+03   0.1877D+07  0.2815D+07
#    charge array zb            :  -0.1000D+01   0.1000D+01  0.1000D+01
#
#
#   Projectile Parameters
#    charge      :   0.2000D+01
#    mass   [amu]:   0.4029D+01
#    mass   [keV]:   0.3753D+07
#    energy [keV]:   0.3540D+04
#  ne[cm^-3]    Te[keV]    Ti[keV]        ge       gi          etae         ze/2**1.5
#  0.2000D+27  0.1000D+01  0.1000D+01  0.8663D-01  0.6126D-01  0.1650D+00  0.3702D+00
# ab  =  0.4820D+00  0.1770D+04  0.2655D+04
# etab=  0.3359D+00  0.3359D+00  0.3359D+00
#
#          E [MeV]          dedx_e               dedx_I               dedx_tot
#
     0   0.17700000E-01  -0.1718383705725E-10   0.2430531188228E-08   0.2413347351170E-08   0.1264196790787E-10   0.2433232338704E-08   0.2445874306611E-08  -0.2982580496512E-10  -0.2701150475907E-11  -0.3252695544103E-10
     1   0.35400000E-01  -0.4720372469722E-10   0.2889437083867E-08   0.2842233359170E-08  -0.5024972014140E-11   0.2894741247674E-08   0.2889716275660E-08  -0.4217875268308E-10  -0.5304163806555E-11  -0.4748291648964E-10
     2   0.70800000E-01  -0.9035293809396E-10   0.3320072245105E-08   0.3229719307011E-08  -0.3070689734200E-10   0.3330650645147E-08   0.3299943747805E-08  -0.5964604075196E-10  -0.1057840004214E-10  -0.7022444079410E-10
     3   0.10620000E+00  -0.1180315364897E-09   0.3552031647232E-08   0.3434000110743E-08  -0.4498496559300E-10   0.3567975099719E-08   0.3522990134126E-08  -0.7304657089670E-10  -0.1594345248610E-10  -0.8899002338280E-10
     4   0.14160000E+00  -0.1367277115755E-09   0.3703414381369E-08   0.3566686669794E-08  -0.5238618101180E-10   0.3724804461090E-08   0.3672418280078E-08  -0.8434153056371E-10  -0.2139007972075E-10  -0.1057316102845E-09
     5   0.17700000E+00  -0.1498823794889E-09   0.3811291974566E-08   0.3661409595077E-08  -0.5559176714828E-10   0.3838202507023E-08   0.3782610739875E-08  -0.9429061234063E-10  -0.2691053245741E-10  -0.1212011447980E-09
     6   0.21240000E+00  -0.1593880465233E-09   0.3891939398585E-08   0.3732551352062E-08  -0.5610459388950E-10   0.3924648721870E-08   0.3868544127981E-08  -0.1032834526338E-09  -0.3270932328547E-10  -0.1359927759193E-09
     7   0.24780000E+00  -0.1663739447622E-09   0.3954102857675E-08   0.3787728912912E-08  -0.5482242061001E-10   0.3992889234387E-08   0.3938066813777E-08  -0.1115515241522E-09  -0.3878637671210E-10  -0.1503379008643E-09
     8   0.28320000E+00  -0.1715335239837E-09   0.4003093328710E-08   0.3831559804727E-08  -0.5228787328768E-10   0.4048084777480E-08   0.3995796904193E-08  -0.1192456506960E-09  -0.4499144877008E-10  -0.1642370994661E-09
     9   0.31860000E+00  -0.1753045200948E-09   0.4042228044510E-08   0.3866923524415E-08  -0.4883392105288E-10   0.4093503193644E-08   0.4044669272591E-08  -0.1264705990420E-09  -0.5127514913435E-10  -0.1777457481763E-09
    10   0.35400000E+00  -0.1780011444905E-09   0.4073749374150E-08   0.3895748229660E-08  -0.4469849240358E-10   0.4131362914489E-08   0.4086664422085E-08  -0.1333026520870E-09  -0.5761354033845E-10  -0.1909161924254E-09
    11   0.38940000E+00  -0.1798627369617E-09   0.4099254099324E-08   0.3919391362362E-08  -0.4006333771343E-10   0.4163240110930E-08   0.4123176773217E-08  -0.1397993992483E-09  -0.6398601160611E-10  -0.2037854108544E-09
    12   0.42480000E+00  -0.1810457342618E-09   0.4119894809259E-08   0.3938849074997E-08  -0.3504015105375E-10   0.4190269209333E-08   0.4155229058279E-08  -0.1460055832081E-09  -0.7037440007381E-10  -0.2163799832819E-09
    13   0.46020000E+00  -0.1816566532603E-09   0.4136521628327E-08   0.3954864975066E-08  -0.2969986673357E-10   0.4213284662934E-08   0.4183584796201E-08  -0.1519567865267E-09  -0.7676303460752E-10  -0.2287198211343E-09
    14   0.49560000E+00  -0.1817829366059E-09   0.4149798973055E-08   0.3968016036449E-08  -0.2410107640992E-10   0.4232937572062E-08   0.4208836495652E-08  -0.1576818601959E-09  -0.8313859900749E-10  -0.2408204592034E-09
    15   0.53100000E+00  -0.1815270063579E-09   0.4160278419872E-08   0.3978751413514E-08  -0.1832242419027E-10   0.4249768324403E-08   0.4231445900212E-08  -0.1632045821677E-09  -0.8948990453079E-10  -0.2526944866985E-09
    16   0.56640000E+00  -0.1810045245083E-09   0.4168434733890E-08   0.3987430209381E-08  -0.1245969972954E-10   0.4264242369412E-08   0.4251782669683E-08  -0.1685448247788E-09  -0.9580763552279E-10  -0.2643524603016E-09
    17   0.60180000E+00  -0.1803316276520E-09   0.4174674838516E-08   0.3994343210864E-08  -0.6612229737213E-11   0.4276758938448E-08   0.4270146708711E-08  -0.1737193979148E-09  -0.1020840999317E-09  -0.2758034978465E-09
    18   0.63720000E+00  -0.1796072350191E-09   0.4179335875279E-08   0.3999728640259E-08  -0.8645633804314E-12   0.4287648874543E-08   0.4286784311162E-08  -0.1787426716387E-09  -0.1083129992643E-09  -0.2870556709029E-09
    19   0.67260000E+00  -0.1789005127301E-09   0.4182682817612E-08   0.4003782304882E-08   0.4726532208684E-11   0.4297172041118E-08   0.4301898573327E-08  -0.1836270449388E-09  -0.1144892235060E-09  -0.2981162684448E-09
    20   0.70800000E+00  -0.1782414822971E-09   0.4184910977977E-08   0.4006669495680E-08   0.1014182237739E-10   0.4305519649880E-08   0.4315661472258E-08  -0.1883833046745E-09  -0.1206086719033E-09  -0.3089919765778E-09
    21   0.74340000E+00  -0.1776229217211E-09   0.4186154416012E-08   0.4008531494291E-08   0.1539798288814E-10   0.4312822514267E-08   0.4328220497155E-08  -0.1930209046092E-09  -0.1266680982549E-09  -0.3196890028642E-09
    22   0.77880000E+00  -0.1770133905399E-09   0.4186497867966E-08   0.4009484477426E-08   0.2053479471743E-10   0.4319162846349E-08   0.4339697641067E-08  -0.1975481852574E-09  -0.1326649783832E-09  -0.3302131636406E-09
    23   0.81420000E+00  -0.1763613428552E-09   0.4185991195954E-08   0.4009629853099E-08   0.2561120634712E-10   0.4324588593105E-08   0.4350199799452E-08  -0.2019725492023E-09  -0.1385973971505E-09  -0.3405699463528E-09
    24   0.84960000E+00  -0.1756083622737E-09   0.4184662894677E-08   0.4009054532403E-08   0.3069224016210E-10   0.4329126847100E-08   0.4359819087262E-08  -0.2063006024358E-09  -0.1444639524225E-09  -0.3507645548583E-09
    25   0.88500000E+00  -0.1746981944127E-09   0.4182531591676E-08   0.4007833397263E-08   0.3584007502547E-10   0.4332795265251E-08   0.4368635340277E-08  -0.2105382694381E-09  -0.1502636735756E-09  -0.3608019430137E-09
    26   0.92040000E+00  -0.1735818077856E-09   0.4179614595296E-08   0.4006032787510E-08   0.4110907994053E-10   0.4335610547703E-08   0.4376719627643E-08  -0.2146908877261E-09  -0.1559959524072E-09  -0.3706868401333E-09
    27   0.95580000E+00  -0.1722243386904E-09   0.4175933330499E-08   0.4003708991809E-08   0.4653894748572E-10   0.4337593815081E-08   0.4384132762566E-08  -0.2187632861761E-09  -0.1616604845816E-09  -0.3804237707577E-09
    28   0.99120000E+00  -0.1706025910980E-09   0.4171516009230E-08   0.4000913418132E-08   0.5215725930348E-10   0.4338773229233E-08   0.4390930488536E-08  -0.2227598504014E-09  -0.1672572200024E-09  -0.3900170704038E-09
    29   0.10266000E+01  -0.1687102180360E-09   0.4166398161244E-08   0.3997687943208E-08   0.5797435967085E-10   0.4339184481984E-08   0.4397158841655E-08  -0.2266845777068E-09  -0.1727863207402E-09  -0.3994708984470E-09
    30   0.10620000E+01  -0.1665465061588E-09   0.4160621773048E-08   0.3994075266889E-08   0.6399461742244E-10   0.4338869898401E-08   0.4402864515824E-08  -0.2305411235813E-09  -0.1782481253534E-09  -0.4087892489346E-09
    31   0.10974000E+01  -0.1641243889357E-09   0.4154233596083E-08   0.3990109207148E-08   0.7020845233420E-10   0.4337876714699E-08   0.4408085167033E-08  -0.2343328412699E-09  -0.1836431186152E-09  -0.4179759598851E-09
    32   0.11328000E+01  -0.1614627340807E-09   0.4147283251917E-08   0.3985820517836E-08   0.7660008156318E-10   0.4336255157736E-08   0.4412855239299E-08  -0.2380628156439E-09  -0.1889719058194E-09  -0.4270347214633E-09
    33   0.11682000E+01  -0.1585849659459E-09   0.4139821382390E-08   0.3981236416445E-08   0.8314892639509E-10   0.4334056573353E-08   0.4417205499748E-08  -0.2417338923410E-09  -0.1942351909624E-09  -0.4359690833034E-09
    34   0.12036000E+01  -0.1555153390967E-09   0.4131898078261E-08   0.3976382739164E-08   0.8983336386345E-10   0.4331331836475E-08   0.4421165200338E-08  -0.2453487029601E-09  -0.1994337582139E-09  -0.4447824611741E-09
    35   0.12390000E+01  -0.1522802366051E-09   0.4123561660785E-08   0.3971281424180E-08   0.9662945033902E-10   0.4328130116961E-08   0.4424759567300E-08  -0.2489096869442E-09  -0.2045684561761E-09  -0.4534781431203E-09
    36   0.12744000E+01  -0.1489051003098E-09   0.4114857821707E-08   0.3965952721398E-08   0.1035140103576E-09   0.4324498006222E-08   0.4428012016579E-08  -0.2524191106674E-09  -0.2096401845141E-09  -0.4620592951815E-09
    37   0.13098000E+01  -0.1454141478802E-09   0.4105829083622E-08   0.3960414935742E-08   0.1104649362726E-09   0.4320478966225E-08   0.4430943902497E-08  -0.2558790841528E-09  -0.2146498826022E-09  -0.4705289667551E-09
    38   0.13452000E+01  -0.1418298897493E-09   0.4096514523117E-08   0.3954684633368E-08   0.1174616860194E-09   0.4316113043003E-08   0.4433574729023E-08  -0.2592915757687E-09  -0.2195985198864E-09  -0.4788900956551E-09
    39   0.13806000E+01  -0.1381727201839E-09   0.4086949695082E-08   0.3948776974898E-08   0.1244857050116E-09   0.4311436782792E-08   0.4435922487804E-08  -0.2626584251955E-09  -0.2244870877101E-09  -0.4871455129055E-09
    40   0.14160000E+01  -0.1344617528735E-09   0.4077166701431E-08   0.3942704948558E-08   0.1315196020323E-09   0.4306483293819E-08   0.4438002895851E-08  -0.2659813549058E-09  -0.2293165923877E-09  -0.4952979472934E-09
    41   0.14514000E+01  -0.1307127906282E-09   0.4067194356393E-08   0.3936481565765E-08   0.1385491897316E-09   0.4301282405738E-08   0.4439831595470E-08  -0.2692619803598E-09  -0.2340880493451E-09  -0.5033500297049E-09
    42   0.14868000E+01  -0.1269408823631E-09   0.4057058410574E-08   0.3930117528210E-08   0.1455609367259E-09   0.4295860888744E-08   0.4441421825470E-08  -0.2725018190890E-09  -0.2388024781702E-09  -0.5113042972591E-09
    43   0.15222000E+01  -0.1231579943551E-09   0.4046781805400E-08   0.3923623811045E-08   0.1525443044559E-09   0.4290242703844E-08   0.4442787008300E-08  -0.2757022988110E-09  -0.2434608984436E-09  -0.5191631972546E-09
    44   0.15576000E+01  -0.1193753743805E-09   0.4036384937657E-08   0.3917009563276E-08   0.1594893903203E-09   0.4284449263893E-08   0.4443938654213E-08  -0.2788647647008E-09  -0.2480643262361E-09  -0.5269290909370E-09
    45   0.15930000E+01  -0.1156025325682E-09   0.4025885920281E-08   0.3910283387713E-08   0.1663879533536E-09   0.4278499691459E-08   0.4444887644813E-08  -0.2819904859218E-09  -0.2526137711778E-09  -0.5346042570995E-09
    46   0.16284000E+01  -0.1118475600758E-09   0.4015300830592E-08   0.3903453270516E-08   0.1732331014313E-09   0.4272411064608E-08   0.4445644166039E-08  -0.2850806615071E-09  -0.2571102340161E-09  -0.5421908955232E-09
    47   0.16638000E+01  -0.1081174893723E-09   0.4004643940742E-08   0.3896526451369E-08   0.1800189362966E-09   0.4266198645336E-08   0.4446217581633E-08  -0.2881364256689E-09  -0.2615547045944E-09  -0.5496911302633E-09
    48   0.16992000E+01  -0.1044180341306E-09   0.3993927927826E-08   0.3889509893696E-08   0.1867408184712E-09   0.4259876088016E-08   0.4446616906487E-08  -0.2911588526018E-09  -0.2659481601892E-09  -0.5571070127909E-09
    49   0.17346000E+01  -0.1007549511331E-09   0.3983164062826E-08   0.3882409111693E-08   0.1933940097045E-09   0.4253455626983E-08   0.4446849636687E-08  -0.2941489608377E-09  -0.2702915641565E-09  -0.5644405249941E-09
    50   0.17700000E+01  -0.9713205795759E-10   0.3972362378736E-08   0.3875230320778E-08   0.1999756592458E-09   0.4246948243578E-08   0.4446923902823E-08  -0.2971077172034E-09  -0.2745858648417E-09  -0.5716935820451E-09
    51   0.18054000E+01  -0.9355283768229E-10   0.3961531818957E-08   0.3867978981274E-08   0.2064832027410E-09   0.4240363813673E-08   0.4446847016414E-08  -0.3000360404233E-09  -0.2788319947161E-09  -0.5788680351393E-09
    52   0.18408000E+01  -0.9002061860031E-10   0.3950680367418E-08   0.3860659748818E-08   0.2129141858052E-09   0.4233711237125E-08   0.4446625422930E-08  -0.3029348044055E-09  -0.2830308697069E-09  -0.5859656741124E-09
    53   0.18762000E+01  -0.8653812113363E-10   0.3939815162101E-08   0.3853277040967E-08   0.2192667201117E-09   0.4226998550794E-08   0.4446265270906E-08  -0.3058048412453E-09  -0.2871833886934E-09  -0.5929882299387E-09
    54   0.19116000E+01  -0.8310789219446E-10   0.3928942593664E-08   0.3845834701470E-08   0.2255390517802E-09   0.4220233026808E-08   0.4445772078588E-08  -0.3086469439746E-09  -0.2912904331437E-09  -0.5999373771183E-09
    55   0.19470000E+01  -0.7973130162725E-10   0.3918068390857E-08   0.3838337089230E-08   0.2317305674559E-09   0.4213421257730E-08   0.4445151825186E-08  -0.3114618690832E-09  -0.2953528668734E-09  -0.6068147359566E-09
    56   0.19824000E+01  -0.7641043497204E-10   0.3907197694279E-08   0.3830787259307E-08   0.2378399038623E-09   0.4206569230185E-08   0.4444409134047E-08  -0.3142503388343E-09  -0.2993715359061E-09  -0.6136218747404E-09
    57   0.20178000E+01  -0.7314588593027E-10   0.3896335119948E-08   0.3823189234018E-08   0.2438671574656E-09   0.4199682388369E-08   0.4443549545835E-08  -0.3170130433959E-09  -0.3033472684215E-09  -0.6203603118173E-09
    58   0.20532000E+01  -0.6993910392049E-10   0.3885484813989E-08   0.3815545710068E-08   0.2498115388826E-09   0.4192765688766E-08   0.4442577227649E-08  -0.3197506428031E-09  -0.3072808747773E-09  -0.6270315175804E-09
    59   0.20886000E+01  -0.6679063824036E-10   0.3874650499612E-08   0.3807859861372E-08   0.2556731305297E-09   0.4185823647206E-08   0.4441496777736E-08  -0.3224637687700E-09  -0.3111731475939E-09  -0.6336369163640E-09
    60   0.21240000E+01  -0.6370166111322E-10   0.3863835517443E-08   0.3800133856330E-08   0.2614513652503E-09   0.4178860379334E-08   0.4440311744584E-08  -0.3251530263635E-09  -0.3150248618908E-09  -0.6401778882543E-09
    61   0.21594000E+01  -0.6067638756307E-10   0.3853042857686E-08   0.3792366470123E-08   0.2671426079885E-09   0.4171879632953E-08   0.4439022240942E-08  -0.3278189955516E-09  -0.3188367752673E-09  -0.6466557708188E-09
    62   0.21948000E+01  -0.5770730139310E-10   0.3842275199769E-08   0.3784567898376E-08   0.2727549312458E-09   0.4164884827888E-08   0.4437639759133E-08  -0.3304622326389E-09  -0.3226096281189E-09  -0.6530718607578E-09
    63   0.22302000E+01  -0.5479921483532E-10   0.3831534922378E-08   0.3776735707542E-08   0.2782840567624E-09   0.4157879066262E-08   0.4436163123025E-08  -0.3330832715977E-09  -0.3263441438847E-09  -0.6594274154825E-09
    64   0.22656000E+01  -0.5195134513514E-10   0.3820824135919E-08   0.3768872790784E-08   0.2837312801692E-09   0.4150865165238E-08   0.4434596445407E-08  -0.3356826253043E-09  -0.3300410293183E-09  -0.6657236546226E-09
    65   0.23010000E+01  -0.4916364778661E-10   0.3810144698586E-08   0.3760981050799E-08   0.2890971389023E-09   0.4143845673364E-08   0.4432942812266E-08  -0.3382607866889E-09  -0.3337009747783E-09  -0.6719617614671E-09
    66   0.23364000E+01  -0.4643633223466E-10   0.3799498232578E-08   0.3753061900343E-08   0.2943818975715E-09   0.4136822887113E-08   0.4431204784684E-08  -0.3408182298062E-09  -0.3373246545345E-09  -0.6781428843407E-09
    67   0.23718000E+01  -0.4376883627487E-10   0.3788886138164E-08   0.3745117301889E-08   0.2995865745585E-09   0.4129798865250E-08   0.4429385439809E-08  -0.3433554108334E-09  -0.3409127270867E-09  -0.6842681379200E-09
    68   0.24072000E+01  -0.4116146205785E-10   0.3778309605919E-08   0.3737148143862E-08   0.3047113069429E-09   0.4122775441410E-08   0.4427486748353E-08  -0.3458727690008E-09  -0.3444658354908E-09  -0.6903386044916E-09
    69   0.24426000E+01  -0.3861307830434E-10   0.3767769627482E-08   0.3729156549178E-08   0.3097576491575E-09   0.4115754235175E-08   0.4425511884332E-08  -0.3483707274619E-09  -0.3479846076929E-09  -0.6963553351548E-09
    70   0.24780000E+01  -0.3612376969148E-10   0.3757267005071E-08   0.3721143235380E-08   0.3147259244146E-09   0.4108736661937E-08   0.4423462586352E-08  -0.3508496941061E-09  -0.3514696568663E-09  -0.7023193509724E-09
    71   0.25134000E+01  -0.3369202350259E-10   0.3746802360027E-08   0.3713110336524E-08   0.3196180388176E-09   0.4101723941778E-08   0.4421341980596E-08  -0.3533100623202E-09  -0.3549215817510E-09  -0.7082316440712E-09
    72   0.25488000E+01  -0.3131776754414E-10   0.3736376140569E-08   0.3705058373025E-08   0.3244344441565E-09   0.4094717107563E-08   0.4419151551719E-08  -0.3557522117006E-09  -0.3583409669937E-09  -0.7140931786944E-09
    73   0.25842000E+01  -0.2900002595752E-10   0.3725988628953E-08   0.3696988602995E-08   0.3291764827653E-09   0.4087717012440E-08   0.4416893495205E-08  -0.3581765087228E-09  -0.3617283834869E-09  -0.7199048922097E-09
    74   0.26196000E+01  -0.2673797021292E-10   0.3715639948183E-08   0.3688901977970E-08   0.3338453371550E-09   0.4080724336889E-08   0.4414569674044E-08  -0.3605833073679E-09  -0.3650843887060E-09  -0.7256676960739E-09
    75   0.26550000E+01  -0.2453053775077E-10   0.3705330068416E-08   0.3680799530666E-08   0.3384424119618E-09   0.4073739595459E-08   0.4412182007421E-08  -0.3629729497126E-09  -0.3684095270429E-09  -0.7313824767555E-09
    76   0.26904000E+01  -0.2237647192119E-10   0.3695058813164E-08   0.3672682341243E-08   0.3429692945619E-09   0.4066763143300E-08   0.4409732437862E-08  -0.3653457664831E-09  -0.3717043301365E-09  -0.7370500966197E-09
    77   0.27258000E+01  -0.2027472147468E-10   0.3684825865398E-08   0.3664551143924E-08   0.3474273561021E-09   0.4059795182596E-08   0.4407222538699E-08  -0.3677020775768E-09  -0.3749693171980E-09  -0.7426713947748E-09
    78   0.27612000E+01  -0.1822432553703E-10   0.3674630773639E-08   0.3656406448102E-08   0.3518178670158E-09   0.4052835768970E-08   0.4404653635986E-08  -0.3700421925529E-09  -0.3782049953312E-09  -0.7482471878841E-09
    79   0.27966000E+01  -0.1622342998455E-10   0.3664472958080E-08   0.3648249528095E-08   0.3561429811111E-09   0.4045884817927E-08   0.4402027799038E-08  -0.3723664110956E-09  -0.3814118598473E-09  -0.7537782709429E-09
    80   0.28320000E+01  -0.1427056600725E-10   0.3654351716825E-08   0.3640081150817E-08   0.3604044574434E-09   0.4038942111398E-08   0.4399346568842E-08  -0.3746750234506E-09  -0.3845903945739E-09  -0.7592654180245E-09
    81   0.28674000E+01  -0.1236465533314E-10   0.3644266232252E-08   0.3631901576918E-08   0.3646036555037E-09   0.4032007304409E-08   0.4396610959913E-08  -0.3769683108369E-09  -0.3877410721575E-09  -0.7647093829943E-09
    82   0.29028000E+01  -0.1050397453670E-10   0.3634215577550E-08   0.3623711603014E-08   0.3687425712994E-09   0.4025079931910E-08   0.4393822503209E-08  -0.3792465458361E-09  -0.3908643543593E-09  -0.7701109001954E-09
    83   0.29382000E+01  -0.8686726748169E-11   0.3624198723443E-08   0.3615511996694E-08   0.3728232660123E-09   0.4018159415788E-08   0.4390982681800E-08  -0.3815099927605E-09  -0.3939606923451E-09  -0.7754706851056E-09
    84   0.29736000E+01  -0.6912122046126E-11   0.3614214545093E-08   0.3607302423047E-08   0.3768467859547E-09   0.4011245072061E-08   0.4388091858016E-08  -0.3837589080008E-09  -0.3970305269679E-09  -0.7807894349688E-09
    85   0.30090000E+01  -0.5176935224140E-11   0.3604261829217E-08   0.3599084893992E-08   0.3808166051317E-09   0.4004336118260E-08   0.4385152723392E-08  -0.3859935403558E-09  -0.4000742890437E-09  -0.7860678293996E-09
    86   0.30444000E+01  -0.3480267456314E-11   0.3594339281363E-08   0.3590859013907E-08   0.3847338638880E-09   0.3997431680984E-08   0.4382165544871E-08  -0.3882141313443E-09  -0.4030923996206E-09  -0.7913065309649E-09
    87   0.30798000E+01  -0.1820108725326E-11   0.3584445533372E-08   0.3582625424647E-08   0.3886008067753E-09   0.3990530803613E-08   0.4379131610389E-08  -0.3904209155006E-09  -0.4060852702412E-09  -0.7965061857418E-09
    88   0.31152000E+01  -0.1944034879449E-12   0.3574579150972E-08   0.3574384747484E-08   0.3924197171676E-09   0.3983632454170E-08   0.4376052171337E-08  -0.3926141206556E-09  -0.4090533031978E-09  -0.8016674238534E-09
    89   0.31506000E+01   0.1398607490963E-11   0.3564738641490E-08   0.3566137248980E-08   0.3961925756932E-09   0.3976735533271E-08   0.4372928108964E-08  -0.3947939682022E-09  -0.4119968917812E-09  -0.8067908599834E-09
    90   0.31860000E+01   0.2960592399676E-11   0.3554922461649E-08   0.3557883054048E-08   0.3999212657484E-09   0.3969838882171E-08   0.4369760147920E-08  -0.3969606733487E-09  -0.4149164205227E-09  -0.8118770938714E-09
    91   0.32214000E+01   0.4489190080522E-11   0.3545129025397E-08   0.3549618215477E-08   0.4036036354391E-09   0.3962941290826E-08   0.4366544926265E-08  -0.3991144453586E-09  -0.4178122654294E-09  -0.8169267107880E-09
    92   0.32568000E+01   0.5995540467948E-11   0.3535356711810E-08   0.3541352252278E-08   0.4072510282468E-09   0.3956041506023E-08   0.4363292534270E-08  -0.4012554877788E-09  -0.4206847942131E-09  -0.8219402819919E-09
    93   0.32922000E+01   0.7477087910631E-11   0.3525603872819E-08   0.3533080960730E-08   0.4108610865677E-09   0.3949138239332E-08   0.4359999325899E-08  -0.4033839986571E-09  -0.4235343665126E-09  -0.8269183651697E-09
    94   0.33276000E+01   0.8936003498657E-11   0.3515868841001E-08   0.3524804844500E-08   0.4144361742472E-09   0.3942230175112E-08   0.4356666349359E-08  -0.4055001707486E-09  -0.4263613341103E-09  -0.8318615048588E-09
    95   0.33630000E+01   0.1037379604991E-10   0.3506149937181E-08   0.3516523733231E-08   0.4179779877624E-09   0.3935315978323E-08   0.4353293966085E-08  -0.4076041917124E-09  -0.4291660411417E-09  -0.8367702328541E-09
    96   0.33984000E+01   0.1179279009744E-10   0.3496445477877E-08   0.3508238267974E-08   0.4214890343970E-09   0.3928394302176E-08   0.4349883336573E-08  -0.4096962442996E-09  -0.4319488242998E-09  -0.8416450685994E-09
    97   0.34338000E+01   0.1319520319128E-10   0.3486753782542E-08   0.3499948985734E-08   0.4249717097226E-09   0.3921463795576E-08   0.4346435505298E-08  -0.4117765065313E-09  -0.4347100130335E-09  -0.8464865195647E-09
    98   0.34692000E+01   0.1458251913241E-10   0.3477073180565E-08   0.3491655699697E-08   0.4284276710020E-09   0.3914523110304E-08   0.4342950781306E-08  -0.4138451518695E-09  -0.4374499297391E-09  -0.8512950816086E-09
    99   0.35046000E+01   0.1595667868958E-10   0.3467402017975E-08   0.3483358696665E-08   0.4318590280695E-09   0.3907570907923E-08   0.4339429935993E-08  -0.4159023493799E-09  -0.4401688899481E-09  -0.8560712393280E-09
   100   0.35400000E+01   0.1731985464154E-10   0.3457738663841E-08   0.3475058518482E-08   0.4352681185281E-09   0.3900605866349E-08   0.4335873984877E-08  -0.4179482638865E-09  -0.4428672025082E-09  -0.8608154663947E-09
