#
#
#   Plasma Parameters
#    electron and ion temp [keV]:   0.1000D+01   0.1000D+01
#    number density nb   [cm^-3]:   0.2000D+27   0.1000D+27  0.1000D+27
#    mass array mb         [amu]:   0.5486D-03   0.2015D+01  0.3022D+01
#    mass array mb         [keV]:   0.5110D+03   0.1877D+07  0.2815D+07
#    charge array zb            :  -0.1000D+01   0.1000D+01  0.1000D+01
#
#
#   Projectile Parameters
#    charge      :   0.2000D+01
#    mass   [amu]:   0.4029D+01
#    mass   [keV]:   0.3753D+07
#    energy [keV]:   0.3540D+04
#  ne[cm^-3]    Te[keV]    Ti[keV]        ge       gi          etae         ze/2**1.5
#  0.2000D+27  0.1000D+01  0.1000D+01  0.8663D-01  0.6126D-01  0.1650D+00  0.3702D+00
# ab  =  0.4820D+00  0.1770D+04  0.2655D+04
# etab=  0.3359D+00  0.3359D+00  0.3359D+00
#
#          E [MeV]          dedx_e               dedx_I               dedx_tot
#
     0   0.17700000E-01  -0.3040649731136E+01   0.2375044734091E+02   0.2070979760977E+02   0.1234026732861E+00   0.2375163246027E+02   0.2387503513356E+02  -0.3164052404422E+01  -0.1185119361354E-02  -0.3165237523784E+01
     1   0.35400000E-01  -0.2270424813356E+01   0.1997957935855E+02   0.1770915454520E+02  -0.3468394860233E-01   0.1998042105883E+02   0.1994573711023E+02  -0.2235740864754E+01  -0.8417002776481E-03  -0.2236582565031E+01
     2   0.70800000E-01  -0.1728544189874E+01   0.1625522292101E+02   0.1452667873113E+02  -0.1498703860008E+00   0.1625582331756E+02   0.1610595293156E+02  -0.1578673803874E+01  -0.6003965585940E-03  -0.1579274200432E+01
     3   0.10620000E+00  -0.1466429415919E+01   0.1421808054763E+02   0.1275165113171E+02  -0.1792675371050E+00   0.1421857503161E+02   0.1403930749450E+02  -0.1287161878814E+01  -0.4944839795212E-03  -0.1287656362793E+01
     4   0.14160000E+00  -0.1293935233109E+01   0.1285445839530E+02   0.1156052316219E+02  -0.1807930078588E+00   0.1285489014850E+02   0.1267409714065E+02  -0.1113142225250E+01  -0.4317532015457E-03  -0.1113573978452E+01
     5   0.17700000E+00  -0.1165822298861E+01   0.1184741237195E+02   0.1068159007309E+02  -0.1716012171930E+00   0.1184780149697E+02   0.1167620027978E+02  -0.9942210816678E+00  -0.3891250146442E-03  -0.9946102066825E+00
     6   0.21240000E+00  -0.1064411826904E+01   0.1105874684207E+02   0.9994335015171E+01  -0.1580948360459E+00   0.1105910680761E+02   0.1090101197157E+02  -0.9063169908578E+00  -0.3599655398769E-03  -0.9066769563977E+00
     7   0.24780000E+00  -0.9809277554950E+00   0.1041643240709E+02   0.9435504651600E+01  -0.1430224040974E+00   0.1041677129981E+02   0.1027374889571E+02  -0.8379053513976E+00  -0.3388927163019E-03  -0.8382442441139E+00
     8   0.28320000E+00  -0.9102862774543E+00   0.9878371157578E+01   0.8968084880123E+01  -0.1276000578227E+00   0.9878693073547E+01   0.9751093015725E+01  -0.7826862196316E+00  -0.3219159697875E-03  -0.7830081356014E+00
     9   0.31860000E+00  -0.8492422011018E+00   0.9417910992940E+01   0.8568668791839E+01  -0.1123557307438E+00   0.9418218580607E+01   0.9305862849863E+01  -0.7368864703580E+00  -0.3075876667206E-03  -0.7371940580247E+00
    10   0.35400000E+00  -0.7956536462115E+00   0.9017248050377E+01   0.8221594404165E+01  -0.9756358766346E-01   0.9017543236984E+01   0.8919979649320E+01  -0.6980900585480E+00  -0.2951866071574E-03  -0.6983852451551E+00
    11   0.38940000E+00  -0.7480455218767E+00   0.8663946367905E+01   0.7915900846029E+01  -0.8337688621531E-01   0.8664230611513E+01   0.8580853725297E+01  -0.6646686356614E+00  -0.2842436070718E-03  -0.6649528792685E+00
    12   0.42480000E+00  -0.7052978002065E+00   0.8348951033183E+01   0.7643653232976E+01  -0.6981845485916E-01   0.8349225469684E+01   0.8279407014825E+01  -0.6354793453473E+00  -0.2744365017752E-03  -0.6357537818491E+00
    13   0.46020000E+00  -0.6665494237337E+00   0.8065470646476E+01   0.7398921222742E+01  -0.5685618441178E-01   0.8065736184075E+01   0.8008879999663E+01  -0.6096932393219E+00  -0.2655375987919E-03  -0.6099587769207E+00
    14   0.49560000E+00  -0.6311522161428E+00   0.7808334632478E+01   0.7177182416335E+01  -0.4445977990099E-01   0.7808592014218E+01   0.7764132234317E+01  -0.5866924362418E+00  -0.2573817400144E-03  -0.5869498179818E+00
    15   0.53100000E+00  -0.5986593619940E+00   0.7573562006908E+01   0.6974902644914E+01  -0.3265368436987E-01   0.7573811853118E+01   0.7541158168748E+01  -0.5660056776242E+00  -0.2498462095498E-03  -0.5662555238337E+00
    16   0.56640000E+00  -0.5687666101920E+00   0.7358045066739E+01   0.6789278456547E+01  -0.2150019859831E-01   0.7358287904509E+01   0.7336787705910E+01  -0.5472664115937E+00  -0.2428377700461E-03  -0.5475092493637E+00
    17   0.60180000E+00  -0.5412539059715E+00   0.7159304999289E+01   0.6618051093318E+01  -0.1106925418528E-01   0.7159541283392E+01   0.7148472029206E+01  -0.5301846517862E+00  -0.2362841021985E-03  -0.5304209358884E+00
    18   0.63720000E+00  -0.5159341128523E+00   0.6975310087001E+01   0.6459375974148E+01  -0.1406550957204E-02   0.6975540215030E+01   0.6974133664073E+01  -0.5145275618951E+00  -0.2301280297396E-03  -0.5147576899248E+00
    19   0.67260000E+00  -0.4926212743443E+00   0.6804347892389E+01   0.6311726618044E+01   0.7484464070133E-02   0.6804572215935E+01   0.6812056680005E+01  -0.5001057384145E+00  -0.2243235457648E-03  -0.5003300619602E+00
    20   0.70800000E+00  -0.4711103760419E+00   0.6644941506968E+01   0.6173831130926E+01   0.1565293885940E-01   0.6645160339996E+01   0.6660813278855E+01  -0.4867633149013E+00  -0.2188330278399E-03  -0.4869821479291E+00
    21   0.74340000E+00  -0.4511781094966E+00   0.6495798475393E+01   0.6044620365896E+01   0.2319258045885E-01   0.6496012100645E+01   0.6519204681104E+01  -0.4743706899554E+00  -0.2136252524893E-03  -0.4745843152079E+00
    22   0.77880000E+00  -0.4326005242345E+00   0.6355780149545E+01   0.5923179625311E+01   0.3021857020909E-01   0.6355988823502E+01   0.6386207393711E+01  -0.4628190944436E+00  -0.2086739566487E-03  -0.4630277684003E+00
    23   0.81420000E+00  -0.4151559907825E+00   0.6223884655328E+01   0.5808728664545E+01   0.3686048148525E-01   0.6224088612107E+01   0.6260949093592E+01  -0.4520164722678E+00  -0.2039567794755E-03  -0.4522204290472E+00
    24   0.84960000E+00  -0.3986411121556E+00   0.6099235116447E+01   0.5700594004292E+01   0.4324320291726E-01   0.6099434570920E+01   0.6142677773837E+01  -0.4418843150728E+00  -0.1994544726979E-03  -0.4420837695455E+00
    25   0.88500000E+00  -0.3828792901320E+00   0.5981069933821E+01   0.5598190643689E+01   0.4947591017777E-01   0.5981265084124E+01   0.6030740994302E+01  -0.4323552003098E+00  -0.1951503032720E-03  -0.4325503506131E+00
    26   0.92040000E+00  -0.3677233151711E+00   0.5868732851186E+01   0.5501009536015E+01   0.5564753990826E-01   0.5868923880782E+01   0.5924571420690E+01  -0.4233708550794E+00  -0.1910295956191E-03  -0.4235618846750E+00
    27   0.95580000E+00  -0.3530605381336E+00   0.5761662092089E+01   0.5408601553955E+01   0.6182007985145E-01   0.5761849171465E+01   0.5823669251317E+01  -0.4148806179851E+00  -0.1870793764663E-03  -0.4150676973616E+00
    28   0.99120000E+00  -0.3388054807964E+00   0.5659378722970E+01   0.5320573242174E+01   0.6803472496937E-01   0.5659562011066E+01   0.5727596736036E+01  -0.4068402057657E+00  -0.1832880960303E-03  -0.4070234938618E+00
    29   0.10266000E+01  -0.3249033530145E+00   0.5561474805492E+01   0.5236571452478E+01   0.7430736278674E-01   0.5561654450899E+01   0.5635961813686E+01  -0.3992107158012E+00  -0.1796454066620E-03  -0.3993903612079E+00
    30   0.10620000E+01  -0.3113127646645E+00   0.5467602033757E+01   0.5156289269092E+01   0.8064504829617E-01   0.5467778175742E+01   0.5548423224038E+01  -0.3919578129607E+00  -0.1761419852187E-03  -0.3921339549459E+00
    31   0.10974000E+01  -0.2980141568238E+00   0.5377461276017E+01   0.5079447119194E+01   0.8703690500663E-01   0.5377634045407E+01   0.5464670950413E+01  -0.3850510618305E+00  -0.1727693890696E-03  -0.3852238312196E+00
    32   0.11328000E+01  -0.2849983489084E+00   0.5290793509068E+01   0.5005795160160E+01   0.9346502565621E-01   0.5290963029006E+01   0.5384428054662E+01  -0.3784633745646E+00  -0.1695199382298E-03  -0.3786328945029E+00
    33   0.11682000E+01  -0.2722638632316E+00   0.5207372151883E+01   0.4935108288652E+01   0.9990668818208E-01   0.5207538538501E+01   0.5307445226683E+01  -0.3721705514137E+00  -0.1663866179957E-03  -0.3723369380317E+00
    34   0.12036000E+01  -0.2598117691171E+00   0.5126996817840E+01   0.4867185048723E+01   0.1063391269708E+00   0.5127160180838E+01   0.5233499307809E+01  -0.3661508960879E+00  -0.1633629978136E-03  -0.3663142590857E+00
    35   0.12390000E+01  -0.2476468796264E+00   0.5049488341947E+01   0.4801841462321E+01   0.1127380123343E+00   0.5049648785110E+01   0.5162386797444E+01  -0.3603848919606E+00  -0.1604431631217E-03  -0.3605453351238E+00
    36   0.12744000E+01  -0.2357738464492E+00   0.4974684896755E+01   0.4738911050305E+01   0.1190810816047E+00   0.4974842518412E+01   0.5093923600017E+01  -0.3548549280539E+00  -0.1576216576478E-03  -0.3550125497116E+00
    37   0.13098000E+01  -0.2241967594835E+00   0.4902438997871E+01   0.4678242238388E+01   0.1253483065205E+00   0.4902593891306E+01   0.5027942197826E+01  -0.3495450660040E+00  -0.1548934342035E-03  -0.3496999594382E+00
    38   0.13452000E+01  -0.2129185640814E+00   0.4832615211820E+01   0.4619696647738E+01   0.1315222768720E+00   0.4832767465632E+01   0.4964289742504E+01  -0.3444408409534E+00  -0.1522538124408E-03  -0.3445930947659E+00
    39   0.13806000E+01  -0.2019406127424E+00   0.4765088403570E+01   0.4563147790828E+01   0.1375884779396E+00   0.4765238102012E+01   0.4902826579952E+01  -0.3395290906820E+00  -0.1496984423539E-03  -0.3396787891244E+00
    40   0.14160000E+01  -0.1912636136663E+00   0.4699742390052E+01   0.4508478776386E+01   0.1435341946937E+00   0.4699889613325E+01   0.4843423808018E+01  -0.3347978083600E+00  -0.1472232725578E-03  -0.3349450316325E+00
    41   0.14514000E+01  -0.1808854231183E+00   0.4636468894194E+01   0.4455583471076E+01   0.1493505920396E+00   0.4636613718717E+01   0.4785964310757E+01  -0.3302360151579E+00  -0.1448245225674E-03  -0.3303808396805E+00
    42   0.14868000E+01  -0.1708038866094E+00   0.4575166718935E+01   0.4404362832326E+01   0.1550297630141E+00   0.4575309217594E+01   0.4730338980608E+01  -0.3258336496235E+00  -0.1424986584469E-03  -0.3259761482819E+00
    43   0.15222000E+01  -0.1610143371860E+00   0.4515741081207E+01   0.4354726744021E+01   0.1605671340909E+00   0.4515881323578E+01   0.4676448457669E+01  -0.3215814712769E+00  -0.1402423713174E-03  -0.3217217136482E+00
    44   0.15576000E+01  -0.1515121532575E+00   0.4458103062125E+01   0.4306590908867E+01   0.1659588230566E+00   0.4458241114683E+01   0.4624199937739E+01  -0.3174709763142E+00  -0.1380525583033E-03  -0.3176090288725E+00
    45   0.15930000E+01  -0.1422916631076E+00   0.4402169141974E+01   0.4259877478866E+01   0.1712026605521E+00   0.4402305068279E+01   0.4573507728832E+01  -0.3134943236597E+00  -0.1359263055709E-03  -0.3136302499652E+00
    46   0.16284000E+01  -0.1333464866729E+00   0.4347860797783E+01   0.4214514311110E+01   0.1762977832271E+00   0.4347994658656E+01   0.4524292441883E+01  -0.3096442699001E+00  -0.1338608731704E-03  -0.3097781307732E+00
    47   0.16638000E+01  -0.1246698988231E+00   0.4295104147914E+01   0.4170434249091E+01   0.1812442130409E+00   0.4295236001596E+01   0.4476480214637E+01  -0.3059141118640E+00  -0.1318536814434E-03  -0.3060459655454E+00
    48   0.16992000E+01  -0.1162545536197E+00   0.4243829632872E+01   0.4127575079252E+01   0.1860430821887E+00   0.4243959535170E+01   0.4430002617359E+01  -0.3022976358084E+00  -0.1299022987906E-03  -0.3024275381072E+00
    49   0.17346000E+01  -0.1080938271291E+00   0.4193971724836E+01   0.4085877897707E+01   0.1906952452021E+00   0.4194099729267E+01   0.4384794974469E+01  -0.2987890723312E+00  -0.1280044306326E-03  -0.2989170767618E+00
    50   0.17700000E+01  -0.1001798163637E+00   0.4145468660750E+01   0.4045288844387E+01   0.1952032398985E+00   0.4145594818660E+01   0.4340798058558E+01  -0.2953830562622E+00  -0.1261579094168E-03  -0.2955092141716E+00
    51   0.18054000E+01  -0.9250492674812E-01   0.4098262195333E+01   0.4005757268585E+01   0.1995696641473E+00   0.4098386556018E+01   0.4297956220166E+01  -0.2920745908955E+00  -0.1243606855478E-03  -0.2921989515810E+00
    52   0.18408000E+01  -0.8506200371860E-01   0.4052297371459E+01   0.3967235367741E+01   0.2037970123001E+00   0.4052419982278E+01   0.4256216994578E+01  -0.2888590160187E+00  -0.1226108191347E-03  -0.2889816268378E+00
    53   0.18762000E+01  -0.7784385912403E-01   0.4007522306052E+01   0.3929678446928E+01   0.2078881201468E+00   0.4007643212524E+01   0.4215531332671E+01  -0.2857319792709E+00  -0.1209064724649E-03  -0.2858528857433E+00
    54   0.19116000E+01  -0.7084365983214E-01   0.3963887990075E+01   0.3893044330242E+01   0.2118457505955E+00   0.3964007235978E+01   0.4175852986573E+01  -0.2826894104277E+00  -0.1192459031246E-03  -0.2828086563308E+00
    55   0.19470000E+01  -0.6405395815349E-01   0.3921348101541E+01   0.3857294143387E+01   0.2156735401125E+00   0.3921465728999E+01   0.4137139269111E+01  -0.2797274982660E+00  -0.1176274576985E-03  -0.2798451257237E+00
    56   0.19824000E+01  -0.5746844762854E-01   0.3879858830629E+01   0.3822390383001E+01   0.2193742220791E+00   0.3879974880195E+01   0.4099349102274E+01  -0.2768426697077E+00  -0.1160495659869E-03  -0.2769587192736E+00
    57   0.20178000E+01  -0.5107987779257E-01   0.3839378716134E+01   0.3788298838341E+01   0.2229516931895E+00   0.3839493226869E+01   0.4062444920059E+01  -0.2740315709821E+00  -0.1145107356910E-03  -0.2741460817178E+00
    58   0.20532000E+01  -0.4488220800799E-01   0.3799868492561E+01   0.3754986284553E+01   0.2264088425716E+00   0.3799981502109E+01   0.4026390344680E+01  -0.2712910505795E+00  -0.1130095475166E-03  -0.2714040601271E+00
    59   0.20886000E+01  -0.3886896386651E-01   0.3761290947247E+01   0.3722421983380E+01   0.2297491799320E+00   0.3761402491898E+01   0.3991151671830E+01  -0.2686181437985E+00  -0.1115446506591E-03  -0.2687296884492E+00
    60   0.21240000E+01  -0.3303460005375E-01   0.3723610786894E+01   0.3690576186841E+01   0.2329754586592E+00   0.3723720901653E+01   0.3956696360312E+01  -0.2660100587130E+00  -0.1101147586321E-03  -0.2661201734716E+00
    61   0.21594000E+01  -0.2737658879339E-01   0.3686794510847E+01   0.3659417922054E+01   0.2360875746146E+00   0.3686903229492E+01   0.3922990804107E+01  -0.2634641634080E+00  -0.1087186454075E-03  -0.2635728820534E+00
    62   0.21948000E+01  -0.2188233637571E-01   0.3650810303680E+01   0.3628927967305E+01   0.2390956379750E+00   0.3650917658822E+01   0.3890013296797E+01  -0.2609779743507E+00  -0.1073551418407E-03  -0.2610853294926E+00
    63   0.22302000E+01  -0.1655049889159E-01   0.3615627913130E+01   0.3599077414239E+01   0.2419986468873E+00   0.3615733936262E+01   0.3857732583150E+01  -0.2585491457789E+00  -0.1060231323533E-03  -0.2586551689113E+00
    64   0.22656000E+01  -0.1137506334006E-01   0.3581218558488E+01   0.3569843495147E+01   0.2448003966631E+00   0.3581323280039E+01   0.3826123676702E+01  -0.2561754600032E+00  -0.1047215518534E-03  -0.2562801815550E+00
    65   0.23010000E+01  -0.6350944018901E-02   0.3547554834039E+01   0.3541203890021E+01   0.2475038745127E+00   0.3547658283422E+01   0.3795162157935E+01  -0.2538548185316E+00  -0.1034493828700E-03  -0.2539582679145E+00
    66   0.23364000E+01  -0.1473527515034E-02   0.3514610621434E+01   0.3513137093919E+01   0.2501117064210E+00   0.3514712827087E+01   0.3764824533508E+01  -0.2515852339360E+00  -0.1022056528872E-03  -0.2516874395889E+00
    67   0.23718000E+01   0.3262217069920E-02   0.3482361008123E+01   0.3485623225193E+01   0.2526270394562E+00   0.3482461997555E+01   0.3735089037011E+01  -0.2493648223863E+00  -0.1009894318584E-03  -0.2494658118181E+00
    68   0.24072000E+01   0.7860359874257E-02   0.3450782211495E+01   0.3458642571369E+01   0.2550521566649E+00   0.3450882011325E+01   0.3705934167990E+01  -0.2471917967906E+00  -0.9979982988777E-04  -0.2472915966205E+00
    69   0.24426000E+01   0.1232596091090E-01   0.3419851508341E+01   0.3432177469252E+01   0.2573904213939E+00   0.3419950144336E+01   0.3677340565730E+01  -0.2450644604830E+00  -0.9863599506513E-04  -0.2451630964781E+00
    70   0.24780000E+01   0.1666285438207E-01   0.3389547169309E+01   0.3406210023692E+01   0.2596440557895E+00   0.3389644666421E+01   0.3649288722210E+01  -0.2429812014074E+00  -0.9749711144210E-04  -0.2430786985189E+00
    71   0.25134000E+01   0.2087600223974E-01   0.3359848398036E+01   0.3380724400275E+01   0.2618164889936E+00   0.3359944780433E+01   0.3621761269426E+01  -0.2409404867538E+00  -0.9638239713851E-04  -0.2410368691510E+00
    72   0.25488000E+01   0.2496898846129E-01   0.3330735274638E+01   0.3355704263099E+01   0.2639098464652E+00   0.3330830565740E+01   0.3594740412205E+01  -0.2389408580039E+00  -0.9529110256923E-04  -0.2390361491065E+00
    73   0.25842000E+01   0.2894596518943E-01   0.3302188703306E+01   0.3331134668495E+01   0.2659268915406E+00   0.3302282925815E+01   0.3568209817355E+01  -0.2369809263511E+00  -0.9422250878242E-04  -0.2370751488599E+00
    74   0.26196000E+01   0.3281079428213E-01   0.3274190363718E+01   0.3307001158000E+01   0.2678701627434E+00   0.3274283539644E+01   0.3542153702387E+01  -0.2350593684612E+00  -0.9317592590074E-04  -0.2351525443871E+00
    75   0.26550000E+01   0.3656736510422E-01   0.3246722666028E+01   0.3283290031133E+01   0.2697422876487E+00   0.3246814816720E+01   0.3516557104369E+01  -0.2331749225444E+00  -0.9215069165805E-04  -0.2332670732361E+00
    76   0.26904000E+01   0.4021956578343E-01   0.3219768709207E+01   0.3259988274990E+01   0.2715459504953E+00   0.3219859855377E+01   0.3491405805872E+01  -0.2313263847119E+00  -0.9114617002483E-04  -0.2314175308819E+00
    77   0.27258000E+01   0.4377097261170E-01   0.3193312242497E+01   0.3237083215109E+01   0.2732835782046E+00   0.3193402404247E+01   0.3466685982452E+01  -0.2295126055929E+00  -0.9016174991574E-04  -0.2296027673428E+00
    78   0.27612000E+01   0.4722495337723E-01   0.3167337629798E+01   0.3214562583175E+01   0.2749574405679E+00   0.3167426826642E+01   0.3442384267210E+01  -0.2277324871907E+00  -0.8919684397377E-04  -0.2278216840347E+00
    79   0.27966000E+01   0.5058544094539E-01   0.3141829816762E+01   0.3192415257707E+01   0.2765704209031E+00   0.3141918067650E+01   0.3418488488553E+01  -0.2259849799577E+00  -0.8825088742544E-04  -0.2260732308451E+00
    80   0.28320000E+01   0.5385593174049E-01   0.3116774300433E+01   0.3170630232174E+01   0.2781250118121E+00   0.3116861623770E+01   0.3394986635582E+01  -0.2242690800716E+00  -0.8732333700241E-04  -0.2243564034086E+00
    81   0.28674000E+01   0.5703949819335E-01   0.3092157101248E+01   0.3149196599442E+01   0.2796233250902E+00   0.3092243514918E+01   0.3371866840008E+01  -0.2225838268969E+00  -0.8641366992468E-04  -0.2226702405668E+00
    82   0.29028000E+01   0.6013959377910E-01   0.3067964737229E+01   0.3128104331008E+01   0.2810678943957E+00   0.3068050258612E+01   0.3349118153007E+01  -0.2209283006166E+00  -0.8552138294155E-04  -0.2210138219995E+00
    83   0.29382000E+01   0.6315961071103E-01   0.3044184200213E+01   0.3107343810924E+01   0.2824612307322E+00   0.3044268846204E+01   0.3326730076936E+01  -0.2193016200211E+00  -0.8464599142623E-04  -0.2193862660126E+00
    84   0.29736000E+01   0.6610207049366E-01   0.3020802933972E+01   0.3086905004466E+01   0.2838050109358E+00   0.3020886721001E+01   0.3304691731936E+01  -0.2177029404421E+00  -0.8378702852089E-04  -0.2177867274706E+00
    85   0.30090000E+01   0.6897122891452E-01   0.2997808814067E+01   0.3066780042982E+01   0.2851026807341E+00   0.2997891758112E+01   0.3282994438846E+01  -0.2161314518196E+00  -0.8294404432846E-04  -0.2162143958639E+00
    86   0.30444000E+01   0.7176948322932E-01   0.2975190129310E+01   0.3046959612540E+01   0.2863558601227E+00   0.2975272245916E+01   0.3261628106038E+01  -0.2145863768934E+00  -0.8211660514858E-04  -0.2146684934985E+00
    87   0.30798000E+01   0.7449997187985E-01   0.2952935564700E+01   0.3027435536580E+01   0.2875669413885E+00   0.2953016868992E+01   0.3240583810381E+01  -0.2130669695086E+00  -0.8130429275470E-04  -0.2131482738014E+00
    88   0.31152000E+01   0.7716577089147E-01   0.2931034185701E+01   0.3008199956592E+01   0.2887382839186E+00   0.2931114692404E+01   0.3219852976323E+01  -0.2115725130271E+00  -0.8050670370963E-04  -0.2116530197308E+00
    89   0.31506000E+01   0.7976964731433E-01   0.2909475423758E+01   0.2989245071072E+01   0.2898719661513E+00   0.2909555147206E+01   0.3199427113358E+01  -0.2101023188370E+00  -0.7972344871743E-04  -0.2101820422857E+00
    90   0.31860000E+01   0.8231421885731E-01   0.2888249062921E+01   0.2970563281778E+01   0.2909699438111E+00   0.2888328017073E+01   0.3179297960884E+01  -0.2086557249538E+00  -0.7895415200916E-04  -0.2087346791058E+00
    91   0.32214000E+01   0.8479910992657E-01   0.2867345227470E+01   0.2952144337396E+01   0.2920312046317E+00   0.2867423425920E+01   0.3159454630552E+01  -0.2072320947052E+00  -0.7819845076045E-04  -0.2073102931559E+00
    92   0.32568000E+01   0.8723364978339E-01   0.2846754370497E+01   0.2933988020280E+01   0.2930644652790E+00   0.2846831826491E+01   0.3139896291770E+01  -0.2058308154956E+00  -0.7745599453919E-04  -0.2059082714901E+00
    93   0.32922000E+01   0.8961714575784E-01   0.2826467263194E+01   0.2916084408952E+01   0.2940684434007E+00   0.2826543989639E+01   0.3120612433039E+01  -0.2044512976429E+00  -0.7672644478111E-04  -0.2045280240877E+00
    94   0.33276000E+01   0.9195226895274E-01   0.2806474984969E+01   0.2898427253921E+01   0.2950452422362E+00   0.2806550994443E+01   0.3101596236679E+01  -0.2030929732835E+00  -0.7600947429211E-04  -0.2031689827578E+00
    95   0.33630000E+01   0.9424114947881E-01   0.2786768914139E+01   0.2881010063618E+01   0.2959964448197E+00   0.2786844218906E+01   0.3082840663726E+01  -0.2017552953409E+00  -0.7530476677527E-04  -0.2018306001076E+00
    96   0.33984000E+01   0.9648643296926E-01   0.2767340719202E+01   0.2863827152171E+01   0.2969241695225E+00   0.2767415331218E+01   0.3064339500740E+01  -0.2004377365532E+00  -0.7461201638147E-04  -0.2005123485696E+00
    97   0.34338000E+01   0.9869062161479E-01   0.2748182350576E+01   0.2846872972191E+01   0.2978304101708E+00   0.2748256281504E+01   0.3046086691674E+01  -0.1991397885560E+00  -0.7393092728213E-04  -0.1992137194833E+00
    98   0.34692000E+01   0.1008556419270E+00   0.2729286032779E+01   0.2830141674706E+01   0.2987166029432E+00   0.2729359293993E+01   0.3028075896936E+01  -0.1978609610163E+00  -0.7326121326266E-04  -0.1979342222295E+00
    99   0.35046000E+01   0.1029836863438E+00   0.2710644256947E+01   0.2813627943290E+01   0.2995844671585E+00   0.2710716859544E+01   0.3010301326702E+01  -0.1966007808146E+00  -0.7260259733574E-04  -0.1966733834120E+00
   100   0.35400000E+01   0.1050770521265E+00   0.2692249773662E+01   0.2797326825788E+01   0.3004358433993E+00   0.2692321728473E+01   0.2992757571872E+01  -0.1953587912728E+00  -0.7195481137301E-04  -0.1954307460842E+00
