#
#
#   Plasma Parameters
#    electron and ion temp [keV]:   0.1000D+01   0.1000D+01
#    number density nb   [cm^-3]:   0.2000D+27   0.1000D+27  0.1000D+27
#    mass array mb         [amu]:   0.5486D-03   0.2015D+01  0.3022D+01
#    mass array mb         [keV]:   0.5110D+03   0.1877D+07  0.2815D+07
#    charge array zb            :  -0.1000D+01   0.1000D+01  0.1000D+01
#
#
#   Projectile Parameters
#    charge      :   0.2000D+01
#    mass   [amu]:   0.4029D+01
#    mass   [keV]:   0.3753D+07
#    energy [keV]:   0.3540D+04
#  ne[cm^-3]    Te[keV]    Ti[keV]        ge       gi          etae         ze/2**1.5
#  0.2000D+27  0.1000D+01  0.1000D+01  0.8663D-01  0.6126D-01  0.1650D+00  0.3702D+00
# ab  =  0.4820D+00  0.1770D+04  0.2655D+04
# etab=  0.3359D+00  0.3359D+00  0.3359D+00
     0   0.17700000E+02   0.1386326598489E+07   0.3754887492903E+08   0.3893520152751E+08   0.4111806122737E+07   0.3758142595984E+08   0.4169323208258E+08  -0.2725479524248E+07  -0.3255103081837E+05  -0.2758030555067E+07
     1   0.35400000E+02   0.2656112291347E+07   0.2336386729306E+08   0.2601997958441E+08   0.6684998470476E+07   0.2339848888318E+08   0.3008348735366E+08  -0.4028886179130E+07  -0.3462159011941E+05  -0.4063507769249E+07
     2   0.70800000E+02   0.4631815093800E+07   0.1375758298229E+08   0.1838939807609E+08   0.1044414833157E+08   0.1379348058416E+08   0.2423762891573E+08  -0.5812333237769E+07  -0.3589760187278E+05  -0.5848230839641E+07
     3   0.10620000E+03   0.6086784311598E+07   0.9929940865204E+07   0.1601672517680E+08   0.1324271625286E+08   0.9966477487936E+07   0.2320919374080E+08  -0.7155931941265E+07  -0.3653662273254E+05  -0.7192468563997E+07
     4   0.14160000E+03   0.7271740875823E+07   0.7834725138843E+07   0.1510646601467E+08   0.1554805174237E+08   0.7871726268412E+07   0.2341977801078E+08  -0.8276310866548E+07  -0.3700112956850E+05  -0.8313311996116E+07
     5   0.17700000E+03   0.8293160847212E+07   0.6501064407751E+07   0.1479422525496E+08   0.1754802093937E+08   0.6538443181011E+07   0.2408646412038E+08  -0.9254860092154E+07  -0.3737877325914E+05  -0.9292238865413E+07
     6   0.21240000E+03   0.9204126869136E+07   0.5572526336523E+07   0.1477665320566E+08   0.1933690038748E+08   0.5610466792742E+07   0.2494736718022E+08  -0.1013277351835E+08  -0.3794045621937E+05  -0.1017071397456E+08
     7   0.24780000E+03   0.1003483325284E+08   0.4886384485108E+07   0.1492121773795E+08   0.2096918310217E+08   0.4925016506985E+07   0.2589419960916E+08  -0.1093434984933E+08  -0.3863202187659E+05  -0.1097298187121E+08
     8   0.28320000E+03   0.1080413396073E+08   0.4357450754554E+07   0.1516158471528E+08   0.2247949086978E+08   0.4396720851684E+07   0.2687621172147E+08  -0.1167535690905E+08  -0.3927009713027E+05  -0.1171462700618E+08
     9   0.31860000E+03   0.1152462489840E+08   0.3936492347136E+07   0.1546111724553E+08   0.2389134644910E+08   0.3976322172304E+07   0.2786766862140E+08  -0.1236672155070E+08  -0.3982982516758E+05  -0.1240655137587E+08
    10   0.35400000E+03   0.1220519867961E+08   0.3593020873762E+07   0.1579821955337E+08   0.2522158836640E+08   0.3633338226936E+07   0.2885492659334E+08  -0.1301638968679E+08  -0.4031735317388E+05  -0.1305670703997E+08
    11   0.38940000E+03   0.1285237293642E+08   0.3307126690197E+07   0.1615949962662E+08   0.2648272976867E+08   0.3347865731500E+07   0.2983059550017E+08  -0.1363035683225E+08  -0.4073904130340E+05  -0.1367109587355E+08
    12   0.42480000E+03   0.1347107260073E+08   0.3065236491338E+07   0.1653630909207E+08   0.2768435362090E+08   0.3106337056364E+07   0.3079069067726E+08  -0.1421328102017E+08  -0.4110056502577E+05  -0.1425438158519E+08
    13   0.46020000E+03   0.1406513789010E+08   0.2857763461293E+07   0.1692290135139E+08   0.2883400596336E+08   0.2899170666924E+07   0.3173317663028E+08  -0.1476886807326E+08  -0.4140720563090E+05  -0.1481027527889E+08
    14   0.49560000E+03   0.1463764069633E+08   0.2677737268456E+07   0.1731537796478E+08   0.2993776549250E+08   0.2719401196625E+07   0.3265716668912E+08  -0.1530012479617E+08  -0.4166392816936E+05  -0.1534178872434E+08
    15   0.53100000E+03   0.1519104791660E+08   0.2519966047850E+07   0.1771101396445E+08   0.3100057948479E+08   0.2561841430121E+07   0.3356242091491E+08  -0.1580953156819E+08  -0.4187538227100E+05  -0.1585140695046E+08
    16   0.56640000E+03   0.1572739055366E+08   0.2380502356279E+07   0.1810789290994E+08   0.3202655420880E+08   0.2422548245409E+07   0.3444910245421E+08  -0.1629916365514E+08  -0.4204588912950E+05  -0.1634120954427E+08
    17   0.60180000E+03   0.1624836743412E+08   0.2256290342016E+07   0.1850465777614E+08   0.3301914616243E+08   0.2298469776340E+07   0.3531761593877E+08  -0.1677077872831E+08  -0.4217943432363E+05  -0.1681295816264E+08
    18   0.63720000E+03   0.1675541071803E+08   0.2144926050357E+07   0.1890033676839E+08   0.3398129215507E+08   0.2187205720670E+07   0.3616849787574E+08  -0.1722588143704E+08  -0.4227967031260E+05  -0.1726816110736E+08
    19   0.67260000E+03   0.1724973986221E+08   0.2044490821230E+07   0.1929423068344E+08   0.3491551185322E+08   0.2086840748525E+07   0.3700235260174E+08  -0.1766577199101E+08  -0.4234992729445E+05  -0.1770812191830E+08
    20   0.70800000E+03   0.1773239570982E+08   0.1953433297560E+07   0.1968582900738E+08   0.3582397905467E+08   0.1995826527477E+07   0.3781980558215E+08  -0.1809158334486E+08  -0.4239322991625E+05  -0.1813397657477E+08
    21   0.74340000E+03   0.1820430284175E+08   0.1870484454229E+07   0.2007478729597E+08   0.3670861293681E+08   0.1912896771707E+07   0.3862150970852E+08  -0.1850431009506E+08  -0.4241231747770E+05  -0.1854672241254E+08
    22   0.77880000E+03   0.1866625056275E+08   0.1794595397648E+07   0.2046084596040E+08   0.3757108180562E+08   0.1837005063437E+07   0.3940808686906E+08  -0.1890483124287E+08  -0.4240966578902E+05  -0.1894724090866E+08
    23   0.81420000E+03   0.1911894735783E+08   0.1724891222256E+07   0.2084383858009E+08   0.3841287570280E+08   0.1767278731633E+07   0.4018015443443E+08  -0.1929392834497E+08  -0.4238750937717E+05  -0.1933631585435E+08
    24   0.84960000E+03   0.1956301800502E+08   0.1660636186421E+07   0.2122365419144E+08   0.3923531815138E+08   0.1702984049595E+07   0.4093830220098E+08  -0.1967230014636E+08  -0.4234786317419E+05  -0.1971464800953E+08
    25   0.88500000E+03   0.1999900968675E+08   0.1601207076496E+07   0.2160021676325E+08   0.4003958418225E+08   0.1643499619647E+07   0.4168308380190E+08  -0.2004057449550E+08  -0.4229254315097E+05  -0.2008286703866E+08
    26   0.92040000E+03   0.2042743213267E+08   0.1546072542092E+07   0.2197350467476E+08   0.4082675026769E+08   0.1588295727687E+07   0.4241504599537E+08  -0.2039931813502E+08  -0.4222318559473E+05  -0.2044154132061E+08
    27   0.95580000E+03   0.2084871698188E+08   0.1494776855021E+07   0.2234349383690E+08   0.4159776179583E+08   0.1536918119910E+07   0.4313467991574E+08  -0.2074904481395E+08  -0.4214126488887E+05  -0.2079118607883E+08
    28   0.99120000E+03   0.2126328084882E+08   0.1446926995766E+07   0.2271020784459E+08   0.4235350290971E+08   0.1488975105526E+07   0.4384247801524E+08  -0.2109022206090E+08  -0.4204810976027E+05  -0.2113227017066E+08
    29   0.10266000E+04   0.2167147617322E+08   0.1402182280974E+07   0.2307365845420E+08   0.4309475305237E+08   0.1444127199000E+07   0.4453888025137E+08  -0.2142327687914E+08  -0.4194491802618E+05  -0.2146522179717E+08
    30   0.10620000E+04   0.2207363820004E+08   0.1360245963405E+07   0.2343388416345E+08   0.4382223876659E+08   0.1402078733319E+07   0.4522431749991E+08  -0.2174860056655E+08  -0.4183276991406E+05  -0.2179043333646E+08
    31   0.10974000E+04   0.2247007204861E+08   0.1320858372801E+07   0.2379093042141E+08   0.4453662486814E+08   0.1362571012851E+07   0.4589919588099E+08  -0.2206655281953E+08  -0.4171264004979E+05  -0.2210826545958E+08
    32   0.11328000E+04   0.2286104870854E+08   0.1283791290297E+07   0.2414483999884E+08   0.4523851395574E+08   0.1325376698517E+07   0.4656389065426E+08  -0.2237746524720E+08  -0.4158540822014E+05  -0.2241905065542E+08
    33   0.11682000E+04   0.2324681396296E+08   0.1248843302940E+07   0.2449565726590E+08   0.4592845835916E+08   0.1290295171958E+07   0.4721875353112E+08  -0.2268164439620E+08  -0.4145186901785E+05  -0.2272309626522E+08
    34   0.12036000E+04   0.2362752952759E+08   0.1215835951639E+07   0.2484336547923E+08   0.4660690389481E+08   0.1257148692115E+07   0.4786405258692E+08  -0.2297937436722E+08  -0.4131274047564E+05  -0.2302068710769E+08
    35   0.12390000E+04   0.2400349419481E+08   0.1184610521893E+07   0.2518810471671E+08   0.4727441328352E+08   0.1225779193683E+07   0.4850019247721E+08  -0.2327091908871E+08  -0.4116867178947E+05  -0.2331208776050E+08
    36   0.12744000E+04   0.2437487198095E+08   0.1155025358040E+07   0.2552989733899E+08   0.4793139628221E+08   0.1196045608266E+07   0.4912744189048E+08  -0.2355652430126E+08  -0.4102025022502E+05  -0.2359754455149E+08
    37   0.13098000E+04   0.2474186203863E+08   0.1126953605615E+07   0.2586881564425E+08   0.4857828133515E+08   0.1167821612908E+07   0.4974610294805E+08  -0.2383641929651E+08  -0.4086800729353E+05  -0.2387728730381E+08
    38   0.13452000E+04   0.2510465304264E+08   0.1100281305137E+07   0.2620493434778E+08   0.4921547148938E+08   0.1140993729412E+07   0.5035646521880E+08  -0.2411081844675E+08  -0.4071242427508E+05  -0.2415153087102E+08
    39   0.13806000E+04   0.2546339713605E+08   0.1074905775527E+07   0.2653830291158E+08   0.4984331969138E+08   0.1115459712687E+07   0.5095877940407E+08  -0.2437992255533E+08  -0.4055393716020E+05  -0.2442047649249E+08
    40   0.14160000E+04   0.2581821265187E+08   0.1050734237132E+07   0.2686894688900E+08   0.5046213270482E+08   0.1091127178205E+07   0.5155325988303E+08  -0.2464392005296E+08  -0.4039294107307E+05  -0.2468431299403E+08
    41   0.14514000E+04   0.2616923842332E+08   0.1027682633841E+07   0.2719692105716E+08   0.5107222648413E+08   0.1067912428075E+07   0.5214013891220E+08  -0.2490298806081E+08  -0.4022979423326E+05  -0.2494321785504E+08
    42   0.14868000E+04   0.2651661447070E+08   0.1005674621302E+07   0.2752228909200E+08   0.5167390780899E+08   0.1045739442809E+07   0.5271964725180E+08  -0.2515729333829E+08  -0.4006482150635E+05  -0.2519735815980E+08
    43   0.15222000E+04   0.2686050654618E+08   0.9846406943126E+06   0.2784514724049E+08   0.5226749967655E+08   0.1024539011901E+07   0.5329203868845E+08  -0.2540699313036E+08  -0.3989831758856E+05  -0.2544689144795E+08
    44   0.15576000E+04   0.2720094137937E+08   0.9645174313414E+06   0.2816545881071E+08   0.5285317730658E+08   0.1004247981207E+07   0.5385742528779E+08  -0.2565223592721E+08  -0.3973054986559E+05  -0.2569196647707E+08
    45   0.15930000E+04   0.2753810743029E+08   0.9452468380429E+06   0.2848335426834E+08   0.5343126957737E+08   0.9848085990235E+06   0.5441607817639E+08  -0.2589316214708E+08  -0.3956176098068E+05  -0.2593272390806E+08
    46   0.16284000E+04   0.2787202245061E+08   0.9267757747804E+06   0.2879879822539E+08   0.5400192720228E+08   0.9661679459244E+06   0.5496809514821E+08  -0.2612990475167E+08  -0.3939217114402E+05  -0.2616929692281E+08
    47   0.16638000E+04   0.2820286125975E+08   0.9090554557418E+06   0.2911191671549E+08   0.5456545106173E+08   0.9482774359526E+06   0.5551372849769E+08  -0.2636258980198E+08  -0.3922198021086E+05  -0.2640181178219E+08
    48   0.16992000E+04   0.2853067275496E+08   0.8920410093003E+06   0.2942271376426E+08   0.5512200971658E+08   0.9310923788538E+06   0.5605310209544E+08  -0.2659133696162E+08  -0.3905136955352E+05  -0.2663038833118E+08
    49   0.17346000E+04   0.2885552015354E+08   0.8756910909681E+06   0.2973121124451E+08   0.5567178010701E+08   0.9145715947171E+06   0.5658635170173E+08  -0.2681625995347E+08  -0.3888050374902E+05  -0.2685514045722E+08
    50   0.17700000E+04   0.2917749284410E+08   0.8599675416736E+06   0.3003746038578E+08   0.5621495981902E+08   0.8986770737756E+06   0.5711363689279E+08  -0.2703746697491E+08  -0.3870953210206E+05  -0.2707617650702E+08
    51   0.18054000E+04   0.2949668561177E+08   0.8448350852347E+06   0.3034152069701E+08   0.5675174668799E+08   0.8833736752550E+06   0.5763512036324E+08  -0.2725506107622E+08  -0.3853859002032E+05  -0.2729359966624E+08
    52   0.18408000E+04   0.2981317246226E+08   0.8302610598364E+06   0.3064343352210E+08   0.5728231296814E+08   0.8686288600944E+06   0.5815094182823E+08  -0.2746914050588E+08  -0.3836780025795E+05  -0.2750750830614E+08
    53   0.18762000E+04   0.3012700509473E+08   0.8162151791043E+06   0.3094322027383E+08   0.5780680412123E+08   0.8544124531447E+06   0.5866121657438E+08  -0.2767979902650E+08  -0.3819727404035E+05  -0.2771799630054E+08
    54   0.19116000E+04   0.3043823052709E+08   0.8026693190098E+06   0.3124089984610E+08   0.5832535673131E+08   0.8406964310927E+06   0.5916605316240E+08  -0.2788712620422E+08  -0.3802711208293E+05  -0.2792515331630E+08
    55   0.19470000E+04   0.3074691870356E+08   0.7895973273877E+06   0.3153651603095E+08   0.5883812637783E+08   0.8274547329020E+06   0.5966558111073E+08  -0.2809120767427E+08  -0.3785740551429E+05  -0.2812906507978E+08
    56   0.19824000E+04   0.3105314275539E+08   0.7769748533016E+06   0.3183011760869E+08   0.5934526814055E+08   0.8146630900152E+06   0.6015993123056E+08  -0.2829212538516E+08  -0.3768823671364E+05  -0.2832981362187E+08
    57   0.20178000E+04   0.3135698715232E+08   0.7647791938715E+06   0.3212176634619E+08   0.5984694497580E+08   0.8022988739426E+06   0.6064924384974E+08  -0.2848995782348E+08  -0.3751968007105E+05  -0.2852747750355E+08
    58   0.20532000E+04   0.3165842070737E+08   0.7529891565083E+06   0.3241140986388E+08   0.6034320092859E+08   0.7903409591864E+06   0.6113354188778E+08  -0.2868478022122E+08  -0.3735180267809E+05  -0.2872213202390E+08
    59   0.20886000E+04   0.3195758625762E+08   0.7415849347682E+06   0.3269917119239E+08   0.6083425100479E+08   0.7787695997241E+06   0.6161302060452E+08  -0.2887666474717E+08  -0.3718466495593E+05  -0.2891384941213E+08
    60   0.21240000E+04   0.3225444567658E+08   0.7305479962773E+06   0.3298499367286E+08   0.6132012636058E+08   0.7675663175040E+06   0.6208769267809E+08  -0.2906568068400E+08  -0.3701832122670E+05  -0.2910269900523E+08
    61   0.21594000E+04   0.3254907396322E+08   0.7198609813035E+06   0.3326893494453E+08   0.6180096855543E+08   0.7567138015374E+06   0.6255768235697E+08  -0.2925189459220E+08  -0.3685282023396E+05  -0.2928874741244E+08
    62   0.21948000E+04   0.3284156899530E+08   0.7095076112396E+06   0.3355107660654E+08   0.6227693945744E+08   0.7461958168565E+06   0.6302313527430E+08  -0.2943537046214E+08  -0.3668820561689E+05  -0.2947205866775E+08
    63   0.22302000E+04   0.3313188961608E+08   0.6994726048291E+06   0.3383136222091E+08   0.6274805947127E+08   0.7359971211719E+06   0.6348405659244E+08  -0.2961616985519E+08  -0.3652451634280E+05  -0.2965269437153E+08
    64   0.22656000E+04   0.3342012277211E+08   0.6897416027737E+06   0.3410986437488E+08   0.6321447480711E+08   0.7261033898755E+06   0.6394057819699E+08  -0.2979435203501E+08  -0.3636178710175E+05  -0.2983071382211E+08
    65   0.23010000E+04   0.3370629976024E+08   0.6803010987405E+06   0.3438660085898E+08   0.6367627384989E+08   0.7165011474075E+06   0.6439277499730E+08  -0.2996997408965E+08  -0.3620004866701E+05  -0.3000617413832E+08
    66   0.23364000E+04   0.3399044073507E+08   0.6711383765503E+06   0.3466157911162E+08   0.6413353178046E+08   0.7071777047747E+06   0.6484070948524E+08  -0.3014309104540E+08  -0.3603932822432E+05  -0.3017913037362E+08
    67   0.23718000E+04   0.3427262841502E+08   0.6622414528437E+06   0.3493486986786E+08   0.6458638438795E+08   0.6981211025168E+06   0.6528450549047E+08  -0.3031375597293E+08  -0.3587964967307E+05  -0.3034963562261E+08
    68   0.24072000E+04   0.3455283875338E+08   0.6535990246739E+06   0.3520643777806E+08   0.6503485883989E+08   0.6893200585757E+06   0.6572417889847E+08  -0.3048202008651E+08  -0.3572103390176E+05  -0.3051774112041E+08
    69   0.24426000E+04   0.3483112786383E+08   0.6452004215412E+06   0.3547632828537E+08   0.6547906070047E+08   0.6807639205814E+06   0.6615982462105E+08  -0.3064793283664E+08  -0.3556349904024E+05  -0.3068349633568E+08
    70   0.24780000E+04   0.3510751177732E+08   0.6370355614337E+06   0.3574454733876E+08   0.6591905377418E+08   0.6724426221244E+06   0.6659149639630E+08  -0.3081154199686E+08  -0.3540706069070E+05  -0.3084694905755E+08
    71   0.25134000E+04   0.3538207019610E+08   0.6290949104919E+06   0.3601116510659E+08   0.6635496394108E+08   0.6643466426313E+06   0.6701931058371E+08  -0.3097289374499E+08  -0.3525173213937E+05  -0.3100814547713E+08
    72   0.25488000E+04   0.3565477503197E+08   0.6213694459507E+06   0.3627614447792E+08   0.6678680777132E+08   0.6564669705014E+06   0.6744327474182E+08  -0.3113203273935E+08  -0.3509752455071E+05  -0.3116713026390E+08
    73   0.25842000E+04   0.3592567503246E+08   0.6138506220542E+06   0.3653952565452E+08   0.6721467722275E+08   0.6487950691996E+06   0.6786347229195E+08  -0.3128900219029E+08  -0.3494444714547E+05  -0.3132394663743E+08
    74   0.26196000E+04   0.3619478513064E+08   0.6065303386683E+06   0.3680131546931E+08   0.6763862905797E+08   0.6413228460325E+06   0.6827995190400E+08  -0.3144384392733E+08  -0.3479250736417E+05  -0.3147863643470E+08
    75   0.26550000E+04   0.3646217409250E+08   0.5994009123455E+06   0.3706157500484E+08   0.6805877255490E+08   0.6340426233628E+06   0.6869281517827E+08  -0.3159659846241E+08  -0.3464171101724E+05  -0.3163124017342E+08
    76   0.26904000E+04   0.3672781697226E+08   0.5924550496214E+06   0.3732027202188E+08   0.6847512202152E+08   0.6269471120443E+06   0.6910206913356E+08  -0.3174730504926E+08  -0.3449206242287E+05  -0.3178179711168E+08
    77   0.27258000E+04   0.3699175634090E+08   0.5856858223443E+06   0.3757744216324E+08   0.6888775808035E+08   0.6200293868781E+06   0.6950778746723E+08  -0.3189600173945E+08  -0.3434356453384E+05  -0.3193034530399E+08
    78   0.27612000E+04   0.3725403423794E+08   0.5790866448611E+06   0.3783312088281E+08   0.6929675967310E+08   0.6132828639151E+06   0.6991004253701E+08  -0.3204272543515E+08  -0.3419621905400E+05  -0.3207692165421E+08
    79   0.27966000E+04   0.3751462348028E+08   0.5726512528972E+06   0.3808727473318E+08   0.6970213541920E+08   0.6067012794427E+06   0.7030883669864E+08  -0.3218751193891E+08  -0.3405002654551E+05  -0.3222156196546E+08
    80   0.28320000E+04   0.3777360867066E+08   0.5663736839867E+06   0.3833998235464E+08   0.7010400467134E+08   0.6002786705141E+06   0.7070428334185E+08  -0.3233039600068E+08  -0.3390498652744E+05  -0.3236430098721E+08
    81   0.28674000E+04   0.3803095858923E+08   0.5602482593214E+06   0.3859120684855E+08   0.7050236995143E+08   0.5940093568879E+06   0.7109637930832E+08  -0.3247141136221E+08  -0.3376109756655E+05  -0.3250517245977E+08
    82   0.29028000E+04   0.3828671335767E+08   0.5542695669005E+06   0.3884098292457E+08   0.7089730415671E+08   0.5878879242614E+06   0.7148519208097E+08  -0.3261059079904E+08  -0.3361835736090E+05  -0.3264420915640E+08
    83   0.29382000E+04   0.3854091250720E+08   0.5484324458731E+06   0.3908934495308E+08   0.7128887866746E+08   0.5819092086899E+06   0.7187078787615E+08  -0.3274796616026E+08  -0.3347676281683E+05  -0.3278144292308E+08
    84   0.29736000E+04   0.3879352131337E+08   0.5427319719773E+06   0.3933625328534E+08   0.7167708971945E+08   0.5760682820972E+06   0.7225315800155E+08  -0.3288356840608E+08  -0.3333631011985E+05  -0.3291690471620E+08
    85   0.30090000E+04   0.3904462549557E+08   0.5371634439864E+06   0.3958178893956E+08   0.7206205313909E+08   0.5703604387864E+06   0.7263241357788E+08  -0.3301742764352E+08  -0.3319699480001E+05  -0.3305062463832E+08
    86   0.30444000E+04   0.3929419021038E+08   0.5317223710822E+06   0.3982591258146E+08   0.7244376337056E+08   0.5647811828744E+06   0.7300854455343E+08  -0.3314957316017E+08  -0.3305881179213E+05  -0.3318263197197E+08
    87   0.30798000E+04   0.3954225192900E+08   0.5264044610833E+06   0.4006865639008E+08   0.7282228538527E+08   0.5593262165746E+06   0.7338161160185E+08  -0.3328003345627E+08  -0.3292175549130E+05  -0.3331295521177E+08
    88   0.31152000E+04   0.3978884637834E+08   0.5212056094599E+06   0.4031005198780E+08   0.7319768265349E+08   0.5539914292640E+06   0.7375167408275E+08  -0.3340883627515E+08  -0.3278581980408E+05  -0.3344162209495E+08
    89   0.31506000E+04   0.4003397129759E+08   0.5161218890763E+06   0.4055009318666E+08   0.7356997992969E+08   0.5487728872720E+06   0.7411875281696E+08  -0.3353600863210E+08  -0.3265099819569E+05  -0.3356865963030E+08
    90   0.31860000E+04   0.4027761114689E+08   0.5111495406043E+06   0.4078876068750E+08   0.7393918798883E+08   0.5436668243379E+06   0.7448285481316E+08  -0.3366157684193E+08  -0.3251728373356E+05  -0.3369409412567E+08
    91   0.32214000E+04   0.4051984172228E+08   0.5062849635568E+06   0.4102612668584E+08   0.7430540826732E+08   0.5386696326843E+06   0.7484407790000E+08  -0.3378556654504E+08  -0.3238466912745E+05  -0.3381795121417E+08
    92   0.32568000E+04   0.4076063085231E+08   0.5015247078981E+06   0.4126215556021E+08   0.7466863358462E+08   0.5337778546646E+06   0.7520241143929E+08  -0.3390800273231E+08  -0.3225314676647E+05  -0.3394025587908E+08
    93   0.32922000E+04   0.4100001078195E+08   0.4968654661811E+06   0.4149687624813E+08   0.7502892055076E+08   0.5289881749344E+06   0.7555790872569E+08  -0.3402890976881E+08  -0.3212270875330E+05  -0.3406103247756E+08
    94   0.33276000E+04   0.4123801395106E+08   0.4923040661823E+06   0.4173031801725E+08   0.7538632536736E+08   0.5242974131179E+06   0.7591062278048E+08  -0.3414831141630E+08  -0.3199334693561E+05  -0.3418030476323E+08
    95   0.33630000E+04   0.4147463464925E+08   0.4878374639917E+06   0.4196247211324E+08   0.7574086550405E+08   0.5197025169268E+06   0.7626056802098E+08  -0.3426623085480E+08  -0.3186505293514E+05  -0.3429809590774E+08
    96   0.33984000E+04   0.4170985897325E+08   0.4834627375263E+06   0.4219332171077E+08   0.7609254967632E+08   0.5152005557008E+06   0.7660775023202E+08  -0.3438269070307E+08  -0.3173781817453E+05  -0.3441442852125E+08
    97   0.34338000E+04   0.4194375772024E+08   0.4791770804394E+06   0.4242293480068E+08   0.7644147075843E+08   0.5107887143415E+06   0.7695225947277E+08  -0.3449771303818E+08  -0.3161163390202E+05  -0.3452932467209E+08
    98   0.34692000E+04   0.4217629629095E+08   0.4749777963950E+06   0.4265127408734E+08   0.7678761570514E+08   0.5064642876092E+06   0.7729407999275E+08  -0.3461131941420E+08  -0.3148649121418E+05  -0.3464280590541E+08
    99   0.35046000E+04   0.4240752194526E+08   0.4708622936833E+06   0.4287838423894E+08   0.7713105282528E+08   0.5022246747602E+06   0.7763327750004E+08  -0.3472353088001E+08  -0.3136238107698E+05  -0.3475489326109E+08
   100   0.35400000E+04   0.4263741264665E+08   0.4668280801535E+06   0.4310424072680E+08   0.7747178064309E+08   0.4980673744987E+06   0.7796984801759E+08  -0.3483436799644E+08  -0.3123929434512E+05  -0.3486560729078E+08
