     0   0.17700000E+02   0.3038478893355E+07   0.3773666846022E+08   0.4077514735357E+08   0.5764125195996E+07   0.3776922723700E+08   0.4353335243300E+08  -0.2725646302641E+07  -0.3255877678345E+05  -0.2758205079425E+07
     1   0.35400000E+02   0.4492625502645E+07   0.2290448242597E+08   0.2739710792861E+08   0.8521756812005E+07   0.2293911673883E+08   0.3146087355083E+08  -0.4029131309359E+07  -0.3463431285730E+05  -0.4063765622217E+07
     2   0.70800000E+02   0.6484560624682E+07   0.1327225318715E+08   0.1975681381183E+08   0.1229724289183E+08   0.1330817334733E+08   0.2560541623916E+08  -0.5812682267145E+07  -0.3592016018302E+05  -0.5848602427329E+07
     3   0.10620000E+03   0.7987679004996E+07   0.9530023231243E+07   0.1751770223624E+08   0.1514404130683E+08   0.9566592383440E+07   0.2471063369027E+08  -0.7156362301834E+07  -0.3656915219756E+05  -0.7192931454031E+07
     4   0.14160000E+03   0.9243234172769E+07   0.7503297950368E+07   0.1674653212314E+08   0.1752004450280E+08   0.7540343476176E+07   0.2506038797898E+08  -0.8276810330031E+07  -0.3704552580773E+05  -0.8313855855839E+07
     5   0.17700000E+03   0.1034184424539E+08   0.6220400227838E+07   0.1656224447323E+08   0.1959726058610E+08   0.6257836614541E+07   0.2585509720064E+08  -0.9255416340712E+07  -0.3743638670288E+05  -0.9292852727415E+07
     6   0.21240000E+03   0.1132935844378E+08   0.5330040854653E+07   0.1665939929843E+08   0.2146273885424E+08   0.5368046773350E+07   0.2683078562759E+08  -0.1013338041046E+08  -0.3800591869750E+05  -0.1017138632916E+08
     7   0.24780000E+03   0.1223281159625E+08   0.4673351328162E+07   0.1690616292441E+08   0.2316782330962E+08   0.4712058492048E+07   0.2787988180166E+08  -0.1093501171336E+08  -0.3870716388620E+05  -0.1097371887725E+08
     8   0.28320000E+03   0.1306976962774E+08   0.4167697415427E+07   0.1723746704316E+08   0.2474583129505E+08   0.4207053981495E+07   0.2895288527655E+08  -0.1167606166732E+08  -0.3935656606893E+05  -0.1171541823338E+08
     9   0.31860000E+03   0.1385238549314E+08   0.3765543330842E+07   0.1761792882398E+08   0.2621985163574E+08   0.3805471218528E+07   0.3002532285427E+08  -0.1236746614260E+08  -0.3992788768553E+05  -0.1240739403029E+08
    10   0.35400000E+03   0.1458950361618E+08   0.3437547418168E+07   0.1802705103435E+08   0.2760667516193E+08   0.3477974519505E+07   0.3108464968143E+08  -0.1301717154575E+08  -0.4042710133659E+05  -0.1305759864708E+08
    11   0.38940000E+03   0.1528779146256E+08   0.3164589999223E+07   0.1845238146179E+08   0.2891897227367E+08   0.3205450525092E+07   0.3212442279877E+08  -0.1363118081111E+08  -0.4086052586967E+05  -0.1367204133698E+08
    12   0.42480000E+03   0.1595244955677E+08   0.2933658869779E+07   0.1888610842655E+08   0.3016658801999E+08   0.2974892674632E+07   0.3314148069463E+08  -0.1421413846323E+08  -0.4123380485345E+05  -0.1425537226808E+08
    13   0.46020000E+03   0.1658759875000E+08   0.2735579223900E+07   0.1932317797390E+08   0.3135735604313E+08   0.2777131416174E+07   0.3413448745931E+08  -0.1476975729313E+08  -0.4155219227433E+05  -0.1481130948540E+08
    14   0.49560000E+03   0.1719658119690E+08   0.2563689133789E+07   0.1976027033069E+08   0.3249763343409E+08   0.2605509763869E+07   0.3510314319796E+08  -0.1530105223720E+08  -0.4182063008069E+05  -0.1534287286728E+08
    15   0.53100000E+03   0.1778217707642E+08   0.2413029966203E+07   0.2019520704262E+08   0.3359266527963E+08   0.2455073714759E+07   0.3604773899439E+08  -0.1581048820322E+08  -0.4204374855554E+05  -0.1585253195177E+08
    16   0.56640000E+03   0.1834669266644E+08   0.2279831867662E+07   0.2062652453410E+08   0.3464684092767E+08   0.2322057720493E+07   0.3696889864817E+08  -0.1630014826124E+08  -0.4222585283120E+05  -0.1634237411407E+08
    17   0.60180000E+03   0.1889208868472E+08   0.2161175738251E+07   0.2105326442297E+08   0.3566387887852E+08   0.2203546653513E+07   0.3786742553204E+08  -0.1677179019380E+08  -0.4237091526180E+05  -0.1681416110907E+08
    18   0.63720000E+03   0.1942004446310E+08   0.2054764721525E+07   0.2147480918462E+08   0.3664696320856E+08   0.2097247299035E+07   0.3874421050760E+08  -0.1722691874546E+08  -0.4248257751057E+05  -0.1726940132298E+08
    19   0.67260000E+03   0.1993199719788E+08   0.1958765843491E+07   0.2189076304137E+08   0.3759884620531E+08   0.2001330004538E+07   0.3960017620984E+08  -0.1766684900742E+08  -0.4256416104741E+05  -0.1770941316847E+08
    20   0.70800000E+03   0.2042924216260E+08   0.1871697846686E+07   0.2230094000929E+08   0.3852192692028E+08   0.1914316530231E+07   0.4043624345051E+08  -0.1809268475767E+08  -0.4261868354522E+05  -0.1813530344122E+08
    21   0.74340000E+03   0.2080842064332E+08   0.1792350194354E+07   0.2260077083767E+08   0.3931385573740E+08   0.1834999073167E+07   0.4114885481057E+08  -0.1850543509409E+08  -0.4264887881358E+05  -0.1854808397290E+08
    22   0.77880000E+03   0.2126676127075E+08   0.1719723562984E+07   0.2298648483374E+08   0.4017274034505E+08   0.1762380781410E+07   0.4193512112646E+08  -0.1890597907429E+08  -0.4265721842563E+05  -0.1894863629272E+08
    23   0.81420000E+03   0.2171247642871E+08   0.1652985439439E+07   0.2336546186815E+08   0.4100757473382E+08   0.1695631373166E+07   0.4270320610699E+08  -0.1929509830511E+08  -0.4264593372782E+05  -0.1933774423884E+08
    24   0.84960000E+03   0.2214633134710E+08   0.1591436517078E+07   0.2373776786417E+08   0.4181982292348E+08   0.1634053554439E+07   0.4345387647792E+08  -0.1967349157639E+08  -0.4261703736110E+05  -0.1971610861375E+08
    25   0.88500000E+03   0.2256901294432E+08   0.1534484936703E+07   0.2410349788102E+08   0.4261079972118E+08   0.1577057280456E+07   0.4418785700164E+08  -0.2004178677686E+08  -0.4257234375316E+05  -0.2008435912062E+08
    26   0.92040000E+03   0.2298112990600E+08   0.1481626307719E+07   0.2446275621372E+08   0.4338169136759E+08   0.1524139795995E+07   0.4490583116359E+08  -0.2040056146160E+08  -0.4251348827576E+05  -0.2044307494987E+08
    27   0.95580000E+03   0.2338326459442E+08   0.1432428044840E+07   0.2481569263926E+08   0.4413357263701E+08   0.1474869989763E+07   0.4560844262677E+08  -0.2075030804259E+08  -0.4244194492284E+05  -0.2079274998751E+08
    28   0.99120000E+03   0.2377591646039E+08   0.1386516966254E+07   0.2516243342664E+08   0.4486742112845E+08   0.1428876008725E+07   0.4629629713718E+08  -0.2109150466807E+08  -0.4235904247152E+05  -0.2113386371054E+08
    29   0.10266000E+04   0.2415955089861E+08   0.1343569384584E+07   0.2550312028319E+08   0.4558412926756E+08   0.1385835363740E+07   0.4696996463130E+08  -0.2142457836895E+08  -0.4226597915588E+05  -0.2146684434811E+08
    30   0.10620000E+04   0.2453458246863E+08   0.1303303123220E+07   0.2583788559185E+08   0.4628451449157E+08   0.1345466959145E+07   0.4762998145071E+08  -0.2174993202294E+08  -0.4216383592480E+05  -0.2179209585886E+08
    31   0.10974000E+04   0.2490142548046E+08   0.1265471033979E+07   0.2616689651444E+08   0.4696932788822E+08   0.1307524622356E+07   0.4827685251058E+08  -0.2206790240776E+08  -0.4205358837744E+05  -0.2210995599613E+08
    32   0.11328000E+04   0.2526042908073E+08   0.1229855696244E+07   0.2649028477697E+08   0.4763926161865E+08   0.1271791813725E+07   0.4891105343238E+08  -0.2237883253792E+08  -0.4193611748103E+05  -0.2242076865541E+08
    33   0.11682000E+04   0.2561192631609E+08   0.1196265053258E+07   0.2680819136935E+08   0.4829495529622E+08   0.1238077272436E+07   0.4953303256865E+08  -0.2268302898012E+08  -0.4181221917812E+05  -0.2272484119930E+08
    34   0.12036000E+04   0.2595622565415E+08   0.1164528797574E+07   0.2712075445172E+08   0.4893700150778E+08   0.1206211410562E+07   0.5014321291834E+08  -0.2298077585363E+08  -0.4168261298820E+05  -0.2302245846661E+08
    35   0.12390000E+04   0.2629361349825E+08   0.1134495359614E+07   0.2742810885787E+08   0.4956595060240E+08   0.1176043309317E+07   0.5074199391172E+08  -0.2327233710415E+08  -0.4154794970364E+05  -0.2331388505385E+08
    36   0.12744000E+04   0.2662435638894E+08   0.1106029384924E+07   0.2773038577386E+08   0.5018231487732E+08   0.1147438203197E+07   0.5132975308051E+08  -0.2355795848838E+08  -0.4140881827296E+05  -0.2359936730665E+08
    37   0.13098000E+04   0.2694870292763E+08   0.1079009609887E+07   0.2802771253751E+08   0.5078657224059E+08   0.1120275361844E+07   0.5190684760243E+08  -0.2383786931296E+08  -0.4126575195681E+05  -0.2387913506492E+08
    38   0.13452000E+04   0.2729176144102E+08   0.1053327064209E+07   0.2834508850523E+08   0.5140404540526E+08   0.1094446298044E+07   0.5249849170330E+08  -0.2411228396424E+08  -0.4111923383463E+05  -0.2415340319807E+08
    39   0.13806000E+04   0.2760633319733E+08   0.1028883542858E+07   0.2863521674019E+08   0.5198775739230E+08   0.1069853244590E+07   0.5305761063689E+08  -0.2438142419497E+08  -0.4096970173190E+05  -0.2442239389670E+08
    40   0.14160000E+04   0.2791537887636E+08   0.1005590301359E+07   0.2892096917772E+08   0.5256081567780E+08   0.1046407853990E+07   0.5360722353179E+08  -0.2464543680144E+08  -0.4081755263146E+05  -0.2468625435407E+08
    41   0.14514000E+04   0.2821907236811E+08   0.9833669371561E+06   0.2920243930527E+08   0.5312359199109E+08   0.1024030083781E+07   0.5414762207487E+08  -0.2490451962298E+08  -0.4066314662494E+05  -0.2494518276961E+08
    42   0.14868000E+04   0.2851759691991E+08   0.9621404267013E+06   0.2947973734661E+08   0.5367643635003E+08   0.1002647237156E+07   0.5467908358719E+08  -0.2515883943012E+08  -0.4050681045482E+05  -0.2519934624057E+08
    43   0.15222000E+04   0.2881112537439E+08   0.9418442934686E+06   0.2975296966786E+08   0.5421967885268E+08   0.9821931341606E+06   0.5520187198684E+08  -0.2540855347829E+08  -0.4034884069196E+05  -0.2544890231898E+08
    44   0.15576000E+04   0.2909982100669E+08   0.9224178865241E+06   0.3002223889322E+08   0.5475363127427E+08   0.9626073931122E+06   0.5571623866738E+08  -0.2565381026758E+08  -0.4018950658814E+05  -0.2569399977416E+08
    45   0.15930000E+04   0.2938383828149E+08   0.9038057528187E+06   0.3028764403431E+08   0.5527858850711E+08   0.9438348054580E+06   0.5622242331256E+08  -0.2589475022561E+08  -0.4002905263932E+05  -0.2593477927825E+08
    46   0.16284000E+04   0.2966332353151E+08   0.8859570892566E+06   0.3054928062077E+08   0.5579482985449E+08   0.9258247901471E+06   0.5672065464464E+08  -0.2613150632298E+08  -0.3986770089057E+05  -0.2617137402387E+08
    47   0.16638000E+04   0.2993841556885E+08   0.8688252629139E+06   0.3080724083176E+08   0.5630262019797E+08   0.9085309159248E+06   0.5721115111389E+08  -0.2636420462912E+08  -0.3970565301091E+05  -0.2640391028213E+08
    48   0.16992000E+04   0.3020923180910E+08   0.8523673896883E+06   0.3106159919878E+08   0.5680221105360E+08   0.8919104818506E+06   0.5769412153545E+08  -0.2659297924450E+08  -0.3954309216237E+05  -0.2663252233667E+08
    49   0.17346000E+04   0.3047593592088E+08   0.8365439632146E+06   0.3131247988410E+08   0.5729384152592E+08   0.8759241478999E+06   0.5816976567382E+08  -0.2681790560504E+08  -0.3938018468531E+05  -0.2685728578972E+08
    50   0.17700000E+04   0.3073861387626E+08   0.8213185271653E+06   0.3155993240343E+08   0.5777773917948E+08   0.8605356087848E+06   0.5863827478826E+08  -0.2703912530322E+08  -0.3921708161955E+05  -0.2707834238484E+08
    51   0.18054000E+04   0.3099738895093E+08   0.8066573851116E+06   0.3180404633604E+08   0.5825412082490E+08   0.8457113051898E+06   0.5909983213009E+08  -0.2725673187398E+08  -0.3905392007824E+05  -0.2729578579405E+08
    52   0.18408000E+04   0.3125236966450E+08   0.7925293430029E+06   0.3204489900750E+08   0.5872319323692E+08   0.8314201674930E+06   0.5955461340442E+08  -0.2747082357242E+08  -0.3889082449014E+05  -0.2750971439691E+08
    53   0.18762000E+04   0.3150365964273E+08   0.7789054800504E+06   0.3228256512278E+08   0.5918515381022E+08   0.8176333877741E+06   0.6000278719800E+08  -0.2768149416749E+08  -0.3872790772371E+05  -0.2772022207522E+08
    54   0.19116000E+04   0.3175134269331E+08   0.7657589444166E+06   0.3251710163772E+08   0.5964019115671E+08   0.8043242165217E+06   0.6044451537323E+08  -0.2788884846340E+08  -0.3856527210516E+05  -0.2792741373551E+08
    55   0.19470000E+04   0.3199554390478E+08   0.7530647706226E+06   0.3274860867541E+08   0.6008848565409E+08   0.7914677809638E+06   0.6087995343505E+08  -0.2809294174930E+08  -0.3840301034128E+05  -0.2813134475964E+08
    56   0.19824000E+04   0.3223633884527E+08   0.7407997160204E+06   0.3297713856129E+08   0.6053020994272E+08   0.7790409223771E+06   0.6130925086510E+08  -0.2829387109745E+08  -0.3824120635673E+05  -0.2833211230381E+08
    57   0.20178000E+04   0.3247381438825E+08   0.7289421140405E+06   0.3320275650229E+08   0.6096552938806E+08   0.7670220500946E+06   0.6173255143815E+08  -0.2849171499982E+08  -0.3807993605412E+05  -0.2852979493587E+08
    58   0.20532000E+04   0.3270805380300E+08   0.7174717422349E+06   0.3342552554524E+08   0.6139460249652E+08   0.7553910102398E+06   0.6214999350676E+08  -0.2868654869352E+08  -0.3791926800487E+05  -0.2872446796152E+08
    59   0.20886000E+04   0.3293913695196E+08   0.7063697034009E+06   0.3364550665536E+08   0.6181758130428E+08   0.7441289674783E+06   0.6256171027176E+08  -0.2887844435231E+08  -0.3775926407738E+05  -0.2891620361639E+08
    60   0.21240000E+04   0.3316714046475E+08   0.6956183182917E+06   0.3386275878304E+08   0.6223461172838E+08   0.7332182983005E+06   0.6296783002668E+08  -0.2906747126364E+08  -0.3759998000878E+05  -0.2910507124364E+08
    61   0.21594000E+04   0.3339213789477E+08   0.6852010286112E+06   0.3407733892338E+08   0.6264583388733E+08   0.7226424945369E+06   0.6336847638186E+08  -0.2925369599256E+08  -0.3744146592565E+05  -0.2929113745849E+08
    62   0.21948000E+04   0.3361419989289E+08   0.6751023091827E+06   0.3428930220208E+08   0.6305138242676E+08   0.7123860760015E+06   0.6376376850276E+08  -0.2943718253387E+08  -0.3728376681873E+05  -0.2947446630068E+08
    63   0.22302000E+04   0.3383339429629E+08   0.6653075882298E+06   0.3449870188452E+08   0.6345138674949E+08   0.7024345112056E+06   0.6415382126069E+08  -0.2961799245320E+08  -0.3712692297582E+05  -0.2965511937617E+08
    64   0.22656000E+04   0.3404978628202E+08   0.6558031749892E+06   0.3470558945701E+08   0.6384597130034E+08   0.6927741453662E+06   0.6453874544570E+08  -0.2979618501832E+08  -0.3697097037695E+05  -0.2983315598869E+08
    65   0.23010000E+04   0.3426341196645E+08   0.6465761938186E+06   0.3490998816027E+08   0.6423525578580E+08   0.6833921348740E+06   0.6491864792067E+08  -0.2997184381935E+08  -0.3681594105538E+05  -0.3000865976041E+08
    66   0.23364000E+04   0.3447438434167E+08   0.6376145241502E+06   0.3511199886582E+08   0.6461935538713E+08   0.6742763875777E+06   0.6529363177470E+08  -0.3014497104546E+08  -0.3666186342747E+05  -0.3018163290889E+08
    67   0.23718000E+04   0.3468273484500E+08   0.6289067456909E+06   0.3531164159069E+08   0.6499838095681E+08   0.6654155082853E+06   0.6566379646510E+08  -0.3031564611181E+08  -0.3650876259435E+05  -0.3035215487441E+08
    68   0.24072000E+04   0.3488851895750E+08   0.6204420883386E+06   0.3550896104584E+08   0.6537243919379E+08   0.6567987489567E+06   0.6602923794275E+08  -0.3048392023630E+08  -0.3635666061808E+05  -0.3052027689692E+08
    69   0.24426000E+04   0.3509178993770E+08   0.6122103863483E+06   0.3570400032405E+08   0.6574163281063E+08   0.6484159631228E+06   0.6639004877375E+08  -0.3064984287293E+08  -0.3620557677450E+05  -0.3068604844971E+08
    70   0.24780000E+04   0.3529259887872E+08   0.6042020363319E+06   0.3589680091505E+08   0.6610606067738E+08   0.6402575641167E+06   0.6674631824150E+08  -0.3081346179866E+08  -0.3605552778479E+05  -0.3084951732644E+08
    71   0.25134000E+04   0.3549099476763E+08   0.5964079587217E+06   0.3608740272635E+08   0.6646581796222E+08   0.6323144867495E+06   0.6709813244897E+08  -0.3097482319459E+08  -0.3590652802784E+05  -0.3101072972262E+08
    72   0.25488000E+04   0.3568702452663E+08   0.5888195623685E+06   0.3627584408900E+08   0.6682099624889E+08   0.6245781521036E+06   0.6744557440099E+08  -0.3113397172226E+08  -0.3575858973504E+05  -0.3116973031199E+08
    73   0.25842000E+04   0.3588073305721E+08   0.5814287119808E+06   0.3646216176919E+08   0.6717168365230E+08   0.6170404351497E+06   0.6778872408745E+08  -0.3129095059509E+08  -0.3561172316899E+05  -0.3132656231826E+08
    74   0.26196000E+04   0.3607216327131E+08   0.5742276981407E+06   0.3664639096945E+08   0.6751796491695E+08   0.6096936349283E+06   0.6812765855188E+08  -0.3144580164564E+08  -0.3546593678758E+05  -0.3148126758243E+08
    75   0.26550000E+04   0.3626135611881E+08   0.5672092096639E+06   0.3682856532847E+08   0.6785992150756E+08   0.6025304470586E+06   0.6846245195462E+08  -0.3159856538876E+08  -0.3532123739470E+05  -0.3163388662615E+08
    76   0.26904000E+04   0.3644835060815E+08   0.5603663080894E+06   0.3700871691624E+08   0.6819763168917E+08   0.5955439383683E+06   0.6879317562754E+08  -0.3174928108103E+08  -0.3517763027881E+05  -0.3178445871131E+08
    77   0.27258000E+04   0.3663316598394E+08   0.5536924041125E+06   0.3718685838805E+08   0.6853117059726E+08   0.5887275234527E+06   0.6911989812071E+08  -0.3189800461332E+08  -0.3503511934025E+05  -0.3193303973266E+08
    78   0.27612000E+04   0.3681587299879E+08   0.5471812357877E+06   0.3736305423458E+08   0.6886061030003E+08   0.5820749429961E+06   0.6944268524303E+08  -0.3204473730124E+08  -0.3489370720837E+05  -0.3207963100845E+08
    79   0.27966000E+04   0.3699648715230E+08   0.5408268483510E+06   0.3753731400065E+08   0.6918601985393E+08   0.5755802437003E+06   0.6976160009763E+08  -0.3218953270163E+08  -0.3475339534931E+05  -0.3222428609698E+08
    80   0.28320000E+04   0.3717503978002E+08   0.5346235755202E+06   0.3770966335554E+08   0.6950746534704E+08   0.5692377596854E+06   0.7007670310672E+08  -0.3233242556701E+08  -0.3461418416519E+05  -0.3236703975118E+08
    81   0.28674000E+04   0.3735156029556E+08   0.5285660221502E+06   0.3788012631771E+08   0.6982500993720E+08   0.5630420952357E+06   0.7038805203244E+08  -0.3247344964164E+08  -0.3447607308545E+05  -0.3250792571472E+08
    82   0.29028000E+04   0.3752607618141E+08   0.5226490481290E+06   0.3804872522954E+08   0.7013871388490E+08   0.5569881087800E+06   0.7069570199368E+08  -0.3261263770350E+08  -0.3433906065096E+05  -0.3264697676415E+08
    83   0.29382000E+04   0.3769847474098E+08   0.5168677534123E+06   0.3821534249440E+08   0.7044849634503E+08   0.5510708980038E+06   0.7099956724303E+08  -0.3275002160405E+08  -0.3420314459155E+05  -0.3278422474864E+08
    84   0.29736000E+04   0.3786903505447E+08   0.5112174641038E+06   0.3838025251858E+08   0.7075468587700E+08   0.5452857860013E+06   0.7129997166300E+08  -0.3288565082252E+08  -0.3406832189746E+05  -0.3291971914442E+08
    85   0.30090000E+04   0.3803767983026E+08   0.5056937194975E+06   0.3854337354976E+08   0.7105719834233E+08   0.5396283083826E+06   0.7159682665072E+08  -0.3301951851208E+08  -0.3393458888513E+05  -0.3305345310096E+08
    86   0.30444000E+04   0.3820441018108E+08   0.5002922600037E+06   0.3870470244109E+08   0.7135608258210E+08   0.5340942012617E+06   0.7189017678336E+08  -0.3315167240101E+08  -0.3380194125799E+05  -0.3318547434227E+08
    87   0.30798000E+04   0.3836924360634E+08   0.4950090158910E+06   0.3886425262223E+08   0.7165138459809E+08   0.5286793900534E+06   0.7218006398815E+08  -0.3328214099175E+08  -0.3367037416238E+05  -0.3331581136591E+08
    88   0.31152000E+04   0.3853219551528E+08   0.4898400967791E+06   0.3902203561206E+08   0.7194314754502E+08   0.5233799790183E+06   0.7246652752404E+08  -0.3341095202974E+08  -0.3353988223929E+05  -0.3344449191198E+08
    89   0.31506000E+04   0.3869327918645E+08   0.4847817818252E+06   0.3917806096828E+08   0.7223141171882E+08   0.5181922414972E+06   0.7274960396032E+08  -0.3353813253237E+08  -0.3341045967196E+05  -0.3357154299204E+08
    90   0.31860000E+04   0.3885250572483E+08   0.4798305105521E+06   0.3933233623539E+08   0.7251621454131E+08   0.5131126107819E+06   0.7302932715209E+08  -0.3366370881647E+08  -0.3328210022980E+05  -0.3369699091670E+08
    91   0.32214000E+04   0.3900988400820E+08   0.4749828742665E+06   0.3948486688246E+08   0.7279759053264E+08   0.5081376715756E+06   0.7330572820421E+08  -0.3378770652444E+08  -0.3315479730909E+05  -0.3382086132175E+08
    92   0.32568000E+04   0.3916542067013E+08   0.4702356080277E+06   0.3963565627816E+08   0.7307557131924E+08   0.5032641519980E+06   0.7357883547124E+08  -0.3391015064911E+08  -0.3302854397033E+05  -0.3394317919308E+08
    93   0.32922000E+04   0.3931911999830E+08   0.4655855831222E+06   0.3978470558142E+08   0.7335018555574E+08   0.4984889160951E+06   0.7384867447184E+08  -0.3403106555745E+08  -0.3290333297283E+05  -0.3406396889042E+08
    94   0.33276000E+04   0.3947098391431E+08   0.4610298000095E+06   0.3993201371432E+08   0.7362145892741E+08   0.4938089568161E+06   0.7411526788423E+08  -0.3415047501310E+08  -0.3277915680660E+05  -0.3418325416990E+08
    95   0.33630000E+04   0.3962101190810E+08   0.4565653817038E+06   0.4007757728981E+08   0.7388941410601E+08   0.4892213894256E+06   0.7437863549544E+08  -0.3426840219791E+08  -0.3265600772180E+05  -0.3430105820563E+08
    96   0.33984000E+04   0.3976920098345E+08   0.4521895675618E+06   0.4022139055101E+08   0.7415407071589E+08   0.4847234453177E+06   0.7463879416121E+08  -0.3438486973245E+08  -0.3253387775587E+05  -0.3441740361020E+08
    97   0.34338000E+04   0.3991554559827E+08   0.4478997074452E+06   0.4036344530571E+08   0.7441544529380E+08   0.4803124662039E+06   0.7489575776000E+08  -0.3449989969553E+08  -0.3241275875866E+05  -0.3453231245429E+08
    98   0.34692000E+04   0.4006000604504E+08   0.4436932562348E+06   0.4050369930127E+08   0.7467355124806E+08   0.4759858986504E+06   0.7514953714671E+08  -0.3461354520303E+08  -0.3229264241553E+05  -0.3464583784544E+08
    99   0.35046000E+04   0.4020263452982E+08   0.4395677686689E+06   0.4064220229849E+08   0.7492839882062E+08   0.4717412889376E+06   0.7540014010956E+08  -0.3472576429080E+08  -0.3217352026868E+05  -0.3475793781107E+08
   100   0.35400000E+04   0.4034338607188E+08   0.4355208944854E+06   0.4077890696637E+08   0.7517999504664E+08   0.4675762782223E+06   0.7564757132486E+08  -0.3483660897475E+08  -0.3205538373689E+05  -0.3486866435849E+08
