     0   0.17700000E+02   0.1385879666661E+07   0.3761209024835E+08   0.3899796991501E+08   0.4112134925775E+07   0.3764471153298E+08   0.4175684645875E+08  -0.2726255259114E+07  -0.3262128463395E+05  -0.2758876543748E+07
     1   0.35400000E+02   0.2655244166055E+07   0.2341700702782E+08   0.2607225119387E+08   0.6684906056047E+07   0.2345172616699E+08   0.3013663222304E+08  -0.4029661889991E+07  -0.3471913917468E+05  -0.4064381029166E+07
     2   0.70800000E+02   0.4630640105826E+07   0.1380075861158E+08   0.1843139871741E+08   0.1044374900604E+08   0.1383679377946E+08   0.2428054278550E+08  -0.5813108900210E+07  -0.3603516787888E+05  -0.5849144068089E+07
     3   0.10620000E+03   0.6085531044688E+07   0.9967656579665E+07   0.1605318762435E+08   0.1324223859943E+08   0.1000436249106E+08   0.2324660109049E+08  -0.7156707554740E+07  -0.3670591139920E+05  -0.7193413466139E+07
     4   0.14160000E+03   0.7270483593848E+07   0.7868779948170E+07   0.1513926354202E+08   0.1554757002436E+08   0.7905977770577E+07   0.2345354779494E+08  -0.8277086430513E+07  -0.3719782240688E+05  -0.8314284252920E+07
     5   0.17700000E+03   0.8291928106563E+07   0.6532411218229E+07   0.1482433932479E+08   0.1754756371263E+08   0.6570011323090E+07   0.2411757503572E+08  -0.9255635606067E+07  -0.3760010486176E+05  -0.9293235710929E+07
     6   0.21240000E+03   0.9202930166459E+07   0.5601747438105E+07   0.1480467760456E+08   0.1933647914813E+08   0.5639933479458E+07   0.2497641262759E+08  -0.1013354898167E+08  -0.3818604135328E+05  -0.1017173502302E+08
     7   0.24780000E+03   0.1003367676137E+08   0.4913870076276E+07   0.1494754683765E+08   0.2096880202290E+08   0.4952771708361E+07   0.2592157373126E+08  -0.1093512526153E+08  -0.3890163208440E+05  -0.1097402689361E+08
     8   0.28320000E+03   0.1080301861334E+08   0.4383479717304E+07   0.1518649833064E+08   0.2247915088293E+08   0.4423042358386E+07   0.2690219324132E+08  -0.1167613226959E+08  -0.3956264108265E+05  -0.1171569491068E+08
     9   0.31860000E+03   0.1152355022129E+08   0.3961272597852E+07   0.1548482281914E+08   0.2389104708033E+08   0.4001416757352E+07   0.2789246383769E+08  -0.1236749685905E+08  -0.4014415949930E+05  -0.1240764101855E+08
    10   0.35400000E+03   0.1220416346848E+08   0.3616712804084E+07   0.1582087627256E+08   0.2522132841090E+08   0.3657365223522E+07   0.2887869363442E+08  -0.1301716494242E+08  -0.4065241943788E+05  -0.1305781736186E+08
    11   0.38940000E+03   0.1285137557861E+08   0.3329857485812E+07   0.1618123306442E+08   0.2648250761325E+08   0.3370951336287E+07   0.2985345894953E+08  -0.1363113203464E+08  -0.4109385047522E+05  -0.1367222588511E+08
    12   0.42480000E+03   0.1347011142275E+08   0.3087109153475E+07   0.1655722057622E+08   0.2768416759154E+08   0.3128583338592E+07   0.3081275093013E+08  -0.1421405616879E+08  -0.4147418511733E+05  -0.1425553035391E+08
    13   0.46020000E+03   0.1406421130402E+08   0.2878862844663E+07   0.1694307414868E+08   0.2883385447161E+08   0.2920661599727E+07   0.3175451607134E+08  -0.1476964316760E+08  -0.4179875506335E+05  -0.1481144192266E+08
    14   0.49560000E+03   0.1463674719493E+08   0.2698134403957E+07   0.1733488159888E+08   0.2993764703063E+08   0.2740206975842E+07   0.3267785400647E+08  -0.1530089983570E+08  -0.4207257188448E+05  -0.1534297240759E+08
    15   0.53100000E+03   0.1519018592753E+08   0.2539721314976E+07   0.1772990724251E+08   0.3100049247994E+08   0.2582021644039E+07   0.3358251412398E+08  -0.1581030655241E+08  -0.4230032906317E+05  -0.1585260688147E+08
    16   0.56640000E+03   0.1572655833858E+08   0.2399667812185E+07   0.1812622615076E+08   0.3202649692211E+08   0.2442154201678E+07   0.3446865112379E+08  -0.1629993858353E+08  -0.4248638949265E+05  -0.1634242497302E+08
    17   0.60180000E+03   0.1624756306835E+08   0.2274911399193E+07   0.1852247446754E+08   0.3301911666871E+08   0.2317546177689E+07   0.3533666284640E+08  -0.1677155360036E+08  -0.4263477849656E+05  -0.1681418837886E+08
    18   0.63720000E+03   0.1675463215511E+08   0.2163042669829E+07   0.1891767482494E+08   0.3398128840736E+08   0.2205791856220E+07   0.3618708026358E+08  -0.1722665625224E+08  -0.4274918639124E+05  -0.1726940543864E+08
    19   0.67260000E+03   0.1724898504651E+08   0.2062138365165E+07   0.1931112341167E+08   0.3491553179536E+08   0.2104971344531E+07   0.3702050313990E+08  -0.1766654674886E+08  -0.4283297936651E+05  -0.1770937972823E+08
    20   0.70800000E+03   0.1773166271665E+08   0.1970643158700E+07   0.1970230587535E+08   0.3582402076150E+08   0.2013532374913E+07   0.3783755313641E+08  -0.1809235804485E+08  -0.4288921621240E+05  -0.1813524726106E+08
    21   0.74340000E+03   0.1820358999610E+08   0.1887284549202E+07   0.2009087454530E+08   0.3670867473280E+08   0.1930205217751E+07   0.3863887995055E+08  -0.1850508473671E+08  -0.4292066854868E+05  -0.1854800540525E+08
    22   0.77880000E+03   0.1866555649651E+08   0.1811010578577E+07   0.2047656707509E+08   0.3757116232217E+08   0.1853940421300E+07   0.3942510274347E+08  -0.1890560582566E+08  -0.4292984272254E+05  -0.1894853566839E+08
    23   0.81420000E+03   0.1911827104813E+08   0.1740943642933E+07   0.2085921469106E+08   0.3841297391654E+08   0.1783862645001E+07   0.4019683656154E+08  -0.1929470286841E+08  -0.4291900206783E+05  -0.1933762187048E+08
    24   0.84960000E+03   0.1956235876174E+08   0.1676345637032E+07   0.2123870439878E+08   0.3923543337171E+08   0.1719235825689E+07   0.4095466919740E+08  -0.1967307460997E+08  -0.4289018865723E+05  -0.1971596479862E+08
    25   0.88500000E+03   0.1999836711067E+08   0.1616591292378E+07   0.2161495840305E+08   0.4003971600946E+08   0.1659436536386E+07   0.4169915254585E+08  -0.2004134889879E+08  -0.4284524400758E+05  -0.2008419414279E+08
    26   0.92040000E+03   0.2042680606154E+08   0.1561147485937E+07   0.2198795354748E+08   0.4082689853903E+08   0.1603933314371E+07   0.4243083185340E+08  -0.2040009247749E+08  -0.4278582843391E+05  -0.2044287830592E+08
    27   0.95580000E+03   0.2084810741862E+08   0.1509556970060E+07   0.2235766438868E+08   0.4159792651374E+08   0.1552270408969E+07   0.4315019692270E+08  -0.2074981909511E+08  -0.4271343890848E+05  -0.2079253253402E+08
    28   0.99120000E+03   0.2126268790609E+08   0.1461425427864E+07   0.2272411333395E+08   0.4235368418637E+08   0.1504054853252E+07   0.4385773903962E+08  -0.2109099628028E+08  -0.4262942538790E+05  -0.2113362570567E+08
    29   0.10266000E+04   0.2167090000603E+08   0.1416411069078E+07   0.2308731107511E+08   0.4309495104230E+08   0.1458946074717E+07   0.4455389711702E+08  -0.2142405103627E+08  -0.4253500563902E+05  -0.2146658604191E+08
    30   0.10620000E+04   0.2207307898218E+08   0.1374216199641E+07   0.2344729518182E+08   0.4382245364311E+08   0.1416647478277E+07   0.4523910112139E+08  -0.2174937466094E+08  -0.4243127863596E+05  -0.2179180593957E+08
    31   0.10974000E+04   0.2246952992488E+08   0.1334580334623E+07   0.2380411025950E+08   0.4453685677558E+08   0.1376899571246E+07   0.4591375634683E+08  -0.2206732685070E+08  -0.4231923662271E+05  -0.2210964608733E+08
    32   0.11328000E+04   0.2286052377605E+08   0.1297274548419E+07   0.2415779832447E+08   0.4523876299074E+08   0.1339474324366E+07   0.4657823731511E+08  -0.2237823921469E+08  -0.4219977594698E+05  -0.2242043899063E+08
    33   0.11682000E+04   0.2324630625826E+08   0.1262096808767E+07   0.2450840306703E+08   0.4592872455779E+08   0.1304170515540E+07   0.4723289507333E+08  -0.2268241829953E+08  -0.4207370677305E+05  -0.2272449200630E+08
    34   0.12036000E+04   0.2362703902657E+08   0.1228868107988E+07   0.2485590713456E+08   0.4660718723249E+08   0.1270809869768E+07   0.4787799710226E+08  -0.2298014820592E+08  -0.4194176177993E+05  -0.2302208996770E+08
    35   0.12390000E+04   0.2400302080854E+08   0.1197429240404E+07   0.2520045004894E+08   0.4727471367086E+08   0.1239233844349E+07   0.4851394751521E+08  -0.2327169286232E+08  -0.4180460394510E+05  -0.2331349746627E+08
    36   0.12744000E+04   0.2437441556116E+08   0.1167638106178E+07   0.2554205366734E+08   0.4793171357049E+08   0.1209300939686E+07   0.4914101451018E+08  -0.2355729800933E+08  -0.4166283350770E+05  -0.2359896084283E+08
    37   0.13098000E+04   0.2474142238371E+08   0.1139367445646E+07   0.2588078982936E+08   0.4857861532227E+08   0.1180884439844E+07   0.4975949976211E+08  -0.2383719293856E+08  -0.4151699419754E+05  -0.2387870993276E+08
    38   0.13452000E+04   0.2510422990456E+08   0.1112502926944E+07   0.2621673283151E+08   0.4921582192688E+08   0.1153870505752E+07   0.5036969243264E+08  -0.2411159202232E+08  -0.4136757880810E+05  -0.2415295960113E+08
    39   0.13806000E+04   0.2546299022813E+08   0.1086941524706E+07   0.2654993175283E+08   0.4984368629210E+08   0.1128156558890E+07   0.5097184285099E+08  -0.2438069606397E+08  -0.4121503418441E+05  -0.2442191109816E+08
    40   0.14160000E+04   0.2581782165353E+08   0.1062590139463E+07   0.2688041179299E+08   0.5046251514775E+08   0.1103649905152E+07   0.5156616505290E+08  -0.2464469349422E+08  -0.4105976568959E+05  -0.2468575325991E+08
    41   0.14514000E+04   0.2616886299044E+08   0.1039364416930E+07   0.2720822740737E+08   0.5107262442468E+08   0.1080266558137E+07   0.5215289098282E+08  -0.2490376143424E+08  -0.4090214120674E+05  -0.2494466357545E+08
    42   0.14868000E+04   0.2651625423810E+08   0.1017187733982E+07   0.2753344197208E+08   0.5167432088154E+08   0.1057930228709E+07   0.5273225111025E+08  -0.2515806664344E+08  -0.4074249472698E+05  -0.2519880913816E+08
    43   0.15222000E+04   0.2686016113649E+08   0.9959903242392E+06   0.2785615146073E+08   0.5226792750327E+08   0.1036571453808E+07   0.5330449895708E+08  -0.2540776636678E+08  -0.4058112956900E+05  -0.2544834749635E+08
    44   0.15576000E+04   0.2720061040486E+08   0.9757085210884E+06   0.2817631892595E+08   0.5285361949931E+08   0.1016126842359E+07   0.5386974634167E+08  -0.2565300909445E+08  -0.4041832127016E+05  -0.2569342741572E+08
    45   0.15930000E+04   0.2753779049746E+08   0.9562840999292E+06   0.2849407459739E+08   0.5343172574216E+08   0.9965384201140E+06   0.5442826416228E+08  -0.2589393524470E+08  -0.4025432018474E+05  -0.2593418956489E+08
    46   0.16284000E+04   0.2787171916365E+08   0.9376637045970E+06   0.2880938286825E+08   0.5400239694289E+08   0.9777530584183E+06   0.5498015000131E+08  -0.2613067777924E+08  -0.4008935382128E+05  -0.2617076713306E+08
    47   0.16638000E+04   0.2820257122291E+08   0.9197983455053E+06   0.2912236956842E+08   0.5456593398197E+08   0.9597219744520E+06   0.5552565595642E+08  -0.2636336275905E+08  -0.3992362894672E+05  -0.2640328638800E+08
    48   0.16992000E+04   0.2853039557551E+08   0.9026429591324E+06   0.2943303853464E+08   0.5512250542327E+08   0.9424002926150E+06   0.5606490571589E+08  -0.2659210984777E+08  -0.3975733348257E+05  -0.2663186718125E+08
    49   0.17346000E+04   0.2885525544101E+08   0.8861560201781E+06   0.2974141146119E+08   0.5567228820926E+08   0.9257466583932E+06   0.5659803486765E+08  -0.2681703276825E+08  -0.3959063821508E+05  -0.2685662340646E+08
    50   0.17700000E+04   0.2917724021480E+08   0.8702991991089E+06   0.3004753941391E+08   0.5621547993269E+08   0.9097228974480E+06   0.5712520283014E+08  -0.2703823971790E+08  -0.3942369833909E+05  -0.2707766341624E+08
    51   0.18054000E+04   0.2949644468891E+08   0.8550370589537E+06   0.3035148174786E+08   0.5675227843589E+08   0.8942937138066E+06   0.5764657214969E+08  -0.2725583374698E+08  -0.3925665485285E+05  -0.2729509040183E+08
    52   0.18408000E+04   0.2981294287570E+08   0.8403367861516E+06   0.3065327966185E+08   0.5728285597969E+08   0.8794264219712E+06   0.5816228240166E+08  -0.2746991310399E+08  -0.3908963581960E+05  -0.2750900273981E+08
    53   0.18762000E+04   0.3012678648189E+08   0.8261679510376E+06   0.3095295443293E+08   0.5780735803343E+08   0.8650907085468E+06   0.5867244874197E+08  -0.2768057155154E+08  -0.3892275750926E+05  -0.2771949430905E+08
    54   0.19116000E+04   0.3043802253274E+08   0.8125022941994E+06   0.3125052482694E+08   0.5832592118850E+08   0.8512584196323E+06   0.5917717960813E+08  -0.2788789865576E+08  -0.3875612543291E+05  -0.2792665478119E+08
    55   0.19470000E+04   0.3074672098218E+08   0.7993135354827E+06   0.3154603451766E+08   0.5883870103406E+08   0.8379033707633E+06   0.5967660440482E+08  -0.2809198005189E+08  -0.3858983528062E+05  -0.2813056988717E+08
    56   0.19824000E+04   0.3105295496871E+08   0.7865772028755E+06   0.3183953217158E+08   0.5934585265714E+08   0.8250011766481E+06   0.6017085383379E+08  -0.2829289768844E+08  -0.3842397377257E+05  -0.2833132166221E+08
    57   0.20178000E+04   0.3135680897246E+08   0.7742704788886E+06   0.3213107945135E+08   0.5984753902447E+08   0.8125290983206E+06   0.6066006812279E+08  -0.2849073005201E+08  -0.3825861943204E+05  -0.2852898867145E+08
    58   0.20532000E+04   0.3165825181415E+08   0.7623720623698E+06   0.3242062387652E+08   0.6034380418874E+08   0.8004659056577E+06   0.6114427009440E+08  -0.2868555237459E+08  -0.3809384328797E+05  -0.2872364621788E+08
    59   0.20886000E+04   0.3195742634022E+08   0.7508620439668E+06   0.3270828838419E+08   0.6083486316518E+08   0.7887917534810E+06   0.6162365491866E+08  -0.2887743682496E+08  -0.3792970951420E+05  -0.2891536653448E+08
    60   0.21240000E+04   0.3225429443149E+08   0.7397217936861E+06   0.3299401622518E+08   0.6132074711730E+08   0.7774880696973E+06   0.6209823518700E+08  -0.2906645268581E+08  -0.3776627601119E+05  -0.2910421896182E+08
    61   0.21594000E+04   0.3254893108668E+08   0.7289338591170E+06   0.3327786494580E+08   0.6180159760430E+08   0.7665374540533E+06   0.6256813505835E+08  -0.2925266651762E+08  -0.3760359493628E+05  -0.2929027011255E+08
    62   0.21948000E+04   0.3284143421046E+08   0.7184818736196E+06   0.3355991608408E+08   0.6227757652121E+08   0.7559235868065E+06   0.6303350010802E+08  -0.2943614231075E+08  -0.3744171318689E+05  -0.2947358402394E+08
    63   0.22302000E+04   0.3313176264343E+08   0.7083504722167E+06   0.3384011311565E+08   0.6274870427003E+08   0.7456311450583E+06   0.6349433541509E+08  -0.2961694162660E+08  -0.3728067284164E+05  -0.2965422229944E+08
    64   0.22656000E+04   0.3342000334224E+08   0.6985252159494E+06   0.3411852855819E+08   0.6321512707106E+08   0.7356457275123E+06   0.6395077279857E+08  -0.2979512372881E+08  -0.3712051156289E+05  -0.2983224424038E+08
    65   0.23010000E+04   0.3370618761172E+08   0.6889925226197E+06   0.3439518013434E+08   0.6367693331718E+08   0.7259537855843E+06   0.6440288710276E+08  -0.2997074570546E+08  -0.3696126296467E+05  -0.3000770696842E+08
    66   0.23364000E+04   0.3399033561344E+08   0.6797396037379E+06   0.3467007521718E+08   0.6413419819625E+08   0.7165425606868E+06   0.6485074075693E+08  -0.3014386258281E+08  -0.3680295694896E+05  -0.3018066553976E+08
    67   0.23718000E+04   0.3427253007422E+08   0.6707544069649E+06   0.3494328448118E+08   0.6458705750577E+08   0.7074000269784E+06   0.6529445753275E+08  -0.3031452743155E+08  -0.3664562001348E+05  -0.3035117305156E+08
    68   0.24072000E+04   0.3455274695343E+08   0.6620255634970E+06   0.3521477251692E+08   0.6503553841937E+08   0.6985148390303E+06   0.6573405325840E+08  -0.3048279146594E+08  -0.3648927553327E+05  -0.3051928074148E+08
    69   0.24426000E+04   0.3483104237369E+08   0.6535423399062E+06   0.3548458471359E+08   0.6547974651018E+08   0.6898762839249E+06   0.6616962279411E+08  -0.3064870413650E+08  -0.3633394401875E+05  -0.3068503808051E+08
    70   0.24780000E+04   0.3510743237190E+08   0.6452945940012E+06   0.3575272696590E+08   0.6591974558864E+08   0.6814742373534E+06   0.6660121982600E+08  -0.3081231321675E+08  -0.3617964335214E+05  -0.3084849286010E+08
    71   0.25134000E+04   0.3538199665941E+08   0.6372727343244E+06   0.3601926939373E+08   0.6635566154394E+08   0.6732991233288E+06   0.6702896066726E+08  -0.3097366488453E+08  -0.3602638900435E+05  -0.3100969127353E+08
    72   0.25488000E+04   0.3565470715371E+08   0.6294676829387E+06   0.3628417483665E+08   0.6678751095187E+08   0.6653418771725E+06   0.6745285282904E+08  -0.3113280379816E+08  -0.3587419423386E+05  -0.3116867799239E+08
    73   0.25842000E+04   0.3592561260969E+08   0.6218708411979E+06   0.3654748345088E+08   0.6721538577766E+08   0.6575939114673E+06   0.6787297968913E+08  -0.3128977316797E+08  -0.3572307026942E+05  -0.3132549623824E+08
    74   0.26196000E+04   0.3619472796715E+08   0.6144740582260E+06   0.3680920202538E+08   0.6763934279067E+08   0.6500470847037E+06   0.6828938987538E+08  -0.3144461482352E+08  -0.3557302647776E+05  -0.3148018785000E+08
    75   0.26550000E+04   0.3646212199911E+08   0.6072696018576E+06   0.3706939160097E+08   0.6805949127583E+08   0.6426936723753E+06   0.6870218494820E+08  -0.3159736927672E+08  -0.3542407051775E+05  -0.3163279334723E+08
    76   0.26904000E+04   0.3672776976694E+08   0.6002501318197E+06   0.3732801989876E+08   0.6847584554826E+08   0.6355263403017E+06   0.6911137188856E+08  -0.3174807578132E+08  -0.3527620848207E+05  -0.3178335198980E+08
    77   0.27258000E+04   0.3699171384807E+08   0.5934086749553E+06   0.3758512252302E+08   0.6888848623695E+08   0.6285381199829E+06   0.6951702435693E+08  -0.3189677238888E+08  -0.3512944502755E+05  -0.3193190183391E+08
    78   0.27612000E+04   0.3725399628807E+08   0.5867386023107E+06   0.3784073489038E+08   0.6929749228966E+08   0.6217223858058E+06   0.6991921467546E+08  -0.3204349600158E+08  -0.3498378349511E+05  -0.3207847978508E+08
    79   0.27966000E+04   0.3751458991153E+08   0.5802336079248E+06   0.3809482351945E+08   0.6970287233350E+08   0.6150728339449E+06   0.7031794516744E+08  -0.3218828242197E+08  -0.3483922602008E+05  -0.3222312164799E+08
    80   0.28320000E+04   0.3777357932780E+08   0.5738876891750E+06   0.3834746701698E+08   0.7010474572780E+08   0.6085834628089E+06   0.7071332919061E+08  -0.3233116640000E+08  -0.3469577363392E+05  -0.3236586217363E+08
    81   0.28674000E+04   0.3803093332269E+08   0.5676951285493E+06   0.3859862845124E+08   0.7050311500011E+08   0.6022485549070E+06   0.7110536355502E+08  -0.3247218167742E+08  -0.3455342635775E+05  -0.3250673510378E+08
    82   0.29028000E+04   0.3828669202462E+08   0.5616504767240E+06   0.3884834250135E+08   0.7089805305441E+08   0.5960626600127E+06   0.7149411571442E+08  -0.3261136102978E+08  -0.3441218328873E+05  -0.3264577321307E+08
    83   0.29382000E+04   0.3854089497150E+08   0.5557485368408E+06   0.3909664350834E+08   0.7128963127766E+08   0.5900205795203E+06   0.7187965185719E+08  -0.3274873630617E+08  -0.3427204267945E+05  -0.3278300834885E+08
    84   0.29736000E+04   0.3879350744332E+08   0.5499843498850E+06   0.3934349179321E+08   0.7167784591012E+08   0.5841173518964E+06   0.7226196326201E+08  -0.3288433846680E+08  -0.3413300201140E+05  -0.3291847146881E+08
    85   0.30090000E+04   0.3904461516868E+08   0.5443531810753E+06   0.3958896834976E+08   0.7206281278736E+08   0.5783482391378E+06   0.7264116102650E+08  -0.3301819761868E+08  -0.3399505806249E+05  -0.3305219267674E+08
    86   0.30444000E+04   0.3929418330847E+08   0.5388505071865E+06   0.3983303381565E+08   0.7244452635789E+08   0.5727087141560E+06   0.7301723507205E+08  -0.3315034304942E+08  -0.3385820696943E+05  -0.3318420125639E+08
    87   0.30798000E+04   0.3954224834024E+08   0.5334720047295E+06   0.4007572034497E+08   0.7282305159950E+08   0.5671944490149E+06   0.7339024604852E+08  -0.3328080325926E+08  -0.3372244428537E+05  -0.3331452570354E+08
    88   0.31152000E+04   0.3978884599721E+08   0.5282135389226E+06   0.4031705953614E+08   0.7319845198872E+08   0.5618013039556E+06   0.7376025329268E+08  -0.3340960599151E+08  -0.3358776503294E+05  -0.3344319375654E+08
    89   0.31506000E+04   0.4003397402410E+08   0.5230711533935E+06   0.4055704517749E+08   0.7357075228559E+08   0.5565253171468E+06   0.7412727760274E+08  -0.3353677826149E+08  -0.3345416375333E+05  -0.3357023242525E+08
    90   0.31860000E+04   0.4027761688626E+08   0.5180410605552E+06   0.4079565794681E+08   0.7393996327026E+08   0.5513626951068E+06   0.7449132596537E+08  -0.3366234638401E+08  -0.3332163455157E+05  -0.3369566801856E+08
    91   0.32214000E+04   0.4051985037701E+08   0.5131196326052E+06   0.4103297000961E+08   0.7430618637645E+08   0.5463098037435E+06   0.7485249618020E+08  -0.3378633599945E+08  -0.3319017113827E+05  -0.3381952617058E+08
    92   0.32568000E+04   0.4076064234814E+08   0.5083033931037E+06   0.4126894574125E+08   0.7466941444685E+08   0.5413631599720E+06   0.7521077760682E+08  -0.3390877209871E+08  -0.3305976686827E+05  -0.3394183186557E+08
    93   0.32922000E+04   0.4100002504122E+08   0.5035890090807E+06   0.4150361405030E+08   0.7502970408806E+08   0.5365194238570E+06   0.7556622351191E+08  -0.3402967904684E+08  -0.3293041477628E+05  -0.3406260946162E+08
    94   0.33276000E+04   0.4123803090168E+08   0.4989732836435E+06   0.4173700418532E+08   0.7538711150731E+08   0.5317753912533E+06   0.7591888689857E+08  -0.3414908060563E+08  -0.3280210760980E+05  -0.3418188271324E+08
    95   0.33630000E+04   0.4147465422336E+08   0.4944531490399E+06   0.4196910737240E+08   0.7574165417846E+08   0.5271279868994E+06   0.7626878216536E+08  -0.3426699995510E+08  -0.3267483785948E+05  -0.3429967479296E+08
    96   0.33984000E+04   0.4170988110863E+08   0.4900256601479E+06   0.4219990676878E+08   0.7609334082262E+08   0.5225742579352E+06   0.7661591508056E+08  -0.3438345971399E+08  -0.3254859778723E+05  -0.3441600831178E+08
    97   0.34338000E+04   0.4194378236000E+08   0.4856879883612E+06   0.4242947034836E+08   0.7644226431939E+08   0.5181113678134E+06   0.7696037568720E+08  -0.3449848195939E+08  -0.3242337945219E+05  -0.3453090533884E+08
    98   0.34692000E+04   0.4217632338199E+08   0.4814374158417E+06   0.4265776079783E+08   0.7678841162734E+08   0.5137365905763E+06   0.7730214821791E+08  -0.3461208824535E+08  -0.3229917473458E+05  -0.3464438742009E+08
    99   0.35046000E+04   0.4240755143908E+08   0.4772713301142E+06   0.4288482276920E+08   0.7713185105987E+08   0.5094473054721E+06   0.7764129836534E+08  -0.3472429962079E+08  -0.3217597535789E+05  -0.3475647559614E+08
   100   0.35400000E+04   0.4263744449965E+08   0.4731872189792E+06   0.4311063171863E+08   0.7747258114615E+08   0.5052409918884E+06   0.7797782213804E+08  -0.3483513664650E+08  -0.3205377290925E+05  -0.3486719041940E+08
