#
#
#   Plasma Parameters
#    electron and ion temp [keV]:   0.1000D+01   0.1000D+01
#    number density nb   [cm^-3]:   0.2000D+27   0.1000D+27  0.1000D+27
#    mass array mb         [amu]:   0.5486D-03   0.2015D+01  0.3022D+01
#    mass array mb         [keV]:   0.5110D+03   0.1877D+07  0.2815D+07
#    charge array zb            :  -0.1000D+01   0.1000D+01  0.1000D+01
#
#
#   Projectile Parameters
#    charge      :   0.2000D+01
#    mass   [amu]:   0.4029D+01
#    mass   [keV]:   0.3753D+07
#    energy [keV]:   0.3540D+04
#  ne[cm^-3]    Te[keV]    Ti[keV]        ge       gi          etae         ze/2**1.5
#  0.2000D+27  0.1000D+01  0.1000D+01  0.8663D-01  0.6126D-01  0.1650D+00  0.3702D+00
# ab  =  0.4820D+00  0.1770D+04  0.2655D+04
# etab=  0.3359D+00  0.3359D+00  0.3359D+00
     0   0.17700000E+02   0.3038063564379E+07   0.4827465450900E+08   0.5131271807338E+08   0.5764430749148E+07   0.4830727857190E+08   0.5407170932105E+08  -0.2726367184768E+07  -0.3262406290409E+05  -0.2758991247673E+07
     1   0.35400000E+02   0.4491844189883E+07   0.3040695034836E+08   0.3489884421519E+08   0.8521673639018E+07   0.3044172213231E+08   0.3896339577133E+08  -0.4029829449135E+07  -0.3472210700704E+05  -0.4064551556142E+07
     2   0.70800000E+02   0.6483551805100E+07   0.1861812635062E+08   0.2510171328263E+08   0.1229690003945E+08   0.1865426872655E+08   0.3095116876600E+08  -0.5813348234353E+07  -0.3610724901644E+05  -0.5849455483369E+07
     3   0.10620000E+03   0.7986642810282E+07   0.1393107904463E+08   0.2191775053591E+08   0.1514364638540E+08   0.1396798548698E+08   0.2911163187238E+08  -0.7157003575115E+07  -0.3687776135399E+05  -0.7193881336469E+07
     4   0.14160000E+03   0.9242228347189E+07   0.1134762529286E+08   0.2058987847853E+08   0.1751965912839E+08   0.1138514566808E+08   0.2890480479648E+08  -0.8277430781203E+07  -0.3749553674775E+05  -0.8314926317951E+07
     5   0.17700000E+03   0.1034088715393E+08   0.9689300494125E+07   0.2003020986426E+08   0.1959690559837E+08   0.9727368624892E+07   0.2932427422326E+08  -0.9256018444443E+07  -0.3804591456018E+05  -0.9294064359003E+07
     6   0.21240000E+03   0.1132845487219E+08   0.8525161127571E+07   0.1985363628029E+08   0.2146242079703E+08   0.8563974355491E+07   0.3002639515252E+08  -0.1013396592484E+08  -0.3879294739041E+05  -0.1017275887223E+08
     7   0.24780000E+03   0.1223196108367E+08   0.7658298208257E+07   0.1989027806804E+08   0.2316754305444E+08   0.7698006766773E+07   0.3086554982121E+08  -0.1093558197078E+08  -0.3968978239437E+05  -0.1097527175317E+08
     8   0.28320000E+03   0.1306896974823E+08   0.6985328748273E+07   0.2005431605995E+08   0.2474558747100E+08   0.7025898558395E+07   0.3177148602940E+08  -0.1167661772278E+08  -0.4055224666833E+05  -0.1171716996944E+08
     9   0.31860000E+03   0.1385163321916E+08   0.6446318859530E+07   0.2029796863767E+08   0.2621964207761E+08   0.6487688650431E+07   0.3270733072804E+08  -0.1236800885845E+08  -0.4135323191834E+05  -0.1240936209037E+08
    10   0.35400000E+03   0.1458879576755E+08   0.6004006855173E+07   0.2059281833195E+08   0.2760649741157E+08   0.6046120436134E+07   0.3365261784771E+08  -0.1301770164402E+08  -0.4209787173125E+05  -0.1305979951575E+08
    11   0.38940000E+03   0.1528712489092E+08   0.5633948288580E+07   0.2092108815766E+08   0.2891882379887E+08   0.5676754968243E+07   0.3459557876711E+08  -0.1363169890795E+08  -0.4279170149829E+05  -0.1367449060945E+08
    12   0.42480000E+03   0.1595182134060E+08   0.5319403181518E+07   0.2127123886262E+08   0.3016646643310E+08   0.5362857148108E+07   0.3552932358120E+08  -0.1421464509249E+08  -0.4343962608940E+05  -0.1425808471858E+08
    13   0.46020000E+03   0.1658700624928E+08   0.5048499770934E+07   0.2163551979812E+08   0.3135725917251E+08   0.5092559748168E+07   0.3644981892068E+08  -0.1477025292323E+08  -0.4404619932691E+05  -0.1481429912256E+08
    14   0.49560000E+03   0.1719602201311E+08   0.4812571129118E+07   0.2200860641895E+08   0.3249755929660E+08   0.4857200104274E+07   0.3735475940087E+08  -0.1530153728349E+08  -0.4461569843267E+05  -0.1534615298192E+08
    15   0.53100000E+03   0.1778164893428E+08   0.4605133592910E+07   0.2238679535372E+08   0.3359261197162E+08   0.4650298542069E+07   0.3824291051369E+08  -0.1581096303734E+08  -0.4515212262575E+05  -0.1585611515996E+08
    16   0.56640000E+03   0.1834619333739E+08   0.4421234576227E+07   0.2276744033285E+08   0.3464680655566E+08   0.4466906173812E+07   0.3911371272947E+08  -0.1630061321827E+08  -0.4565917834808E+05  -0.1634627239662E+08
    17   0.60180000E+03   0.1889161596745E+08   0.4257022203696E+07   0.2314865021958E+08   0.3566386154537E+08   0.4303174522599E+07   0.3996703606797E+08  -0.1677224557792E+08  -0.4614027047284E+05  -0.1681838584839E+08
    18   0.63720000E+03   0.1941959621645E+08   0.4109453106428E+07   0.2352906103185E+08   0.3664696105087E+08   0.4156063318609E+07   0.4080302436948E+08  -0.1722736483442E+08  -0.4659850321212E+05  -0.1727396333763E+08
    19   0.67260000E+03   0.1993157139872E+08   0.3976089047635E+07   0.2390767184303E+08   0.3759885745487E+08   0.4023137133688E+07   0.4162199458856E+08  -0.1766728605616E+08  -0.4703668937859E+05  -0.1771432274553E+08
    20   0.70800000E+03   0.2042883697395E+08   0.3854952274224E+07   0.2428380035627E+08   0.3852194997524E+08   0.3902420747820E+07   0.4242437072306E+08  -0.1809311300130E+08  -0.4745736549235E+05  -0.1814057036679E+08
    21   0.74340000E+03   0.2080803446458E+08   0.3744420658325E+07   0.2455246596331E+08   0.3931388921492E+08   0.3792294309114E+07   0.4310618352403E+08  -0.1850585475033E+08  -0.4786281038977E+05  -0.1855371756072E+08
    22   0.77880000E+03   0.2126639275044E+08   0.3643150386901E+07   0.2490955372850E+08   0.4017278309599E+08   0.3691416043575E+07   0.4386419913956E+08  -0.1890639034555E+08  -0.4825506551273E+05  -0.1895464541107E+08
    23   0.81420000E+03   0.2171212446575E+08   0.3550018097725E+07   0.2526215292183E+08   0.4100762584591E+08   0.3598664411673E+07   0.4460629025758E+08  -0.1929550138016E+08  -0.4863595558832E+05  -0.1934413733575E+08
    24   0.84960000E+03   0.2214599506575E+08   0.3464076974698E+07   0.2561008218071E+08   0.4181988169761E+08   0.3513094223808E+07   0.4533297592142E+08  -0.1967388663186E+08  -0.4900710884462E+05  -0.1972289374071E+08
    25   0.88500000E+03   0.2256869165628E+08   0.3384523018082E+07   0.2595322460975E+08   0.4261086563478E+08   0.3433902929707E+07   0.4604476856449E+08  -0.2004217397850E+08  -0.4936997623514E+05  -0.2009154395474E+08
    26   0.92040000E+03   0.2298082306976E+08   0.3310668832576E+07   0.2629150164479E+08   0.4338176403509E+08   0.3360404424403E+07   0.4674216845949E+08  -0.2040094096533E+08  -0.4972584937531E+05  -0.2045066681470E+08
    27   0.95580000E+03   0.2338297176952E+08   0.3241923039311E+07   0.2662490436916E+08   0.4413365176498E+08   0.3292008476698E+07   0.4742566024168E+08  -0.2075067999546E+08  -0.5007587705298E+05  -0.2080075587251E+08
    28   0.99120000E+03   0.2377563727346E+08   0.3177773943421E+07   0.2695342060494E+08   0.4486750648252E+08   0.3228204411761E+07   0.4809571089428E+08  -0.2109186920906E+08  -0.5042108027868E+05  -0.2114229028934E+08
    29   0.10266000E+04   0.2415928500694E+08   0.3117776456622E+07   0.2727707068834E+08   0.4558422063665E+08   0.3168548047308E+07   0.4875276868395E+08  -0.2142493562971E+08  -0.5076236590743E+05  -0.2147569799561E+08
    30   0.10620000E+04   0.2453432954700E+08   0.3061541535158E+07   0.2759588015189E+08   0.4628461167537E+08   0.3112651143790E+07   0.4939726281916E+08  -0.2175028212837E+08  -0.5110053890362E+05  -0.2180138266727E+08
    31   0.10974000E+04   0.2490118519845E+08   0.3008727580319E+07   0.2790992170101E+08   0.4696943067506E+08   0.3060172815904E+07   0.5002960349097E+08  -0.2206824547661E+08  -0.5143631334188E+05  -0.2211968178995E+08
    32   0.11328000E+04   0.2526020109490E+08   0.2959033384802E+07   0.2821924326143E+08   0.4763936977818E+08   0.3010812488776E+07   0.5065018226696E+08  -0.2237916868328E+08  -0.5177032224681E+05  -0.2243093900553E+08
    33   0.11682000E+04   0.2561171026554E+08   0.2912192307156E+07   0.2852391122034E+08   0.4829506857537E+08   0.2964304081180E+07   0.5125937265655E+08  -0.2268335830984E+08  -0.5210312637708E+05  -0.2273546143622E+08
    34   0.12036000E+04   0.2595602116192E+08   0.2867967429969E+07   0.2882399711141E+08   0.4893711963262E+08   0.2920411171551E+07   0.5185753080417E+08  -0.2298109847070E+08  -0.5243522205590E+05  -0.2303353369276E+08
    35   0.12390000E+04   0.2629342017108E+08   0.2826147512131E+07   0.2911957608014E+08   0.4956607327820E+08   0.2878922957214E+07   0.5244499623541E+08  -0.2327265310712E+08  -0.5276704814559E+05  -0.2332542015527E+08
    36   0.12744000E+04   0.2662417382102E+08   0.2786543586567E+07   0.2941072568708E+08   0.5018244179263E+08   0.2839650858315E+07   0.5302209265094E+08  -0.2355826797160E+08  -0.5309899225632E+05  -0.2361136696386E+08
    37   0.13098000E+04   0.2694853070435E+08   0.2748986086109E+07   0.2969752495730E+08   0.5078670307128E+08   0.2802425649221E+07   0.5358912872050E+08  -0.2383817236692E+08  -0.5343139627167E+05  -0.2389160376319E+08
    38   0.13452000E+04   0.2729159914277E+08   0.2713322404070E+07   0.3000492960551E+08   0.5140417981858E+08   0.2767095024001E+07   0.5417127484258E+08  -0.2411258067580E+08  -0.5376456126634E+05  -0.2416634523707E+08
    39   0.13806000E+04   0.2760618040332E+08   0.2679414814628E+07   0.3028560317263E+08   0.5198789505095E+08   0.2733521521189E+07   0.5472141657214E+08  -0.2438171464762E+08  -0.5409875188326E+05  -0.2443581339951E+08
    40   0.14160000E+04   0.2791523516708E+08   0.2647138692555E+07   0.3056238171425E+08   0.5256095624258E+08   0.2701580747402E+07   0.5526253698998E+08  -0.2464572107549E+08  -0.5443420023097E+05  -0.2470015527573E+08
    41   0.14514000E+04   0.2821893732957E+08   0.2616380983189E+07   0.3083532607100E+08   0.5312373512537E+08   0.2671159850780E+07   0.5579489497615E+08  -0.2490479779580E+08  -0.5477110935494E+05  -0.2495956890515E+08
    42   0.14868000E+04   0.2851747014472E+08   0.2587038882541E+07   0.3110451669258E+08   0.5367658172097E+08   0.2642156204192E+07   0.5631873792517E+08  -0.2515911157625E+08  -0.5510965633112E+05  -0.2521422123258E+08
    43   0.15222000E+04   0.2881100646498E+08   0.2559018694621E+07   0.3137003273527E+08   0.5421982613466E+08   0.2614476265308E+07   0.5683430239997E+08  -0.2540881966968E+08  -0.5544999502414E+05  -0.2546426966470E+08
    44   0.15576000E+04   0.2909970957584E+08   0.2532234838814E+07   0.3163195190373E+08   0.5475378014953E+08   0.2588034586444E+07   0.5734181473597E+08  -0.2565407057369E+08  -0.5579225854805E+05  -0.2570986283224E+08
    45   0.15930000E+04   0.2938373395367E+08   0.2506608984798E+07   0.3189035034387E+08   0.5527873866725E+08   0.2562752951664E+07   0.5784149161892E+08  -0.2589500471359E+08  -0.5613656146302E+05  -0.2595114127505E+08
    46   0.16284000E+04   0.2966322594378E+08   0.2482069296257E+07   0.3214530256450E+08   0.5579498100152E+08   0.2538559622461E+07   0.5833354062398E+08  -0.2613175505774E+08  -0.5648300173746E+05  -0.2618823805948E+08
    47   0.16638000E+04   0.2993832437125E+08   0.2458549767738E+07   0.3239688138511E+08   0.5630277204477E+08   0.2515388676367E+07   0.5881816072114E+08  -0.2636444767352E+08  -0.5683166250189E+05  -0.2642127933602E+08
    48   0.16992000E+04   0.3020914666520E+08   0.2435989641514E+07   0.3264514347697E+08   0.5680236332462E+08   0.2493179425381E+07   0.5929554275000E+08  -0.2659321665942E+08  -0.5718261361752E+05  -0.2665039927304E+08
    49   0.17346000E+04   0.3047585650712E+08   0.2414332893382E+07   0.3289019649721E+08   0.5729399395659E+08   0.2471875903169E+07   0.5976586985976E+08  -0.2681813744947E+08  -0.5753591308021E+05  -0.2687567336255E+08
    50   0.17700000E+04   0.3073853988285E+08   0.2393527778051E+07   0.3313207468628E+08   0.5777789151725E+08   0.2451426411710E+07   0.6022931792896E+08  -0.2703935163440E+08  -0.5789160827763E+05  -0.2709724324268E+08
    51   0.18054000E+04   0.3099732008140E+08   0.2373526426197E+07   0.3337085346376E+08   0.5825427282885E+08   0.2431783119477E+07   0.6068605594832E+08  -0.2725695274744E+08  -0.5824973711586E+05  -0.2731520248456E+08
    52   0.18408000E+04   0.3125230563516E+08   0.2354284486427E+07   0.3360659701054E+08   0.5872334467728E+08   0.2412901704410E+07   0.6113624638169E+08  -0.2747103904211E+08  -0.5861032902951E+05  -0.2752964937114E+08
    53   0.18762000E+04   0.3150360018244E+08   0.2335760806414E+07   0.3383936781251E+08   0.5918530446825E+08   0.2394741035956E+07   0.6158004550421E+08  -0.2768170428581E+08  -0.5897340588793E+05  -0.2774067769170E+08
    54   0.19116000E+04   0.3175128754297E+08   0.2317917148259E+07   0.3406921145140E+08   0.5964034082427E+08   0.2377262891244E+07   0.6201760371552E+08  -0.2788905328131E+08  -0.5933898280868E+05  -0.2794839226411E+08
    55   0.19470000E+04   0.3199549281750E+08   0.2300717933859E+07   0.3429621744980E+08   0.6008863413385E+08   0.2360431701186E+07   0.6244906583504E+08  -0.2809314131635E+08  -0.5970706888804E+05  -0.2815284838524E+08
    56   0.19824000E+04   0.3223629158527E+08   0.2284130016639E+07   0.3452042824027E+08   0.6053035704715E+08   0.2344214322858E+07   0.6287457137001E+08  -0.2829406546188E+08  -0.6007766785751E+05  -0.2835414312974E+08
    57   0.20178000E+04   0.3247377073123E+08   0.2268122476495E+07   0.3474189978760E+08   0.6096567493982E+08   0.2328579835042E+07   0.6329425477486E+08  -0.2849190420859E+08  -0.6045077867384E+05  -0.2855235498726E+08
    58   0.20532000E+04   0.3270801353503E+08   0.2252666435242E+07   0.3496068649317E+08   0.6139474632743E+08   0.2313499354195E+07   0.6370824568162E+08  -0.2868673279240E+08  -0.6082639604976E+05  -0.2874755918845E+08
    59   0.20886000E+04   0.3293909986945E+08   0.2237734890181E+07   0.3517684122702E+08   0.6181772325535E+08   0.2298945868500E+07   0.6411666912385E+08  -0.2887862338590E+08  -0.6120451093149E+05  -0.2893982789683E+08
    60   0.21240000E+04   0.3316710637360E+08   0.2223302563751E+07   0.3539041535062E+08   0.6223475164902E+08   0.2284894087946E+07   0.6451964573696E+08  -0.2906764527541E+08  -0.6158511092833E+05  -0.2912923038634E+08
    61   0.21594000E+04   0.3339210660837E+08   0.2209345767463E+07   0.3560145873632E+08   0.6264597163332E+08   0.2271320308644E+07   0.6491729194197E+08  -0.2925386502495E+08  -0.6196818069960E+05  -0.2931583320565E+08
    62   0.21948000E+04   0.3361417123774E+08   0.2195842278560E+07   0.3581001982528E+08   0.6305151786601E+08   0.2258202289842E+07   0.6530972015586E+08  -0.2943734662827E+08  -0.6235370230294E+05  -0.2949970033058E+08
    63   0.22302000E+04   0.3383336810505E+08   0.2182771228001E+07   0.3601614559176E+08   0.6345151975509E+08   0.2245519142217E+07   0.6569703889731E+08  -0.2961815165004E+08  -0.6274165550810E+05  -0.2968089330555E+08
    64   0.22656000E+04   0.3404976239605E+08   0.2170112998599E+07   0.3621988160427E+08   0.6384610175313E+08   0.2233251226297E+07   0.6607935297942E+08  -0.2979633935708E+08  -0.6313201807946E+05  -0.2985947137516E+08
    65   0.23010000E+04   0.3426339023496E+08   0.2157849132230E+07   0.3642124552885E+08   0.6423538357356E+08   0.2221380059928E+07   0.6645676363349E+08  -0.2997199333861E+08  -0.6352476603080E+05  -0.3003551810464E+08
    66   0.23364000E+04   0.3447436462125E+08   0.2145962245191E+07   0.3662033298125E+08   0.6461948040417E+08   0.2209888233855E+07   0.6682936863802E+08  -0.3014511578291E+08  -0.6391987385460E+05  -0.3020903565677E+08
    67   0.23718000E+04   0.3468271699961E+08   0.2134435950866E+07   0.3681715901948E+08   0.6499850310395E+08   0.2198759334600E+07   0.6719726243855E+08  -0.3031578610434E+08  -0.6431731472873E+05  -0.3038010341907E+08
    68   0.24072000E+04   0.3488850285772E+08   0.2123254788987E+07   0.3701176367093E+08   0.6537255837768E+08   0.2187977873904E+07   0.6756053625158E+08  -0.3048405551995E+08  -0.6471706070264E+05  -0.3054877258066E+08
    69   0.24426000E+04   0.3509177546100E+08   0.2112404160818E+07   0.3720418560222E+08   0.6574174894401E+08   0.2177529224085E+07   0.6791927816810E+08  -0.3064997348301E+08  -0.6511908286511E+05  -0.3071509256588E+08
    70   0.24780000E+04   0.3529258590864E+08   0.2101870269717E+07   0.3739446211589E+08   0.6610617367834E+08   0.2167399558743E+07   0.6827357323708E+08  -0.3081358776969E+08  -0.6552335149522E+05  -0.3087911112119E+08
    71   0.25134000E+04   0.3549098319405E+08   0.2091640066526E+07   0.3758262915615E+08   0.6646592775446E+08   0.2157575798294E+07   0.6862350355276E+08  -0.3097494456041E+08  -0.6592983619831E+05  -0.3104087439661E+08
    72   0.25488000E+04   0.3568701424498E+08   0.2081701199371E+07   0.3776872129884E+08   0.6682110276095E+08   0.2148045559884E+07   0.6896914832084E+08  -0.3113408851597E+08  -0.6633850602839E+05  -0.3120042702200E+08
    73   0.25842000E+04   0.3588072396848E+08   0.2072041967429E+07   0.3795277175015E+08   0.6717178681763E+08   0.2138797111274E+07   0.6931058392890E+08  -0.3129106284915E+08  -0.6674932959812E+05  -0.3135781217875E+08
    74   0.26196000E+04   0.3607215528171E+08   0.2062651278322E+07   0.3813481233486E+08   0.6751806467356E+08   0.2129819328328E+07   0.6964788400189E+08  -0.3144590939185E+08  -0.6716227517783E+05  -0.3151307166703E+08
    75   0.26550000E+04   0.3626134913962E+08   0.2053518608801E+07   0.3831487348462E+08   0.6786001779791E+08   0.2121101655785E+07   0.6998111945369E+08  -0.3159866865829E+08  -0.6757731078429E+05  -0.3166624596908E+08
    76   0.26904000E+04   0.3644834455547E+08   0.2044633968422E+07   0.3849298422223E+08   0.6819772445992E+08   0.2112634071020E+07   0.7031035853094E+08  -0.3174937990445E+08  -0.6799440426060E+05  -0.3181737430871E+08
    77   0.27258000E+04   0.3663316077842E+08   0.2035987865964E+07   0.3866915430559E+08   0.6853125979904E+08   0.2104407050526E+07   0.7063566684956E+08  -0.3189809902062E+08  -0.6841352334762E+05  -0.3196651254397E+08
    78   0.27612000E+04   0.3681586856534E+08   0.2027571278338E+07   0.3884344546848E+08   0.6886069588717E+08   0.2096411538893E+07   0.7095710742606E+08  -0.3204482732183E+08  -0.6883463574814E+05  -0.3211366195757E+08
    79   0.27966000E+04   0.3699648342011E+08   0.2019375621779E+07   0.3901586463098E+08   0.6918610178448E+08   0.2088638920056E+07   0.7127474070453E+08  -0.3218961836437E+08  -0.6925770918413E+05  -0.3225887607355E+08
    80   0.28320000E+04   0.3717503668222E+08   0.2011392725136E+07   0.3918643496140E+08   0.6950754358245E+08   0.2081080990636E+07   0.7158862457308E+08  -0.3233250690023E+08  -0.6968271144798E+05  -0.3240218961168E+08
    81   0.28674000E+04   0.3735155776891E+08   0.2003614805069E+07   0.3935517809364E+08   0.6982508444207E+08   0.2073729935179E+07   0.7189881437725E+08  -0.3247352667316E+08  -0.7010961044816E+05  -0.3254363628361E+08
    82   0.29028000E+04   0.3752607416626E+08   0.1996034443014E+07   0.3952211409517E+08   0.7013878462689E+08   0.2066578303165E+07   0.7220536293006E+08  -0.3261271046064E+08  -0.7053837424984E+05  -0.3268324883489E+08
    83   0.29382000E+04   0.3769847318107E+08   0.1988644563752E+07   0.3968712319757E+08   0.7044856329470E+08   0.2059618987617E+07   0.7250818228232E+08  -0.3275009011364E+08  -0.7096897111100E+05  -0.3282105908475E+08
    84   0.29736000E+04   0.3786903389654E+08   0.1981438415481E+07   0.3985047773222E+08   0.7075474900747E+08   0.2052845205195E+07   0.7280759421267E+08  -0.3288571511094E+08  -0.7140136951436E+05  -0.3295711648045E+08
    85   0.30090000E+04   0.3803767902429E+08   0.1974409551241E+07   0.4001209396375E+08   0.7105725762951E+08   0.2046250477659E+07   0.7310350810716E+08  -0.3301957860521E+08  -0.7183553819564E+05  -0.3309141414341E+08
    86   0.30444000E+04   0.3820440967974E+08   0.1967551811610E+07   0.4017196684815E+08   0.7135613800408E+08   0.2039828614581E+07   0.7339596661867E+08  -0.3315172832434E+08  -0.7227144616838E+05  -0.3322399977051E+08
    87   0.30798000E+04   0.3836924336495E+08   0.1960859308560E+07   0.4033010799944E+08   0.7165143613527E+08   0.2033573697233E+07   0.7368500983250E+08  -0.3328219277031E+08  -0.7270906274567E+05  -0.3335490183306E+08
    88   0.31152000E+04   0.3853219549168E+08   0.1954326410393E+07   0.4048652719766E+08   0.7194319517983E+08   0.2027480063533E+07   0.7397067524336E+08  -0.3341099968815E+08  -0.7314835755920E+05  -0.3348414804571E+08
    89   0.31506000E+04   0.3869327934078E+08   0.1947947727667E+07   0.4064123233419E+08   0.7223145543563E+08   0.2021542293989E+07   0.7425299772961E+08  -0.3353817609485E+08  -0.7358930057570E+05  -0.3361176539542E+08
    90   0.31860000E+04   0.3885250601936E+08   0.1941718100042E+07   0.4079422935581E+08   0.7251625432619E+08   0.2015755198563E+07   0.7453200952476E+08  -0.3366374830683E+08  -0.7403186211106E+05  -0.3373778016895E+08
    91   0.32214000E+04   0.3900988440684E+08   0.1935632583978E+07   0.4094552219838E+08   0.7279762637296E+08   0.2010113804380E+07   0.7480774017734E+08  -0.3378774196612E+08  -0.7447601284258E+05  -0.3386221797897E+08
    92   0.32568000E+04   0.3916542113955E+08   0.1929686441227E+07   0.4109511275996E+08   0.7307560320473E+08   0.2004613344226E+07   0.7508021654896E+08  -0.3391018206518E+08  -0.7492172381909E+05  -0.3398510378900E+08
    93   0.32922000E+04   0.3931912050643E+08   0.1923875128050E+07   0.4124300078573E+08   0.7335021347703E+08   0.1999249245779E+07   0.7534946272281E+08  -0.3403109297061E+08  -0.7536896646957E+05  -0.3410646193708E+08
    94   0.33276000E+04   0.3947098443070E+08   0.1918194285120E+07   0.4138918383960E+08   0.7362148287640E+08   0.1994017121516E+07   0.7561549999792E+08  -0.3415049844570E+08  -0.7581771261020E+05  -0.3422631615831E+08
    95   0.33630000E+04   0.3962101240373E+08   0.1912639728053E+07   0.4153365722853E+08   0.7388943407570E+08   0.1988912759250E+07   0.7587834683495E+08  -0.3426842167197E+08  -0.7626793444994E+05  -0.3434468960642E+08
    96   0.33984000E+04   0.3976920143067E+08   0.1907207438527E+07   0.4167641393933E+08   0.7415408670029E+08   0.1983932113254E+07   0.7613801881355E+08  -0.3438488526962E+08  -0.7671960459497E+05  -0.3446160487422E+08
    97   0.34338000E+04   0.3991554597068E+08   0.1901893555948E+07   0.4181744457055E+08   0.7441545728785E+08   0.1979071295930E+07   0.7639452858378E+08  -0.3449991131718E+08  -0.7717269605200E+05  -0.3457708401323E+08
    98   0.34692000E+04   0.4006000631732E+08   0.1896694369621E+07   0.4195670570507E+08   0.7467355924748E+08   0.1974326569981E+07   0.7664788581747E+08  -0.3461355293017E+08  -0.7762718223045E+05  -0.3469118011240E+08
    99   0.35046000E+04   0.4020263467766E+08   0.1891606311398E+07   0.4209424598178E+08   0.7492840282182E+08   0.1969694341063E+07   0.7689809716289E+08  -0.3472576814416E+08  -0.7808303694386E+05  -0.3480385118110E+08
   100   0.35400000E+04   0.4034338607188E+08   0.1886625948762E+07   0.4223001698834E+08   0.7517999504664E+08   0.1965171150867E+07   0.7714516619750E+08  -0.3483660897475E+08  -0.7854023441043E+05  -0.3491514920916E+08
