#
#
#   Plasma Parameters
#    electron and ion temp [keV]:   0.1000D+01   0.1000D+01
#    number density nb   [cm^-3]:   0.2000D+27   0.1000D+27  0.1000D+27
#    mass array mb         [amu]:   0.5486D-03   0.2015D+01  0.3022D+01
#    mass array mb         [keV]:   0.5110D+03   0.1877D+07  0.2815D+07
#    charge array zb            :  -0.1000D+01   0.1000D+01  0.1000D+01
#
#
#   Projectile Parameters
#    charge      :   0.2000D+01
#    mass   [amu]:   0.4029D+01
#    mass   [keV]:   0.3753D+07
#    energy [keV]:   0.3540D+04
#  ne[cm^-3]    Te[keV]    Ti[keV]        ge       gi          etae         ze/2**1.5
#  0.2000D+27  0.1000D+01  0.1000D+01  0.8663D-01  0.6126D-01  0.1650D+00  0.3702D+00
# ab  =  0.4820D+00  0.1770D+04  0.2655D+04
# etab=  0.3359D+00  0.3359D+00  0.3359D+00
#
#          E [MeV]          dedx_e               dedx_I               dedx_tot
#
     0   0.17700000E-01   0.2731285584347E+00   0.3621027632730E+01   0.3894156191165E+01
     1   0.35400000E-01   0.3887639132525E+00   0.2213799773175E+01   0.2602563686427E+01
     2   0.70800000E-01   0.5500997361709E+00   0.1288556166121E+01   0.1838655902292E+01
     3   0.10620000E+00   0.6743509037366E+00   0.9269767150467E+00   0.1601327618783E+01
     4   0.14160000E+00   0.7796833874491E+00   0.7306194506782E+00   0.1510302838127E+01
     5   0.17700000E+00   0.8730092420960E+00   0.6061156762123E+00   0.1479124918308E+01
     6   0.21240000E+00   0.9578572819711E+00   0.5196021234775E+00   0.1477459405449E+01
     7   0.24780000E+00   0.1036317961337E+01   0.4557340544013E+00   0.1492052015738E+01
     8   0.28320000E+00   0.1109753387182E+01   0.4065188995369E+00   0.1516272286719E+01
     9   0.31860000E+00   0.1179106117109E+01   0.3673534593590E+00   0.1546459576468E+01
    10   0.35400000E+00   0.1245062022038E+01   0.3353938325996E+00   0.1580455854637E+01
    11   0.38940000E+00   0.1308137489858E+01   0.3087853689146E+00   0.1616922858772E+01
    12   0.42480000E+00   0.1368734977399E+01   0.2862651019146E+00   0.1655000079314E+01
    13   0.46020000E+00   0.1427172397865E+01   0.2669420216170E+00   0.1694114419482E+01
    14   0.49560000E+00   0.1483706848656E+01   0.2501687849193E+00   0.1733875633576E+01
    15   0.53100000E+00   0.1538552200497E+01   0.2354634167728E+00   0.1774015617270E+01
    16   0.56640000E+00   0.1591884870154E+01   0.2224592526037E+00   0.1814344122758E+01
    17   0.60180000E+00   0.1643854467025E+01   0.2108723377721E+00   0.1854726804797E+01
    18   0.63720000E+00   0.1694588821705E+01   0.2004791170099E+00   0.1895067938715E+01
    19   0.67260000E+00   0.1744196518084E+01   0.1911011921081E+00   0.1935297710192E+01
    20   0.70800000E+00   0.1792776147979E+01   0.1825942846402E+00   0.1975370432619E+01
    21   0.74340000E+00   0.1829964369625E+01   0.1748405194824E+00   0.2004804889108E+01
    22   0.77880000E+00   0.1875459460750E+01   0.1677425521359E+00   0.2043202012886E+01
    23   0.81420000E+00   0.1920060558288E+01   0.1612192588881E+00   0.2081279817176E+01
    24   0.84960000E+00   0.1963824172599E+01   0.1552025090658E+00   0.2119026681665E+01
    25   0.88500000E+00   0.2006800783770E+01   0.1496346029374E+00   0.2156435386707E+01
    26   0.92040000E+00   0.2049034664233E+01   0.1444663835005E+00   0.2193501047733E+01
    27   0.95580000E+00   0.2090568822573E+01   0.1396556511704E+00   0.2230224473744E+01
    28   0.99120000E+00   0.2131439172632E+01   0.1351660465481E+00   0.2266605219180E+01
    29   0.10266000E+01   0.2171679300459E+01   0.1309659634788E+00   0.2302645263938E+01
    30   0.10620000E+01   0.2211318658398E+01   0.1270278952599E+00   0.2338346553658E+01
    31   0.10974000E+01   0.2250387509555E+01   0.1233277067469E+00   0.2373715216302E+01
    32   0.11328000E+01   0.2288910403644E+01   0.1198441749523E+00   0.2408754578596E+01
    33   0.11682000E+01   0.2326910890486E+01   0.1165585782346E+00   0.2443469468720E+01
    34   0.12036000E+01   0.2364403999563E+01   0.1134542407348E+00   0.2477858240298E+01
    35   0.12390000E+01   0.2401414460326E+01   0.1105163989784E+00   0.2511930859304E+01
    36   0.12744000E+01   0.2437962363034E+01   0.1077318106785E+00   0.2545694173712E+01
    37   0.13098000E+01   0.2474065191491E+01   0.1050886329766E+00   0.2579153824467E+01
    38   0.13452000E+01   0.2512226416827E+01   0.1025762297190E+00   0.2614802646546E+01
    39   0.13806000E+01   0.2547719431053E+01   0.1001850043937E+00   0.2647904435447E+01
    40   0.14160000E+01   0.2582833684473E+01   0.9790627427302E-01   0.2680739958746E+01
    41   0.14514000E+01   0.2617580519012E+01   0.9573218587422E-01   0.2713312704886E+01
    42   0.14868000E+01   0.2651972445058E+01   0.9365559601005E-01   0.2745628041068E+01
    43   0.15222000E+01   0.2686021168333E+01   0.9167001491933E-01   0.2777691183252E+01
    44   0.15576000E+01   0.2719737604210E+01   0.8976951997812E-01   0.2809507124188E+01
    45   0.15930000E+01   0.2753132138423E+01   0.8794868821194E-01   0.2841080826635E+01
    46   0.16284000E+01   0.2786214633127E+01   0.8620254057871E-01   0.2872417173706E+01
    47   0.16638000E+01   0.2818994058220E+01   0.8452651337270E-01   0.2903520571592E+01
    48   0.16992000E+01   0.2851478209197E+01   0.8291643482255E-01   0.2934394644019E+01
    49   0.17346000E+01   0.2883678686150E+01   0.8136844355970E-01   0.2965047129710E+01
    50   0.17700000E+01   0.2915600295167E+01   0.7987895429038E-01   0.2995479249458E+01
    51   0.18054000E+01   0.2947251349289E+01   0.7844467864027E-01   0.3025696027930E+01
    52   0.18408000E+01   0.2978638944322E+01   0.7706257023883E-01   0.3055701514561E+01
    53   0.18762000E+01   0.3009769658470E+01   0.7572980392079E-01   0.3085499462391E+01
    54   0.19116000E+01   0.3040648577167E+01   0.7444374349277E-01   0.3115092320660E+01
    55   0.19470000E+01   0.3071284763063E+01   0.7320195887071E-01   0.3144486721933E+01
    56   0.19824000E+01   0.3101682396306E+01   0.7200216798701E-01   0.3173684564293E+01
    57   0.20178000E+01   0.3131847145763E+01   0.7084224500955E-01   0.3202689390772E+01
    58   0.20532000E+01   0.3161784248641E+01   0.6972022745362E-01   0.3231504476094E+01
    59   0.20886000E+01   0.3191498633114E+01   0.6863426343472E-01   0.3260132896549E+01
    60   0.21240000E+01   0.3220995371798E+01   0.6758261492136E-01   0.3288577986720E+01
    61   0.21594000E+01   0.3250279025623E+01   0.6656366517996E-01   0.3316842690803E+01
    62   0.21948000E+01   0.3279353864877E+01   0.6557590489539E-01   0.3344929769773E+01
    63   0.22302000E+01   0.3308224226741E+01   0.6461789271039E-01   0.3372842119452E+01
    64   0.22656000E+01   0.3336894031819E+01   0.6368829812228E-01   0.3400582329941E+01
    65   0.23010000E+01   0.3365364522323E+01   0.6278585956500E-01   0.3428150381888E+01
    66   0.23364000E+01   0.3393644659500E+01   0.6190939050627E-01   0.3455554050006E+01
    67   0.23718000E+01   0.3421735331075E+01   0.6105778544450E-01   0.3482793116519E+01
    68   0.24072000E+01   0.3449639794106E+01   0.6022996984984E-01   0.3509869763956E+01
    69   0.24426000E+01   0.3477361341323E+01   0.5942496324221E-01   0.3536786304565E+01
    70   0.24780000E+01   0.3504902912813E+01   0.5864181990928E-01   0.3563544732722E+01
    71   0.25134000E+01   0.3532267370157E+01   0.5787964906606E-01   0.3590147019223E+01
    72   0.25488000E+01   0.3559457539333E+01   0.5713761493601E-01   0.3616595154269E+01
    73   0.25842000E+01   0.3586475903817E+01   0.5641492501487E-01   0.3642890828832E+01
    74   0.26196000E+01   0.3613324946777E+01   0.5571081887953E-01   0.3669035765657E+01
    75   0.26550000E+01   0.3640006927405E+01   0.5502458157980E-01   0.3695031508985E+01
    76   0.26904000E+01   0.3666524005088E+01   0.5435553177947E-01   0.3720879536867E+01
    77   0.27258000E+01   0.3692876326705E+01   0.5370302733328E-01   0.3746579354039E+01
    78   0.27612000E+01   0.3719069233865E+01   0.5306646079237E-01   0.3772135694658E+01
    79   0.27966000E+01   0.3745102863523E+01   0.5244524115166E-01   0.3797548104675E+01
    80   0.28320000E+01   0.3770978587259E+01   0.5183882075155E-01   0.3822817408011E+01
    81   0.28674000E+01   0.3796697822998E+01   0.5124666284847E-01   0.3847944485847E+01
    82   0.29028000E+01   0.3822261793560E+01   0.5066827873663E-01   0.3872930072297E+01
    83   0.29382000E+01   0.3847657743395E+01   0.5010317199863E-01   0.3897760915393E+01
    84   0.29736000E+01   0.3872912312748E+01   0.4955089892414E-01   0.3922463211672E+01
    85   0.30090000E+01   0.3898016152486E+01   0.4901101070743E-01   0.3947027163194E+01
    86   0.30444000E+01   0.3922968055191E+01   0.4848310739853E-01   0.3971451162590E+01
    87   0.30798000E+01   0.3947768482483E+01   0.4796677489475E-01   0.3995735257378E+01
    88   0.31152000E+01   0.3972417670620E+01   0.4746164042098E-01   0.4019879311041E+01
    89   0.31506000E+01   0.3996915580949E+01   0.4696733778592E-01   0.4043882918735E+01
    90   0.31860000E+01   0.4021262157232E+01   0.4648351782042E-01   0.4067745675052E+01
    91   0.32214000E+01   0.4045457088418E+01   0.4600985239011E-01   0.4091466940808E+01
    92   0.32568000E+01   0.4069499783468E+01   0.4554601411647E-01   0.4115045797584E+01
    93   0.32922000E+01   0.4093389452824E+01   0.4509169813770E-01   0.4138481150962E+01
    94   0.33276000E+01   0.4117125359130E+01   0.4464661634502E-01   0.4161771975475E+01
    95   0.33630000E+01   0.4140706191032E+01   0.4421048572887E-01   0.4184916676761E+01
    96   0.33984000E+01   0.4164130457901E+01   0.4378303721603E-01   0.4207913495117E+01
    97   0.34338000E+01   0.4187396744986E+01   0.4336400969269E-01   0.4230760754678E+01
    98   0.34692000E+01   0.4210499924825E+01   0.4295315007189E-01   0.4253453074897E+01
    99   0.35046000E+01   0.4233444218764E+01   0.4255022344017E-01   0.4275994442204E+01
   100   0.35400000E+01   0.4256224211262E+01   0.4215500448281E-01   0.4298379215745E+01
