plasma: DT alpha xxx
           2
     0.10000000000000E+01     0.10000000000000E+01
     0.20000000000000E+27     0.10000000000000E+27     0.10000000000000E+27
     0.51099890200000E+03     0.18765439960000E+07     0.28148159940000E+07
    -0.10000000000000E+01     0.10000000000000E+01     0.10000000000000E+01
     0.20000000000000E+01     0.37530879920000E+07
     0.35400000000000E+04
     0.10000000000000E-06
subroutine check: param
     0.86634722830976E-01     0.61260000000000E-01     0.61260000000000E-01
     0.86634722830976E-01     0.61260000000000E-01
     0.16496100000000E+00     0.10471800000000E+01
subroutine check: bps_rate_cab_mass, etc.  [C]=[1/cm^3 s]
     0.89536192862478E+00     0.22392794502227E+40
     0.82674302337415E+00    -0.16695321553333E-02
     0.44840459735027E+43     0.20676651571507E+40     0.44819783083455E+43
    -0.64997620995615D+43    -0.33727107470125D+40    -0.64963893888145D+43
     0.44819783083455D+43
     0.12703095016734D+40
     0.79735565547725D+39
subroutine check: dedx_bps [MeV/micron]
     0.42983792157453E+01     0.42155004482810E-01     0.42562242112625E+01
     0.77850873387316E+01     0.45279095000085E-01     0.77398082437315E+01
    -0.34867081229863E+01    -0.31240905172755E-02    -0.34835840324690E+01
subroutine check: bps_acoeff_ei_mass [A]=[keV/cm]
     0.43122782937414E+08     0.46684711621868E+06     0.42655935821195E+08
     0.78001348253480E+08     0.49809177141843E+06     0.77503256482062E+08
    -0.34878565316066E+08    -0.31244655199756E+05    -0.34847320660867E+08
subroutine check: bps_ccoeff_ei_mass [C]=[keV^2-s/cm^2]
     0.34750585184825E-01     0.34577386638409E-01     0.17319854641544E-03
     0.43358739848772E-01     0.39006058663491E-01     0.43526811852807E-02
    -0.86081546639471E-02    -0.44286720250818E-02    -0.41794826388653E-02
subroutine check: bps_bcoeff_ei_mass [B]=[keV^2-s/cm^2]
    -0.17950874652966E+10    -0.11467265472569E+08    -0.17836201998241E+10
    -0.17958905037693E+10    -0.11467984840059E+08    -0.17844225189292E+10
     0.80303847265218E+06     0.71936749020553E+03     0.80231910516197E+06
